Random seed: 0
Calculating features on cpu
Dataset path: datasets/rmd17/aspirin1.extxyz
n_elems: 3
Number of atoms in each molecule: 21
[0.0, 100.0, 85.0, 85.0, 110.0]
[1e+30, 6576.56553154792, 581.3918218700769, 279.8900952945933, 254.22278129301324]
Reading dataset
Shuffling and extracting from dataset
Shuffling and extraction done
All species: [1 6 8]
Spherical expansion: n_max = 7, l_max = 18
DOING TRAIN BATCH 1 out of 10
Calculating composition features
Composition features done
Calculating nu = 2 invariants
Combining center species = 1
Combining center species = 6
Combining center species = 8
Calculating nu = 2 equivariants
Calculating real CGs
CGs finished
Combining center species = 1
Combining center species = 6
Combining center species = 8
Calculating nu = 3 invariants
Combining center species = 1
Combining center species = 6
Combining center species = 8
Calculating nu = 3 equivariants
Calculating real CGs
CGs finished
Combining center species = 1
Combining center species = 6
Combining center species = 8
Calculating nu = 4 invariants
Combining center species = 1
Combining center species = 6
Combining center species = 8
nu = 1: 225
nu = 2: 2493
nu = 3: 11547
nu = 4: 76581
     Calculating structure features for center species 1
     Calculating structure features for center species 6
     Calculating structure features for center species 8
     Calculating structure features for center species 1
     Calculating structure features for center species 6
     Calculating structure features for center species 8
     Calculating structure features for center species 1
     Calculating structure features for center species 6
     Calculating structure features for center species 8
     Calculating structure features for center species 1
     Calculating structure features for center species 6
     Calculating structure features for center species 8
DOING TRAIN BATCH 2 out of 10
Calculating composition features
Composition features done
Calculating nu = 2 invariants
Combining center species = 1
Combining center species = 6
Combining center species = 8
Calculating nu = 2 equivariants
Calculating real CGs
CGs finished
Combining center species = 1
Combining center species = 6
Combining center species = 8
Calculating nu = 3 invariants
Combining center species = 1
Combining center species = 6
Combining center species = 8
Calculating nu = 3 equivariants
Calculating real CGs
CGs finished
Combining center species = 1
Combining center species = 6
Combining center species = 8
Calculating nu = 4 invariants
Combining center species = 1
Combining center species = 6
Combining center species = 8
nu = 1: 225
nu = 2: 2493
nu = 3: 11547
nu = 4: 76581
     Calculating structure features for center species 1
     Calculating structure features for center species 6
     Calculating structure features for center species 8
     Calculating structure features for center species 1
     Calculating structure features for center species 6
     Calculating structure features for center species 8
     Calculating structure features for center species 1
     Calculating structure features for center species 6
     Calculating structure features for center species 8
     Calculating structure features for center species 1
     Calculating structure features for center species 6
     Calculating structure features for center species 8
DOING TRAIN BATCH 3 out of 10
Calculating composition features
Composition features done
Calculating nu = 2 invariants
Combining center species = 1
Combining center species = 6
Combining center species = 8
Calculating nu = 2 equivariants
Calculating real CGs
CGs finished
Combining center species = 1
Combining center species = 6
Combining center species = 8
Calculating nu = 3 invariants
Combining center species = 1
Combining center species = 6
Combining center species = 8
Calculating nu = 3 equivariants
Calculating real CGs
CGs finished
Combining center species = 1
Combining center species = 6
Combining center species = 8
Calculating nu = 4 invariants
Combining center species = 1
Combining center species = 6
Combining center species = 8
nu = 1: 225
nu = 2: 2493
nu = 3: 11547
nu = 4: 76581
     Calculating structure features for center species 1
     Calculating structure features for center species 6
     Calculating structure features for center species 8
     Calculating structure features for center species 1
     Calculating structure features for center species 6
     Calculating structure features for center species 8
     Calculating structure features for center species 1
     Calculating structure features for center species 6
     Calculating structure features for center species 8
     Calculating structure features for center species 1
     Calculating structure features for center species 6
     Calculating structure features for center species 8
DOING TRAIN BATCH 4 out of 10
Calculating composition features
Composition features done
Calculating nu = 2 invariants
Combining center species = 1
Combining center species = 6
Combining center species = 8
Calculating nu = 2 equivariants
Calculating real CGs
CGs finished
Combining center species = 1
Combining center species = 6
Combining center species = 8
Calculating nu = 3 invariants
Combining center species = 1
Combining center species = 6
Combining center species = 8
Calculating nu = 3 equivariants
Calculating real CGs
CGs finished
Combining center species = 1
Combining center species = 6
Combining center species = 8
Calculating nu = 4 invariants
Combining center species = 1
Combining center species = 6
Combining center species = 8
nu = 1: 225
nu = 2: 2493
nu = 3: 11547
nu = 4: 76581
     Calculating structure features for center species 1
     Calculating structure features for center species 6
     Calculating structure features for center species 8
     Calculating structure features for center species 1
     Calculating structure features for center species 6
     Calculating structure features for center species 8
     Calculating structure features for center species 1
     Calculating structure features for center species 6
     Calculating structure features for center species 8
     Calculating structure features for center species 1
     Calculating structure features for center species 6
     Calculating structure features for center species 8
DOING TRAIN BATCH 5 out of 10
Calculating composition features
Composition features done
Calculating nu = 2 invariants
Combining center species = 1
Combining center species = 6
Combining center species = 8
Calculating nu = 2 equivariants
Calculating real CGs
CGs finished
Combining center species = 1
Combining center species = 6
Combining center species = 8
Calculating nu = 3 invariants
Combining center species = 1
Combining center species = 6
Combining center species = 8
Calculating nu = 3 equivariants
Calculating real CGs
CGs finished
Combining center species = 1
Combining center species = 6
Combining center species = 8
Calculating nu = 4 invariants
Combining center species = 1
Combining center species = 6
Combining center species = 8
nu = 1: 225
nu = 2: 2493
nu = 3: 11547
nu = 4: 76581
     Calculating structure features for center species 1
     Calculating structure features for center species 6
     Calculating structure features for center species 8
     Calculating structure features for center species 1
     Calculating structure features for center species 6
     Calculating structure features for center species 8
     Calculating structure features for center species 1
     Calculating structure features for center species 6
     Calculating structure features for center species 8
     Calculating structure features for center species 1
     Calculating structure features for center species 6
     Calculating structure features for center species 8
DOING TRAIN BATCH 6 out of 10
Calculating composition features
Composition features done
Calculating nu = 2 invariants
Combining center species = 1
Combining center species = 6
Combining center species = 8
Calculating nu = 2 equivariants
Calculating real CGs
CGs finished
Combining center species = 1
Combining center species = 6
Combining center species = 8
Calculating nu = 3 invariants
Combining center species = 1
Combining center species = 6
Combining center species = 8
Calculating nu = 3 equivariants
Calculating real CGs
CGs finished
Combining center species = 1
Combining center species = 6
Combining center species = 8
Calculating nu = 4 invariants
Combining center species = 1
Combining center species = 6
Combining center species = 8
nu = 1: 225
nu = 2: 2493
nu = 3: 11547
nu = 4: 76581
     Calculating structure features for center species 1
     Calculating structure features for center species 6
     Calculating structure features for center species 8
     Calculating structure features for center species 1
     Calculating structure features for center species 6
     Calculating structure features for center species 8
     Calculating structure features for center species 1
     Calculating structure features for center species 6
     Calculating structure features for center species 8
     Calculating structure features for center species 1
     Calculating structure features for center species 6
     Calculating structure features for center species 8
DOING TRAIN BATCH 7 out of 10
Calculating composition features
Composition features done
Calculating nu = 2 invariants
Combining center species = 1
Combining center species = 6
Combining center species = 8
Calculating nu = 2 equivariants
Calculating real CGs
CGs finished
Combining center species = 1
Combining center species = 6
Combining center species = 8
Calculating nu = 3 invariants
Combining center species = 1
Combining center species = 6
Combining center species = 8
Calculating nu = 3 equivariants
Calculating real CGs
CGs finished
Combining center species = 1
Combining center species = 6
Combining center species = 8
Calculating nu = 4 invariants
Combining center species = 1
Combining center species = 6
Combining center species = 8
nu = 1: 225
nu = 2: 2493
nu = 3: 11547
nu = 4: 76581
     Calculating structure features for center species 1
     Calculating structure features for center species 6
     Calculating structure features for center species 8
     Calculating structure features for center species 1
     Calculating structure features for center species 6
     Calculating structure features for center species 8
     Calculating structure features for center species 1
     Calculating structure features for center species 6
     Calculating structure features for center species 8
     Calculating structure features for center species 1
     Calculating structure features for center species 6
     Calculating structure features for center species 8
DOING TRAIN BATCH 8 out of 10
Calculating composition features
Composition features done
Calculating nu = 2 invariants
Combining center species = 1
Combining center species = 6
Combining center species = 8
Calculating nu = 2 equivariants
Calculating real CGs
CGs finished
Combining center species = 1
Combining center species = 6
Combining center species = 8
Calculating nu = 3 invariants
Combining center species = 1
Combining center species = 6
Combining center species = 8
Calculating nu = 3 equivariants
Calculating real CGs
CGs finished
Combining center species = 1
Combining center species = 6
Combining center species = 8
Calculating nu = 4 invariants
Combining center species = 1
Combining center species = 6
Combining center species = 8
nu = 1: 225
nu = 2: 2493
nu = 3: 11547
nu = 4: 76581
     Calculating structure features for center species 1
     Calculating structure features for center species 6
     Calculating structure features for center species 8
     Calculating structure features for center species 1
     Calculating structure features for center species 6
     Calculating structure features for center species 8
     Calculating structure features for center species 1
     Calculating structure features for center species 6
     Calculating structure features for center species 8
     Calculating structure features for center species 1
     Calculating structure features for center species 6
     Calculating structure features for center species 8
DOING TRAIN BATCH 9 out of 10
Calculating composition features
Composition features done
Calculating nu = 2 invariants
Combining center species = 1
Combining center species = 6
Combining center species = 8
Calculating nu = 2 equivariants
Calculating real CGs
CGs finished
Combining center species = 1
Combining center species = 6
Combining center species = 8
Calculating nu = 3 invariants
Combining center species = 1
Combining center species = 6
Combining center species = 8
Calculating nu = 3 equivariants
Calculating real CGs
CGs finished
Combining center species = 1
Combining center species = 6
Combining center species = 8
Calculating nu = 4 invariants
Combining center species = 1
Combining center species = 6
Combining center species = 8
nu = 1: 225
nu = 2: 2493
nu = 3: 11547
nu = 4: 76581
     Calculating structure features for center species 1
     Calculating structure features for center species 6
     Calculating structure features for center species 8
     Calculating structure features for center species 1
     Calculating structure features for center species 6
     Calculating structure features for center species 8
     Calculating structure features for center species 1
     Calculating structure features for center species 6
     Calculating structure features for center species 8
     Calculating structure features for center species 1
     Calculating structure features for center species 6
     Calculating structure features for center species 8
DOING TRAIN BATCH 10 out of 10
Calculating composition features
Composition features done
Calculating nu = 2 invariants
Combining center species = 1
Combining center species = 6
Combining center species = 8
Calculating nu = 2 equivariants
Calculating real CGs
CGs finished
Combining center species = 1
Combining center species = 6
Combining center species = 8
Calculating nu = 3 invariants
Combining center species = 1
Combining center species = 6
Combining center species = 8
Calculating nu = 3 equivariants
Calculating real CGs
CGs finished
Combining center species = 1
Combining center species = 6
Combining center species = 8
Calculating nu = 4 invariants
Combining center species = 1
Combining center species = 6
Combining center species = 8
nu = 1: 225
nu = 2: 2493
nu = 3: 11547
nu = 4: 76581
     Calculating structure features for center species 1
     Calculating structure features for center species 6
     Calculating structure features for center species 8
     Calculating structure features for center species 1
     Calculating structure features for center species 6
     Calculating structure features for center species 8
     Calculating structure features for center species 1
     Calculating structure features for center species 6
     Calculating structure features for center species 8
     Calculating structure features for center species 1
     Calculating structure features for center species 6
     Calculating structure features for center species 8
DOING TEST BATCH 1 out of 50
Calculating composition features
Composition features done
Calculating nu = 2 invariants
Combining center species = 1
Combining center species = 6
Combining center species = 8
Calculating nu = 2 equivariants
Calculating real CGs
CGs finished
Combining center species = 1
Combining center species = 6
Combining center species = 8
Calculating nu = 3 invariants
Combining center species = 1
Combining center species = 6
Combining center species = 8
Calculating nu = 3 equivariants
Calculating real CGs
CGs finished
Combining center species = 1
Combining center species = 6
Combining center species = 8
Calculating nu = 4 invariants
Combining center species = 1
Combining center species = 6
Combining center species = 8
nu = 1: 225
nu = 2: 2493
nu = 3: 11547
nu = 4: 76581
     Calculating structure features for center species 1
     Calculating structure features for center species 6
     Calculating structure features for center species 8
     Calculating structure features for center species 1
     Calculating structure features for center species 6
     Calculating structure features for center species 8
     Calculating structure features for center species 1
     Calculating structure features for center species 6
     Calculating structure features for center species 8
     Calculating structure features for center species 1
     Calculating structure features for center species 6
     Calculating structure features for center species 8
DOING TEST BATCH 2 out of 50
Calculating composition features
Composition features done
Calculating nu = 2 invariants
Combining center species = 1
Combining center species = 6
Combining center species = 8
Calculating nu = 2 equivariants
Calculating real CGs
CGs finished
Combining center species = 1
Combining center species = 6
Combining center species = 8
Calculating nu = 3 invariants
Combining center species = 1
Combining center species = 6
Combining center species = 8
Calculating nu = 3 equivariants
Calculating real CGs
CGs finished
Combining center species = 1
Combining center species = 6
Combining center species = 8
Calculating nu = 4 invariants
Combining center species = 1
Combining center species = 6
Combining center species = 8
nu = 1: 225
nu = 2: 2493
nu = 3: 11547
nu = 4: 76581
     Calculating structure features for center species 1
     Calculating structure features for center species 6
     Calculating structure features for center species 8
     Calculating structure features for center species 1
     Calculating structure features for center species 6
     Calculating structure features for center species 8
     Calculating structure features for center species 1
     Calculating structure features for center species 6
     Calculating structure features for center species 8
     Calculating structure features for center species 1
     Calculating structure features for center species 6
     Calculating structure features for center species 8
DOING TEST BATCH 3 out of 50
Calculating composition features
Composition features done
Calculating nu = 2 invariants
Combining center species = 1
Combining center species = 6
Combining center species = 8
Calculating nu = 2 equivariants
Calculating real CGs
CGs finished
Combining center species = 1
Combining center species = 6
Combining center species = 8
Calculating nu = 3 invariants
Combining center species = 1
Combining center species = 6
Combining center species = 8
Calculating nu = 3 equivariants
Calculating real CGs
CGs finished
Combining center species = 1
Combining center species = 6
Combining center species = 8
Calculating nu = 4 invariants
Combining center species = 1
Combining center species = 6
Combining center species = 8
nu = 1: 225
nu = 2: 2493
nu = 3: 11547
nu = 4: 76581
     Calculating structure features for center species 1
     Calculating structure features for center species 6
     Calculating structure features for center species 8
     Calculating structure features for center species 1
     Calculating structure features for center species 6
     Calculating structure features for center species 8
     Calculating structure features for center species 1
     Calculating structure features for center species 6
     Calculating structure features for center species 8
     Calculating structure features for center species 1
     Calculating structure features for center species 6
     Calculating structure features for center species 8
DOING TEST BATCH 4 out of 50
Calculating composition features
Composition features done
Calculating nu = 2 invariants
Combining center species = 1
Combining center species = 6
Combining center species = 8
Calculating nu = 2 equivariants
Calculating real CGs
CGs finished
Combining center species = 1
Combining center species = 6
Combining center species = 8
Calculating nu = 3 invariants
Combining center species = 1
Combining center species = 6
Combining center species = 8
Calculating nu = 3 equivariants
Calculating real CGs
CGs finished
Combining center species = 1
Combining center species = 6
Combining center species = 8
Calculating nu = 4 invariants
Combining center species = 1
Combining center species = 6
Combining center species = 8
nu = 1: 225
nu = 2: 2493
nu = 3: 11547
nu = 4: 76581
     Calculating structure features for center species 1
     Calculating structure features for center species 6
     Calculating structure features for center species 8
     Calculating structure features for center species 1
     Calculating structure features for center species 6
     Calculating structure features for center species 8
     Calculating structure features for center species 1
     Calculating structure features for center species 6
     Calculating structure features for center species 8
     Calculating structure features for center species 1
     Calculating structure features for center species 6
     Calculating structure features for center species 8
DOING TEST BATCH 5 out of 50
Calculating composition features
Composition features done
Calculating nu = 2 invariants
Combining center species = 1
Combining center species = 6
Combining center species = 8
Calculating nu = 2 equivariants
Calculating real CGs
CGs finished
Combining center species = 1
Combining center species = 6
Combining center species = 8
Calculating nu = 3 invariants
Combining center species = 1
Combining center species = 6
Combining center species = 8
Calculating nu = 3 equivariants
Calculating real CGs
CGs finished
Combining center species = 1
Combining center species = 6
Combining center species = 8
Calculating nu = 4 invariants
Combining center species = 1
Combining center species = 6
Combining center species = 8
nu = 1: 225
nu = 2: 2493
nu = 3: 11547
nu = 4: 76581
     Calculating structure features for center species 1
     Calculating structure features for center species 6
     Calculating structure features for center species 8
     Calculating structure features for center species 1
     Calculating structure features for center species 6
     Calculating structure features for center species 8
     Calculating structure features for center species 1
     Calculating structure features for center species 6
     Calculating structure features for center species 8
     Calculating structure features for center species 1
     Calculating structure features for center species 6
     Calculating structure features for center species 8
DOING TEST BATCH 6 out of 50
Calculating composition features
Composition features done
Calculating nu = 2 invariants
Combining center species = 1
Combining center species = 6
Combining center species = 8
Calculating nu = 2 equivariants
Calculating real CGs
CGs finished
Combining center species = 1
Combining center species = 6
Combining center species = 8
Calculating nu = 3 invariants
Combining center species = 1
Combining center species = 6
Combining center species = 8
Calculating nu = 3 equivariants
Calculating real CGs
CGs finished
Combining center species = 1
Combining center species = 6
Combining center species = 8
Calculating nu = 4 invariants
Combining center species = 1
Combining center species = 6
Combining center species = 8
nu = 1: 225
nu = 2: 2493
nu = 3: 11547
nu = 4: 76581
     Calculating structure features for center species 1
     Calculating structure features for center species 6
     Calculating structure features for center species 8
     Calculating structure features for center species 1
     Calculating structure features for center species 6
     Calculating structure features for center species 8
     Calculating structure features for center species 1
     Calculating structure features for center species 6
     Calculating structure features for center species 8
     Calculating structure features for center species 1
     Calculating structure features for center species 6
     Calculating structure features for center species 8
DOING TEST BATCH 7 out of 50
Calculating composition features
Composition features done
Calculating nu = 2 invariants
Combining center species = 1
Combining center species = 6
Combining center species = 8
Calculating nu = 2 equivariants
Calculating real CGs
CGs finished
Combining center species = 1
Combining center species = 6
Combining center species = 8
Calculating nu = 3 invariants
Combining center species = 1
Combining center species = 6
Combining center species = 8
Calculating nu = 3 equivariants
Calculating real CGs
CGs finished
Combining center species = 1
Combining center species = 6
Combining center species = 8
Calculating nu = 4 invariants
Combining center species = 1
Combining center species = 6
Combining center species = 8
nu = 1: 225
nu = 2: 2493
nu = 3: 11547
nu = 4: 76581
     Calculating structure features for center species 1
     Calculating structure features for center species 6
     Calculating structure features for center species 8
     Calculating structure features for center species 1
     Calculating structure features for center species 6
     Calculating structure features for center species 8
     Calculating structure features for center species 1
     Calculating structure features for center species 6
     Calculating structure features for center species 8
     Calculating structure features for center species 1
     Calculating structure features for center species 6
     Calculating structure features for center species 8
DOING TEST BATCH 8 out of 50
Calculating composition features
Composition features done
Calculating nu = 2 invariants
Combining center species = 1
Combining center species = 6
Combining center species = 8
Calculating nu = 2 equivariants
Calculating real CGs
CGs finished
Combining center species = 1
Combining center species = 6
Combining center species = 8
Calculating nu = 3 invariants
Combining center species = 1
Combining center species = 6
Combining center species = 8
Calculating nu = 3 equivariants
Calculating real CGs
CGs finished
Combining center species = 1
Combining center species = 6
Combining center species = 8
Calculating nu = 4 invariants
Combining center species = 1
Combining center species = 6
Combining center species = 8
nu = 1: 225
nu = 2: 2493
nu = 3: 11547
nu = 4: 76581
     Calculating structure features for center species 1
     Calculating structure features for center species 6
     Calculating structure features for center species 8
     Calculating structure features for center species 1
     Calculating structure features for center species 6
     Calculating structure features for center species 8
     Calculating structure features for center species 1
     Calculating structure features for center species 6
     Calculating structure features for center species 8
     Calculating structure features for center species 1
     Calculating structure features for center species 6
     Calculating structure features for center species 8
DOING TEST BATCH 9 out of 50
Calculating composition features
Composition features done
Calculating nu = 2 invariants
Combining center species = 1
Combining center species = 6
Combining center species = 8
Calculating nu = 2 equivariants
Calculating real CGs
CGs finished
Combining center species = 1
Combining center species = 6
Combining center species = 8
Calculating nu = 3 invariants
Combining center species = 1
Combining center species = 6
Combining center species = 8
Calculating nu = 3 equivariants
Calculating real CGs
CGs finished
Combining center species = 1
Combining center species = 6
Combining center species = 8
Calculating nu = 4 invariants
Combining center species = 1
Combining center species = 6
Combining center species = 8
nu = 1: 225
nu = 2: 2493
nu = 3: 11547
nu = 4: 76581
     Calculating structure features for center species 1
     Calculating structure features for center species 6
     Calculating structure features for center species 8
     Calculating structure features for center species 1
     Calculating structure features for center species 6
     Calculating structure features for center species 8
     Calculating structure features for center species 1
     Calculating structure features for center species 6
     Calculating structure features for center species 8
     Calculating structure features for center species 1
     Calculating structure features for center species 6
     Calculating structure features for center species 8
DOING TEST BATCH 10 out of 50
Calculating composition features
Composition features done
Calculating nu = 2 invariants
Combining center species = 1
Combining center species = 6
Combining center species = 8
Calculating nu = 2 equivariants
Calculating real CGs
CGs finished
Combining center species = 1
Combining center species = 6
Combining center species = 8
Calculating nu = 3 invariants
Combining center species = 1
Combining center species = 6
Combining center species = 8
Calculating nu = 3 equivariants
Calculating real CGs
CGs finished
Combining center species = 1
Combining center species = 6
Combining center species = 8
Calculating nu = 4 invariants
Combining center species = 1
Combining center species = 6
Combining center species = 8
nu = 1: 225
nu = 2: 2493
nu = 3: 11547
nu = 4: 76581
     Calculating structure features for center species 1
     Calculating structure features for center species 6
     Calculating structure features for center species 8
     Calculating structure features for center species 1
     Calculating structure features for center species 6
     Calculating structure features for center species 8
     Calculating structure features for center species 1
     Calculating structure features for center species 6
     Calculating structure features for center species 8
     Calculating structure features for center species 1
     Calculating structure features for center species 6
     Calculating structure features for center species 8
DOING TEST BATCH 11 out of 50
Calculating composition features
Composition features done
Calculating nu = 2 invariants
Combining center species = 1
Combining center species = 6
Combining center species = 8
Calculating nu = 2 equivariants
Calculating real CGs
CGs finished
Combining center species = 1
Combining center species = 6
Combining center species = 8
Calculating nu = 3 invariants
Combining center species = 1
Combining center species = 6
Combining center species = 8
Calculating nu = 3 equivariants
Calculating real CGs
CGs finished
Combining center species = 1
Combining center species = 6
Combining center species = 8
Calculating nu = 4 invariants
Combining center species = 1
Combining center species = 6
Combining center species = 8
nu = 1: 225
nu = 2: 2493
nu = 3: 11547
nu = 4: 76581
     Calculating structure features for center species 1
     Calculating structure features for center species 6
     Calculating structure features for center species 8
     Calculating structure features for center species 1
     Calculating structure features for center species 6
     Calculating structure features for center species 8
     Calculating structure features for center species 1
     Calculating structure features for center species 6
     Calculating structure features for center species 8
     Calculating structure features for center species 1
     Calculating structure features for center species 6
     Calculating structure features for center species 8
DOING TEST BATCH 12 out of 50
Calculating composition features
Composition features done
Calculating nu = 2 invariants
Combining center species = 1
Combining center species = 6
Combining center species = 8
Calculating nu = 2 equivariants
Calculating real CGs
CGs finished
Combining center species = 1
Combining center species = 6
Combining center species = 8
Calculating nu = 3 invariants
Combining center species = 1
Combining center species = 6
Combining center species = 8
Calculating nu = 3 equivariants
Calculating real CGs
CGs finished
Combining center species = 1
Combining center species = 6
Combining center species = 8
Calculating nu = 4 invariants
Combining center species = 1
Combining center species = 6
Combining center species = 8
nu = 1: 225
nu = 2: 2493
nu = 3: 11547
nu = 4: 76581
     Calculating structure features for center species 1
     Calculating structure features for center species 6
     Calculating structure features for center species 8
     Calculating structure features for center species 1
     Calculating structure features for center species 6
     Calculating structure features for center species 8
     Calculating structure features for center species 1
     Calculating structure features for center species 6
     Calculating structure features for center species 8
     Calculating structure features for center species 1
     Calculating structure features for center species 6
     Calculating structure features for center species 8
DOING TEST BATCH 13 out of 50
Calculating composition features
Composition features done
Calculating nu = 2 invariants
Combining center species = 1
Combining center species = 6
Combining center species = 8
Calculating nu = 2 equivariants
Calculating real CGs
CGs finished
Combining center species = 1
Combining center species = 6
Combining center species = 8
Calculating nu = 3 invariants
Combining center species = 1
Combining center species = 6
Combining center species = 8
Calculating nu = 3 equivariants
Calculating real CGs
CGs finished
Combining center species = 1
Combining center species = 6
Combining center species = 8
Calculating nu = 4 invariants
Combining center species = 1
Combining center species = 6
Combining center species = 8
nu = 1: 225
nu = 2: 2493
nu = 3: 11547
nu = 4: 76581
     Calculating structure features for center species 1
     Calculating structure features for center species 6
     Calculating structure features for center species 8
     Calculating structure features for center species 1
     Calculating structure features for center species 6
     Calculating structure features for center species 8
     Calculating structure features for center species 1
     Calculating structure features for center species 6
     Calculating structure features for center species 8
     Calculating structure features for center species 1
     Calculating structure features for center species 6
     Calculating structure features for center species 8
DOING TEST BATCH 14 out of 50
Calculating composition features
Composition features done
Calculating nu = 2 invariants
Combining center species = 1
Combining center species = 6
Combining center species = 8
Calculating nu = 2 equivariants
Calculating real CGs
CGs finished
Combining center species = 1
Combining center species = 6
Combining center species = 8
Calculating nu = 3 invariants
Combining center species = 1
Combining center species = 6
Combining center species = 8
Calculating nu = 3 equivariants
Calculating real CGs
CGs finished
Combining center species = 1
Combining center species = 6
Combining center species = 8
Calculating nu = 4 invariants
Combining center species = 1
Combining center species = 6
Combining center species = 8
nu = 1: 225
nu = 2: 2493
nu = 3: 11547
nu = 4: 76581
     Calculating structure features for center species 1
     Calculating structure features for center species 6
     Calculating structure features for center species 8
     Calculating structure features for center species 1
     Calculating structure features for center species 6
     Calculating structure features for center species 8
     Calculating structure features for center species 1
     Calculating structure features for center species 6
     Calculating structure features for center species 8
     Calculating structure features for center species 1
     Calculating structure features for center species 6
     Calculating structure features for center species 8
DOING TEST BATCH 15 out of 50
Calculating composition features
Composition features done
Calculating nu = 2 invariants
Combining center species = 1
Combining center species = 6
Combining center species = 8
Calculating nu = 2 equivariants
Calculating real CGs
CGs finished
Combining center species = 1
Combining center species = 6
Combining center species = 8
Calculating nu = 3 invariants
Combining center species = 1
Combining center species = 6
Combining center species = 8
Calculating nu = 3 equivariants
Calculating real CGs
CGs finished
Combining center species = 1
Combining center species = 6
Combining center species = 8
Calculating nu = 4 invariants
Combining center species = 1
Combining center species = 6
Combining center species = 8
nu = 1: 225
nu = 2: 2493
nu = 3: 11547
nu = 4: 76581
     Calculating structure features for center species 1
     Calculating structure features for center species 6
     Calculating structure features for center species 8
     Calculating structure features for center species 1
     Calculating structure features for center species 6
     Calculating structure features for center species 8
     Calculating structure features for center species 1
     Calculating structure features for center species 6
     Calculating structure features for center species 8
     Calculating structure features for center species 1
     Calculating structure features for center species 6
     Calculating structure features for center species 8
DOING TEST BATCH 16 out of 50
Calculating composition features
Composition features done
Calculating nu = 2 invariants
Combining center species = 1
Combining center species = 6
Combining center species = 8
Calculating nu = 2 equivariants
Calculating real CGs
CGs finished
Combining center species = 1
Combining center species = 6
Combining center species = 8
Calculating nu = 3 invariants
Combining center species = 1
Combining center species = 6
Combining center species = 8
Calculating nu = 3 equivariants
Calculating real CGs
CGs finished
Combining center species = 1
Combining center species = 6
Combining center species = 8
Calculating nu = 4 invariants
Combining center species = 1
Combining center species = 6
Combining center species = 8
nu = 1: 225
nu = 2: 2493
nu = 3: 11547
nu = 4: 76581
     Calculating structure features for center species 1
     Calculating structure features for center species 6
     Calculating structure features for center species 8
     Calculating structure features for center species 1
     Calculating structure features for center species 6
     Calculating structure features for center species 8
     Calculating structure features for center species 1
     Calculating structure features for center species 6
     Calculating structure features for center species 8
     Calculating structure features for center species 1
     Calculating structure features for center species 6
     Calculating structure features for center species 8
DOING TEST BATCH 17 out of 50
Calculating composition features
Composition features done
Calculating nu = 2 invariants
Combining center species = 1
Combining center species = 6
Combining center species = 8
Calculating nu = 2 equivariants
Calculating real CGs
CGs finished
Combining center species = 1
Combining center species = 6
Combining center species = 8
Calculating nu = 3 invariants
Combining center species = 1
Combining center species = 6
Combining center species = 8
Calculating nu = 3 equivariants
Calculating real CGs
CGs finished
Combining center species = 1
Combining center species = 6
Combining center species = 8
Calculating nu = 4 invariants
Combining center species = 1
Combining center species = 6
Combining center species = 8
nu = 1: 225
nu = 2: 2493
nu = 3: 11547
nu = 4: 76581
     Calculating structure features for center species 1
     Calculating structure features for center species 6
     Calculating structure features for center species 8
     Calculating structure features for center species 1
     Calculating structure features for center species 6
     Calculating structure features for center species 8
     Calculating structure features for center species 1
     Calculating structure features for center species 6
     Calculating structure features for center species 8
     Calculating structure features for center species 1
     Calculating structure features for center species 6
     Calculating structure features for center species 8
DOING TEST BATCH 18 out of 50
Calculating composition features
Composition features done
Calculating nu = 2 invariants
Combining center species = 1
Combining center species = 6
Combining center species = 8
Calculating nu = 2 equivariants
Calculating real CGs
CGs finished
Combining center species = 1
Combining center species = 6
Combining center species = 8
Calculating nu = 3 invariants
Combining center species = 1
Combining center species = 6
Combining center species = 8
Calculating nu = 3 equivariants
Calculating real CGs
CGs finished
Combining center species = 1
Combining center species = 6
Combining center species = 8
Calculating nu = 4 invariants
Combining center species = 1
Combining center species = 6
Combining center species = 8
nu = 1: 225
nu = 2: 2493
nu = 3: 11547
nu = 4: 76581
     Calculating structure features for center species 1
     Calculating structure features for center species 6
     Calculating structure features for center species 8
     Calculating structure features for center species 1
     Calculating structure features for center species 6
     Calculating structure features for center species 8
     Calculating structure features for center species 1
     Calculating structure features for center species 6
     Calculating structure features for center species 8
     Calculating structure features for center species 1
     Calculating structure features for center species 6
     Calculating structure features for center species 8
DOING TEST BATCH 19 out of 50
Calculating composition features
Composition features done
Calculating nu = 2 invariants
Combining center species = 1
Combining center species = 6
Combining center species = 8
Calculating nu = 2 equivariants
Calculating real CGs
CGs finished
Combining center species = 1
Combining center species = 6
Combining center species = 8
Calculating nu = 3 invariants
Combining center species = 1
Combining center species = 6
Combining center species = 8
Calculating nu = 3 equivariants
Calculating real CGs
CGs finished
Combining center species = 1
Combining center species = 6
Combining center species = 8
Calculating nu = 4 invariants
Combining center species = 1
Combining center species = 6
Combining center species = 8
nu = 1: 225
nu = 2: 2493
nu = 3: 11547
nu = 4: 76581
     Calculating structure features for center species 1
     Calculating structure features for center species 6
     Calculating structure features for center species 8
     Calculating structure features for center species 1
     Calculating structure features for center species 6
     Calculating structure features for center species 8
     Calculating structure features for center species 1
     Calculating structure features for center species 6
     Calculating structure features for center species 8
     Calculating structure features for center species 1
     Calculating structure features for center species 6
     Calculating structure features for center species 8
DOING TEST BATCH 20 out of 50
Calculating composition features
Composition features done
Calculating nu = 2 invariants
Combining center species = 1
Combining center species = 6
Combining center species = 8
Calculating nu = 2 equivariants
Calculating real CGs
CGs finished
Combining center species = 1
Combining center species = 6
Combining center species = 8
Calculating nu = 3 invariants
Combining center species = 1
Combining center species = 6
Combining center species = 8
Calculating nu = 3 equivariants
Calculating real CGs
CGs finished
Combining center species = 1
Combining center species = 6
Combining center species = 8
Calculating nu = 4 invariants
Combining center species = 1
Combining center species = 6
Combining center species = 8
nu = 1: 225
nu = 2: 2493
nu = 3: 11547
nu = 4: 76581
     Calculating structure features for center species 1
     Calculating structure features for center species 6
     Calculating structure features for center species 8
     Calculating structure features for center species 1
     Calculating structure features for center species 6
     Calculating structure features for center species 8
     Calculating structure features for center species 1
     Calculating structure features for center species 6
     Calculating structure features for center species 8
     Calculating structure features for center species 1
     Calculating structure features for center species 6
     Calculating structure features for center species 8
DOING TEST BATCH 21 out of 50
Calculating composition features
Composition features done
Calculating nu = 2 invariants
Combining center species = 1
Combining center species = 6
Combining center species = 8
Calculating nu = 2 equivariants
Calculating real CGs
CGs finished
Combining center species = 1
Combining center species = 6
Combining center species = 8
Calculating nu = 3 invariants
Combining center species = 1
Combining center species = 6
Combining center species = 8
Calculating nu = 3 equivariants
Calculating real CGs
CGs finished
Combining center species = 1
Combining center species = 6
Combining center species = 8
Calculating nu = 4 invariants
Combining center species = 1
Combining center species = 6
Combining center species = 8
nu = 1: 225
nu = 2: 2493
nu = 3: 11547
nu = 4: 76581
     Calculating structure features for center species 1
     Calculating structure features for center species 6
     Calculating structure features for center species 8
     Calculating structure features for center species 1
     Calculating structure features for center species 6
     Calculating structure features for center species 8
     Calculating structure features for center species 1
     Calculating structure features for center species 6
     Calculating structure features for center species 8
     Calculating structure features for center species 1
     Calculating structure features for center species 6
     Calculating structure features for center species 8
DOING TEST BATCH 22 out of 50
Calculating composition features
Composition features done
Calculating nu = 2 invariants
Combining center species = 1
Combining center species = 6
Combining center species = 8
Calculating nu = 2 equivariants
Calculating real CGs
CGs finished
Combining center species = 1
Combining center species = 6
Combining center species = 8
Calculating nu = 3 invariants
Combining center species = 1
Combining center species = 6
Combining center species = 8
Calculating nu = 3 equivariants
Calculating real CGs
CGs finished
Combining center species = 1
Combining center species = 6
Combining center species = 8
Calculating nu = 4 invariants
Combining center species = 1
Combining center species = 6
Combining center species = 8
nu = 1: 225
nu = 2: 2493
nu = 3: 11547
nu = 4: 76581
     Calculating structure features for center species 1
     Calculating structure features for center species 6
     Calculating structure features for center species 8
     Calculating structure features for center species 1
     Calculating structure features for center species 6
     Calculating structure features for center species 8
     Calculating structure features for center species 1
     Calculating structure features for center species 6
     Calculating structure features for center species 8
     Calculating structure features for center species 1
     Calculating structure features for center species 6
     Calculating structure features for center species 8
DOING TEST BATCH 23 out of 50
Calculating composition features
Composition features done
Calculating nu = 2 invariants
Combining center species = 1
Combining center species = 6
Combining center species = 8
Calculating nu = 2 equivariants
Calculating real CGs
CGs finished
Combining center species = 1
Combining center species = 6
Combining center species = 8
Calculating nu = 3 invariants
Combining center species = 1
Combining center species = 6
Combining center species = 8
Calculating nu = 3 equivariants
Calculating real CGs
CGs finished
Combining center species = 1
Combining center species = 6
Combining center species = 8
Calculating nu = 4 invariants
Combining center species = 1
Combining center species = 6
Combining center species = 8
nu = 1: 225
nu = 2: 2493
nu = 3: 11547
nu = 4: 76581
     Calculating structure features for center species 1
     Calculating structure features for center species 6
     Calculating structure features for center species 8
     Calculating structure features for center species 1
     Calculating structure features for center species 6
     Calculating structure features for center species 8
     Calculating structure features for center species 1
     Calculating structure features for center species 6
     Calculating structure features for center species 8
     Calculating structure features for center species 1
     Calculating structure features for center species 6
     Calculating structure features for center species 8
DOING TEST BATCH 24 out of 50
Calculating composition features
Composition features done
Calculating nu = 2 invariants
Combining center species = 1
Combining center species = 6
Combining center species = 8
Calculating nu = 2 equivariants
Calculating real CGs
CGs finished
Combining center species = 1
Combining center species = 6
Combining center species = 8
Calculating nu = 3 invariants
Combining center species = 1
Combining center species = 6
Combining center species = 8
Calculating nu = 3 equivariants
Calculating real CGs
CGs finished
Combining center species = 1
Combining center species = 6
Combining center species = 8
Calculating nu = 4 invariants
Combining center species = 1
Combining center species = 6
Combining center species = 8
nu = 1: 225
nu = 2: 2493
nu = 3: 11547
nu = 4: 76581
     Calculating structure features for center species 1
     Calculating structure features for center species 6
     Calculating structure features for center species 8
     Calculating structure features for center species 1
     Calculating structure features for center species 6
     Calculating structure features for center species 8
     Calculating structure features for center species 1
     Calculating structure features for center species 6
     Calculating structure features for center species 8
     Calculating structure features for center species 1
     Calculating structure features for center species 6
     Calculating structure features for center species 8
DOING TEST BATCH 25 out of 50
Calculating composition features
Composition features done
Calculating nu = 2 invariants
Combining center species = 1
Combining center species = 6
Combining center species = 8
Calculating nu = 2 equivariants
Calculating real CGs
CGs finished
Combining center species = 1
Combining center species = 6
Combining center species = 8
Calculating nu = 3 invariants
Combining center species = 1
Combining center species = 6
Combining center species = 8
Calculating nu = 3 equivariants
Calculating real CGs
CGs finished
Combining center species = 1
Combining center species = 6
Combining center species = 8
Calculating nu = 4 invariants
Combining center species = 1
Combining center species = 6
Combining center species = 8
nu = 1: 225
nu = 2: 2493
nu = 3: 11547
nu = 4: 76581
     Calculating structure features for center species 1
     Calculating structure features for center species 6
     Calculating structure features for center species 8
     Calculating structure features for center species 1
     Calculating structure features for center species 6
     Calculating structure features for center species 8
     Calculating structure features for center species 1
     Calculating structure features for center species 6
     Calculating structure features for center species 8
     Calculating structure features for center species 1
     Calculating structure features for center species 6
     Calculating structure features for center species 8
DOING TEST BATCH 26 out of 50
Calculating composition features
Composition features done
Calculating nu = 2 invariants
Combining center species = 1
Combining center species = 6
Combining center species = 8
Calculating nu = 2 equivariants
Calculating real CGs
CGs finished
Combining center species = 1
Combining center species = 6
Combining center species = 8
Calculating nu = 3 invariants
Combining center species = 1
Combining center species = 6
Combining center species = 8
Calculating nu = 3 equivariants
Calculating real CGs
CGs finished
Combining center species = 1
Combining center species = 6
Combining center species = 8
Calculating nu = 4 invariants
Combining center species = 1
Combining center species = 6
Combining center species = 8
nu = 1: 225
nu = 2: 2493
nu = 3: 11547
nu = 4: 76581
     Calculating structure features for center species 1
     Calculating structure features for center species 6
     Calculating structure features for center species 8
     Calculating structure features for center species 1
     Calculating structure features for center species 6
     Calculating structure features for center species 8
     Calculating structure features for center species 1
     Calculating structure features for center species 6
     Calculating structure features for center species 8
     Calculating structure features for center species 1
     Calculating structure features for center species 6
     Calculating structure features for center species 8
DOING TEST BATCH 27 out of 50
Calculating composition features
Composition features done
Calculating nu = 2 invariants
Combining center species = 1
Combining center species = 6
Combining center species = 8
Calculating nu = 2 equivariants
Calculating real CGs
CGs finished
Combining center species = 1
Combining center species = 6
Combining center species = 8
Calculating nu = 3 invariants
Combining center species = 1
Combining center species = 6
Combining center species = 8
Calculating nu = 3 equivariants
Calculating real CGs
CGs finished
Combining center species = 1
Combining center species = 6
Combining center species = 8
Calculating nu = 4 invariants
Combining center species = 1
Combining center species = 6
Combining center species = 8
nu = 1: 225
nu = 2: 2493
nu = 3: 11547
nu = 4: 76581
     Calculating structure features for center species 1
     Calculating structure features for center species 6
     Calculating structure features for center species 8
     Calculating structure features for center species 1
     Calculating structure features for center species 6
     Calculating structure features for center species 8
     Calculating structure features for center species 1
     Calculating structure features for center species 6
     Calculating structure features for center species 8
     Calculating structure features for center species 1
     Calculating structure features for center species 6
     Calculating structure features for center species 8
DOING TEST BATCH 28 out of 50
Calculating composition features
Composition features done
Calculating nu = 2 invariants
Combining center species = 1
Combining center species = 6
Combining center species = 8
Calculating nu = 2 equivariants
Calculating real CGs
CGs finished
Combining center species = 1
Combining center species = 6
Combining center species = 8
Calculating nu = 3 invariants
Combining center species = 1
Combining center species = 6
Combining center species = 8
Calculating nu = 3 equivariants
Calculating real CGs
CGs finished
Combining center species = 1
Combining center species = 6
Combining center species = 8
Calculating nu = 4 invariants
Combining center species = 1
Combining center species = 6
Combining center species = 8
nu = 1: 225
nu = 2: 2493
nu = 3: 11547
nu = 4: 76581
     Calculating structure features for center species 1
     Calculating structure features for center species 6
     Calculating structure features for center species 8
     Calculating structure features for center species 1
     Calculating structure features for center species 6
     Calculating structure features for center species 8
     Calculating structure features for center species 1
     Calculating structure features for center species 6
     Calculating structure features for center species 8
     Calculating structure features for center species 1
     Calculating structure features for center species 6
     Calculating structure features for center species 8
DOING TEST BATCH 29 out of 50
Calculating composition features
Composition features done
Calculating nu = 2 invariants
Combining center species = 1
Combining center species = 6
Combining center species = 8
Calculating nu = 2 equivariants
Calculating real CGs
CGs finished
Combining center species = 1
Combining center species = 6
Combining center species = 8
Calculating nu = 3 invariants
Combining center species = 1
Combining center species = 6
Combining center species = 8
Calculating nu = 3 equivariants
Calculating real CGs
CGs finished
Combining center species = 1
Combining center species = 6
Combining center species = 8
Calculating nu = 4 invariants
Combining center species = 1
Combining center species = 6
Combining center species = 8
nu = 1: 225
nu = 2: 2493
nu = 3: 11547
nu = 4: 76581
     Calculating structure features for center species 1
     Calculating structure features for center species 6
     Calculating structure features for center species 8
     Calculating structure features for center species 1
     Calculating structure features for center species 6
     Calculating structure features for center species 8
     Calculating structure features for center species 1
     Calculating structure features for center species 6
     Calculating structure features for center species 8
     Calculating structure features for center species 1
     Calculating structure features for center species 6
     Calculating structure features for center species 8
DOING TEST BATCH 30 out of 50
Calculating composition features
Composition features done
Calculating nu = 2 invariants
Combining center species = 1
Combining center species = 6
Combining center species = 8
Calculating nu = 2 equivariants
Calculating real CGs
CGs finished
Combining center species = 1
Combining center species = 6
Combining center species = 8
Calculating nu = 3 invariants
Combining center species = 1
Combining center species = 6
Combining center species = 8
Calculating nu = 3 equivariants
Calculating real CGs
CGs finished
Combining center species = 1
Combining center species = 6
Combining center species = 8
Calculating nu = 4 invariants
Combining center species = 1
Combining center species = 6
Combining center species = 8
nu = 1: 225
nu = 2: 2493
nu = 3: 11547
nu = 4: 76581
     Calculating structure features for center species 1
     Calculating structure features for center species 6
     Calculating structure features for center species 8
     Calculating structure features for center species 1
     Calculating structure features for center species 6
     Calculating structure features for center species 8
     Calculating structure features for center species 1
     Calculating structure features for center species 6
     Calculating structure features for center species 8
     Calculating structure features for center species 1
     Calculating structure features for center species 6
     Calculating structure features for center species 8
DOING TEST BATCH 31 out of 50
Calculating composition features
Composition features done
Calculating nu = 2 invariants
Combining center species = 1
Combining center species = 6
Combining center species = 8
Calculating nu = 2 equivariants
Calculating real CGs
CGs finished
Combining center species = 1
Combining center species = 6
Combining center species = 8
Calculating nu = 3 invariants
Combining center species = 1
Combining center species = 6
Combining center species = 8
Calculating nu = 3 equivariants
Calculating real CGs
CGs finished
Combining center species = 1
Combining center species = 6
Combining center species = 8
Calculating nu = 4 invariants
Combining center species = 1
Combining center species = 6
Combining center species = 8
nu = 1: 225
nu = 2: 2493
nu = 3: 11547
nu = 4: 76581
     Calculating structure features for center species 1
     Calculating structure features for center species 6
     Calculating structure features for center species 8
     Calculating structure features for center species 1
     Calculating structure features for center species 6
     Calculating structure features for center species 8
     Calculating structure features for center species 1
     Calculating structure features for center species 6
     Calculating structure features for center species 8
     Calculating structure features for center species 1
     Calculating structure features for center species 6
     Calculating structure features for center species 8
DOING TEST BATCH 32 out of 50
Calculating composition features
Composition features done
Calculating nu = 2 invariants
Combining center species = 1
Combining center species = 6
Combining center species = 8
Calculating nu = 2 equivariants
Calculating real CGs
CGs finished
Combining center species = 1
Combining center species = 6
Combining center species = 8
Calculating nu = 3 invariants
Combining center species = 1
Combining center species = 6
Combining center species = 8
Calculating nu = 3 equivariants
Calculating real CGs
CGs finished
Combining center species = 1
Combining center species = 6
Combining center species = 8
Calculating nu = 4 invariants
Combining center species = 1
Combining center species = 6
Combining center species = 8
nu = 1: 225
nu = 2: 2493
nu = 3: 11547
nu = 4: 76581
     Calculating structure features for center species 1
     Calculating structure features for center species 6
     Calculating structure features for center species 8
     Calculating structure features for center species 1
     Calculating structure features for center species 6
     Calculating structure features for center species 8
     Calculating structure features for center species 1
     Calculating structure features for center species 6
     Calculating structure features for center species 8
     Calculating structure features for center species 1
     Calculating structure features for center species 6
     Calculating structure features for center species 8
DOING TEST BATCH 33 out of 50
Calculating composition features
Composition features done
Calculating nu = 2 invariants
Combining center species = 1
Combining center species = 6
Combining center species = 8
Calculating nu = 2 equivariants
Calculating real CGs
CGs finished
Combining center species = 1
Combining center species = 6
Combining center species = 8
Calculating nu = 3 invariants
Combining center species = 1
Combining center species = 6
Combining center species = 8
Calculating nu = 3 equivariants
Calculating real CGs
CGs finished
Combining center species = 1
Combining center species = 6
Combining center species = 8
Calculating nu = 4 invariants
Combining center species = 1
Combining center species = 6
Combining center species = 8
nu = 1: 225
nu = 2: 2493
nu = 3: 11547
nu = 4: 76581
     Calculating structure features for center species 1
     Calculating structure features for center species 6
     Calculating structure features for center species 8
     Calculating structure features for center species 1
     Calculating structure features for center species 6
     Calculating structure features for center species 8
     Calculating structure features for center species 1
     Calculating structure features for center species 6
     Calculating structure features for center species 8
     Calculating structure features for center species 1
     Calculating structure features for center species 6
     Calculating structure features for center species 8
DOING TEST BATCH 34 out of 50
Calculating composition features
Composition features done
Calculating nu = 2 invariants
Combining center species = 1
Combining center species = 6
Combining center species = 8
Calculating nu = 2 equivariants
Calculating real CGs
CGs finished
Combining center species = 1
Combining center species = 6
Combining center species = 8
Calculating nu = 3 invariants
Combining center species = 1
Combining center species = 6
Combining center species = 8
Calculating nu = 3 equivariants
Calculating real CGs
CGs finished
Combining center species = 1
Combining center species = 6
Combining center species = 8
Calculating nu = 4 invariants
Combining center species = 1
Combining center species = 6
Combining center species = 8
nu = 1: 225
nu = 2: 2493
nu = 3: 11547
nu = 4: 76581
     Calculating structure features for center species 1
     Calculating structure features for center species 6
     Calculating structure features for center species 8
     Calculating structure features for center species 1
     Calculating structure features for center species 6
     Calculating structure features for center species 8
     Calculating structure features for center species 1
     Calculating structure features for center species 6
     Calculating structure features for center species 8
     Calculating structure features for center species 1
     Calculating structure features for center species 6
     Calculating structure features for center species 8
DOING TEST BATCH 35 out of 50
Calculating composition features
Composition features done
Calculating nu = 2 invariants
Combining center species = 1
Combining center species = 6
Combining center species = 8
Calculating nu = 2 equivariants
Calculating real CGs
CGs finished
Combining center species = 1
Combining center species = 6
Combining center species = 8
Calculating nu = 3 invariants
Combining center species = 1
Combining center species = 6
Combining center species = 8
Calculating nu = 3 equivariants
Calculating real CGs
CGs finished
Combining center species = 1
Combining center species = 6
Combining center species = 8
Calculating nu = 4 invariants
Combining center species = 1
Combining center species = 6
Combining center species = 8
nu = 1: 225
nu = 2: 2493
nu = 3: 11547
nu = 4: 76581
     Calculating structure features for center species 1
     Calculating structure features for center species 6
     Calculating structure features for center species 8
     Calculating structure features for center species 1
     Calculating structure features for center species 6
     Calculating structure features for center species 8
     Calculating structure features for center species 1
     Calculating structure features for center species 6
     Calculating structure features for center species 8
     Calculating structure features for center species 1
     Calculating structure features for center species 6
     Calculating structure features for center species 8
DOING TEST BATCH 36 out of 50
Calculating composition features
Composition features done
Calculating nu = 2 invariants
Combining center species = 1
Combining center species = 6
Combining center species = 8
Calculating nu = 2 equivariants
Calculating real CGs
CGs finished
Combining center species = 1
Combining center species = 6
Combining center species = 8
Calculating nu = 3 invariants
Combining center species = 1
Combining center species = 6
Combining center species = 8
Calculating nu = 3 equivariants
Calculating real CGs
CGs finished
Combining center species = 1
Combining center species = 6
Combining center species = 8
Calculating nu = 4 invariants
Combining center species = 1
Combining center species = 6
Combining center species = 8
nu = 1: 225
nu = 2: 2493
nu = 3: 11547
nu = 4: 76581
     Calculating structure features for center species 1
     Calculating structure features for center species 6
     Calculating structure features for center species 8
     Calculating structure features for center species 1
     Calculating structure features for center species 6
     Calculating structure features for center species 8
     Calculating structure features for center species 1
     Calculating structure features for center species 6
     Calculating structure features for center species 8
     Calculating structure features for center species 1
     Calculating structure features for center species 6
     Calculating structure features for center species 8
DOING TEST BATCH 37 out of 50
Calculating composition features
Composition features done
Calculating nu = 2 invariants
Combining center species = 1
Combining center species = 6
Combining center species = 8
Calculating nu = 2 equivariants
Calculating real CGs
CGs finished
Combining center species = 1
Combining center species = 6
Combining center species = 8
Calculating nu = 3 invariants
Combining center species = 1
Combining center species = 6
Combining center species = 8
Calculating nu = 3 equivariants
Calculating real CGs
CGs finished
Combining center species = 1
Combining center species = 6
Combining center species = 8
Calculating nu = 4 invariants
Combining center species = 1
Combining center species = 6
Combining center species = 8
nu = 1: 225
nu = 2: 2493
nu = 3: 11547
nu = 4: 76581
     Calculating structure features for center species 1
     Calculating structure features for center species 6
     Calculating structure features for center species 8
     Calculating structure features for center species 1
     Calculating structure features for center species 6
     Calculating structure features for center species 8
     Calculating structure features for center species 1
     Calculating structure features for center species 6
     Calculating structure features for center species 8
     Calculating structure features for center species 1
     Calculating structure features for center species 6
     Calculating structure features for center species 8
DOING TEST BATCH 38 out of 50
Calculating composition features
Composition features done
Calculating nu = 2 invariants
Combining center species = 1
Combining center species = 6
Combining center species = 8
Calculating nu = 2 equivariants
Calculating real CGs
CGs finished
Combining center species = 1
Combining center species = 6
Combining center species = 8
Calculating nu = 3 invariants
Combining center species = 1
Combining center species = 6
Combining center species = 8
Calculating nu = 3 equivariants
Calculating real CGs
CGs finished
Combining center species = 1
Combining center species = 6
Combining center species = 8
Calculating nu = 4 invariants
Combining center species = 1
Combining center species = 6
Combining center species = 8
nu = 1: 225
nu = 2: 2493
nu = 3: 11547
nu = 4: 76581
     Calculating structure features for center species 1
     Calculating structure features for center species 6
     Calculating structure features for center species 8
     Calculating structure features for center species 1
     Calculating structure features for center species 6
     Calculating structure features for center species 8
     Calculating structure features for center species 1
     Calculating structure features for center species 6
     Calculating structure features for center species 8
     Calculating structure features for center species 1
     Calculating structure features for center species 6
     Calculating structure features for center species 8
DOING TEST BATCH 39 out of 50
Calculating composition features
Composition features done
Calculating nu = 2 invariants
Combining center species = 1
Combining center species = 6
Combining center species = 8
Calculating nu = 2 equivariants
Calculating real CGs
CGs finished
Combining center species = 1
Combining center species = 6
Combining center species = 8
Calculating nu = 3 invariants
Combining center species = 1
Combining center species = 6
Combining center species = 8
Calculating nu = 3 equivariants
Calculating real CGs
CGs finished
Combining center species = 1
Combining center species = 6
Combining center species = 8
Calculating nu = 4 invariants
Combining center species = 1
Combining center species = 6
Combining center species = 8
nu = 1: 225
nu = 2: 2493
nu = 3: 11547
nu = 4: 76581
     Calculating structure features for center species 1
     Calculating structure features for center species 6
     Calculating structure features for center species 8
     Calculating structure features for center species 1
     Calculating structure features for center species 6
     Calculating structure features for center species 8
     Calculating structure features for center species 1
     Calculating structure features for center species 6
     Calculating structure features for center species 8
     Calculating structure features for center species 1
     Calculating structure features for center species 6
     Calculating structure features for center species 8
DOING TEST BATCH 40 out of 50
Calculating composition features
Composition features done
Calculating nu = 2 invariants
Combining center species = 1
Combining center species = 6
Combining center species = 8
Calculating nu = 2 equivariants
Calculating real CGs
CGs finished
Combining center species = 1
Combining center species = 6
Combining center species = 8
Calculating nu = 3 invariants
Combining center species = 1
Combining center species = 6
Combining center species = 8
Calculating nu = 3 equivariants
Calculating real CGs
CGs finished
Combining center species = 1
Combining center species = 6
Combining center species = 8
Calculating nu = 4 invariants
Combining center species = 1
Combining center species = 6
Combining center species = 8
nu = 1: 225
nu = 2: 2493
nu = 3: 11547
nu = 4: 76581
     Calculating structure features for center species 1
     Calculating structure features for center species 6
     Calculating structure features for center species 8
     Calculating structure features for center species 1
     Calculating structure features for center species 6
     Calculating structure features for center species 8
     Calculating structure features for center species 1
     Calculating structure features for center species 6
     Calculating structure features for center species 8
     Calculating structure features for center species 1
     Calculating structure features for center species 6
     Calculating structure features for center species 8
DOING TEST BATCH 41 out of 50
Calculating composition features
Composition features done
Calculating nu = 2 invariants
Combining center species = 1
Combining center species = 6
Combining center species = 8
Calculating nu = 2 equivariants
Calculating real CGs
CGs finished
Combining center species = 1
Combining center species = 6
Combining center species = 8
Calculating nu = 3 invariants
Combining center species = 1
Combining center species = 6
Combining center species = 8
Calculating nu = 3 equivariants
Calculating real CGs
CGs finished
Combining center species = 1
Combining center species = 6
Combining center species = 8
Calculating nu = 4 invariants
Combining center species = 1
Combining center species = 6
Combining center species = 8
nu = 1: 225
nu = 2: 2493
nu = 3: 11547
nu = 4: 76581
     Calculating structure features for center species 1
     Calculating structure features for center species 6
     Calculating structure features for center species 8
     Calculating structure features for center species 1
     Calculating structure features for center species 6
     Calculating structure features for center species 8
     Calculating structure features for center species 1
     Calculating structure features for center species 6
     Calculating structure features for center species 8
     Calculating structure features for center species 1
     Calculating structure features for center species 6
     Calculating structure features for center species 8
DOING TEST BATCH 42 out of 50
Calculating composition features
Composition features done
Calculating nu = 2 invariants
Combining center species = 1
Combining center species = 6
Combining center species = 8
Calculating nu = 2 equivariants
Calculating real CGs
CGs finished
Combining center species = 1
Combining center species = 6
Combining center species = 8
Calculating nu = 3 invariants
Combining center species = 1
Combining center species = 6
Combining center species = 8
Calculating nu = 3 equivariants
Calculating real CGs
CGs finished
Combining center species = 1
Combining center species = 6
Combining center species = 8
Calculating nu = 4 invariants
Combining center species = 1
Combining center species = 6
Combining center species = 8
nu = 1: 225
nu = 2: 2493
nu = 3: 11547
nu = 4: 76581
     Calculating structure features for center species 1
     Calculating structure features for center species 6
     Calculating structure features for center species 8
     Calculating structure features for center species 1
     Calculating structure features for center species 6
     Calculating structure features for center species 8
     Calculating structure features for center species 1
     Calculating structure features for center species 6
     Calculating structure features for center species 8
     Calculating structure features for center species 1
     Calculating structure features for center species 6
     Calculating structure features for center species 8
DOING TEST BATCH 43 out of 50
Calculating composition features
Composition features done
Calculating nu = 2 invariants
Combining center species = 1
Combining center species = 6
Combining center species = 8
Calculating nu = 2 equivariants
Calculating real CGs
CGs finished
Combining center species = 1
Combining center species = 6
Combining center species = 8
Calculating nu = 3 invariants
Combining center species = 1
Combining center species = 6
Combining center species = 8
Calculating nu = 3 equivariants
Calculating real CGs
CGs finished
Combining center species = 1
Combining center species = 6
Combining center species = 8
Calculating nu = 4 invariants
Combining center species = 1
Combining center species = 6
Combining center species = 8
nu = 1: 225
nu = 2: 2493
nu = 3: 11547
nu = 4: 76581
     Calculating structure features for center species 1
     Calculating structure features for center species 6
     Calculating structure features for center species 8
     Calculating structure features for center species 1
     Calculating structure features for center species 6
     Calculating structure features for center species 8
     Calculating structure features for center species 1
     Calculating structure features for center species 6
     Calculating structure features for center species 8
     Calculating structure features for center species 1
     Calculating structure features for center species 6
     Calculating structure features for center species 8
DOING TEST BATCH 44 out of 50
Calculating composition features
Composition features done
Calculating nu = 2 invariants
Combining center species = 1
Combining center species = 6
Combining center species = 8
Calculating nu = 2 equivariants
Calculating real CGs
CGs finished
Combining center species = 1
Combining center species = 6
Combining center species = 8
Calculating nu = 3 invariants
Combining center species = 1
Combining center species = 6
Combining center species = 8
Calculating nu = 3 equivariants
Calculating real CGs
CGs finished
Combining center species = 1
Combining center species = 6
Combining center species = 8
Calculating nu = 4 invariants
Combining center species = 1
Combining center species = 6
Combining center species = 8
nu = 1: 225
nu = 2: 2493
nu = 3: 11547
nu = 4: 76581
     Calculating structure features for center species 1
     Calculating structure features for center species 6
     Calculating structure features for center species 8
     Calculating structure features for center species 1
     Calculating structure features for center species 6
     Calculating structure features for center species 8
     Calculating structure features for center species 1
     Calculating structure features for center species 6
     Calculating structure features for center species 8
     Calculating structure features for center species 1
     Calculating structure features for center species 6
     Calculating structure features for center species 8
DOING TEST BATCH 45 out of 50
Calculating composition features
Composition features done
Calculating nu = 2 invariants
Combining center species = 1
Combining center species = 6
Combining center species = 8
Calculating nu = 2 equivariants
Calculating real CGs
CGs finished
Combining center species = 1
Combining center species = 6
Combining center species = 8
Calculating nu = 3 invariants
Combining center species = 1
Combining center species = 6
Combining center species = 8
Calculating nu = 3 equivariants
Calculating real CGs
CGs finished
Combining center species = 1
Combining center species = 6
Combining center species = 8
Calculating nu = 4 invariants
Combining center species = 1
Combining center species = 6
Combining center species = 8
nu = 1: 225
nu = 2: 2493
nu = 3: 11547
nu = 4: 76581
     Calculating structure features for center species 1
     Calculating structure features for center species 6
     Calculating structure features for center species 8
     Calculating structure features for center species 1
     Calculating structure features for center species 6
     Calculating structure features for center species 8
     Calculating structure features for center species 1
     Calculating structure features for center species 6
     Calculating structure features for center species 8
     Calculating structure features for center species 1
     Calculating structure features for center species 6
     Calculating structure features for center species 8
DOING TEST BATCH 46 out of 50
Calculating composition features
Composition features done
Calculating nu = 2 invariants
Combining center species = 1
Combining center species = 6
Combining center species = 8
Calculating nu = 2 equivariants
Calculating real CGs
CGs finished
Combining center species = 1
Combining center species = 6
Combining center species = 8
Calculating nu = 3 invariants
Combining center species = 1
Combining center species = 6
Combining center species = 8
Calculating nu = 3 equivariants
Calculating real CGs
CGs finished
Combining center species = 1
Combining center species = 6
Combining center species = 8
Calculating nu = 4 invariants
Combining center species = 1
Combining center species = 6
Combining center species = 8
nu = 1: 225
nu = 2: 2493
nu = 3: 11547
nu = 4: 76581
     Calculating structure features for center species 1
     Calculating structure features for center species 6
     Calculating structure features for center species 8
     Calculating structure features for center species 1
     Calculating structure features for center species 6
     Calculating structure features for center species 8
     Calculating structure features for center species 1
     Calculating structure features for center species 6
     Calculating structure features for center species 8
     Calculating structure features for center species 1
     Calculating structure features for center species 6
     Calculating structure features for center species 8
DOING TEST BATCH 47 out of 50
Calculating composition features
Composition features done
Calculating nu = 2 invariants
Combining center species = 1
Combining center species = 6
Combining center species = 8
Calculating nu = 2 equivariants
Calculating real CGs
CGs finished
Combining center species = 1
Combining center species = 6
Combining center species = 8
Calculating nu = 3 invariants
Combining center species = 1
Combining center species = 6
Combining center species = 8
Calculating nu = 3 equivariants
Calculating real CGs
CGs finished
Combining center species = 1
Combining center species = 6
Combining center species = 8
Calculating nu = 4 invariants
Combining center species = 1
Combining center species = 6
Combining center species = 8
nu = 1: 225
nu = 2: 2493
nu = 3: 11547
nu = 4: 76581
     Calculating structure features for center species 1
     Calculating structure features for center species 6
     Calculating structure features for center species 8
     Calculating structure features for center species 1
     Calculating structure features for center species 6
     Calculating structure features for center species 8
     Calculating structure features for center species 1
     Calculating structure features for center species 6
     Calculating structure features for center species 8
     Calculating structure features for center species 1
     Calculating structure features for center species 6
     Calculating structure features for center species 8
DOING TEST BATCH 48 out of 50
Calculating composition features
Composition features done
Calculating nu = 2 invariants
Combining center species = 1
Combining center species = 6
Combining center species = 8
Calculating nu = 2 equivariants
Calculating real CGs
CGs finished
Combining center species = 1
Combining center species = 6
Combining center species = 8
Calculating nu = 3 invariants
Combining center species = 1
Combining center species = 6
Combining center species = 8
Calculating nu = 3 equivariants
Calculating real CGs
CGs finished
Combining center species = 1
Combining center species = 6
Combining center species = 8
Calculating nu = 4 invariants
Combining center species = 1
Combining center species = 6
Combining center species = 8
nu = 1: 225
nu = 2: 2493
nu = 3: 11547
nu = 4: 76581
     Calculating structure features for center species 1
     Calculating structure features for center species 6
     Calculating structure features for center species 8
     Calculating structure features for center species 1
     Calculating structure features for center species 6
     Calculating structure features for center species 8
     Calculating structure features for center species 1
     Calculating structure features for center species 6
     Calculating structure features for center species 8
     Calculating structure features for center species 1
     Calculating structure features for center species 6
     Calculating structure features for center species 8
DOING TEST BATCH 49 out of 50
Calculating composition features
Composition features done
Calculating nu = 2 invariants
Combining center species = 1
Combining center species = 6
Combining center species = 8
Calculating nu = 2 equivariants
Calculating real CGs
CGs finished
Combining center species = 1
Combining center species = 6
Combining center species = 8
Calculating nu = 3 invariants
Combining center species = 1
Combining center species = 6
Combining center species = 8
Calculating nu = 3 equivariants
Calculating real CGs
CGs finished
Combining center species = 1
Combining center species = 6
Combining center species = 8
Calculating nu = 4 invariants
Combining center species = 1
Combining center species = 6
Combining center species = 8
nu = 1: 225
nu = 2: 2493
nu = 3: 11547
nu = 4: 76581
     Calculating structure features for center species 1
     Calculating structure features for center species 6
     Calculating structure features for center species 8
     Calculating structure features for center species 1
     Calculating structure features for center species 6
     Calculating structure features for center species 8
     Calculating structure features for center species 1
     Calculating structure features for center species 6
     Calculating structure features for center species 8
     Calculating structure features for center species 1
     Calculating structure features for center species 6
     Calculating structure features for center species 8
DOING TEST BATCH 50 out of 50
Calculating composition features
Composition features done
Calculating nu = 2 invariants
Combining center species = 1
Combining center species = 6
Combining center species = 8
Calculating nu = 2 equivariants
Calculating real CGs
CGs finished
Combining center species = 1
Combining center species = 6
Combining center species = 8
Calculating nu = 3 invariants
Combining center species = 1
Combining center species = 6
Combining center species = 8
Calculating nu = 3 equivariants
Calculating real CGs
CGs finished
Combining center species = 1
Combining center species = 6
Combining center species = 8
Calculating nu = 4 invariants
Combining center species = 1
Combining center species = 6
Combining center species = 8
nu = 1: 225
nu = 2: 2493
nu = 3: 11547
nu = 4: 76581
     Calculating structure features for center species 1
     Calculating structure features for center species 6
     Calculating structure features for center species 8
     Calculating structure features for center species 1
     Calculating structure features for center species 6
     Calculating structure features for center species 8
     Calculating structure features for center species 1
     Calculating structure features for center species 6
     Calculating structure features for center species 8
     Calculating structure features for center species 1
     Calculating structure features for center species 6
     Calculating structure features for center species 8
Features done
Beginning hyperparameter optimization
Number of features:  90847
-13.0 2.9103238111666908e-05 68.98977490672448 46.44726255626976 0.014707638406188276 237.24145698366695 124.73564859291218
-12.75 3.8720970129572096e-05 50.28792687936526 34.74379134339094 0.02142633646204671 156.22336388365605 90.76426596136567
-12.5 5.996982982042478e-05 42.585144761553856 29.65360980221629 0.03498348297287956 120.62225096247195 76.10661183064765
-12.25 0.00010076754945691384 39.71702200720859 27.961940311208366 0.05988288450950388 107.00217153644935 70.42585983674614
-12.0 0.00017475191464325697 38.59193231755554 27.23089527133107 0.10346677651107769 102.23060651952791 68.16352640053017
-11.75 0.00030477425553057126 37.99569221876539 26.774854856610297 0.17725231414613277 100.45799502535282 67.2121002607791
-11.5 0.0005285537529308115 37.48077465893585 26.358359564334155 0.2978756396232193 99.49993873118076 66.59694164492443
-11.25 0.0009048254594028102 36.86400405181956 25.906427906051277 0.48705397267459033 98.61823436695926 65.89983794011269
-11.0 0.0015202559215882765 36.083240616024455 25.38943263182044 0.7703974645215296 97.58692440411683 65.02704973089944
-10.75 0.002494842277389623 35.14615376323162 24.853399894282223 1.175936249796652 96.38325163673544 63.97954921469375
-10.5 0.003987676858891209 34.10670518781631 24.269605762556196 1.733437705463672 95.07899930149422 62.81537360725662
-10.25 0.006202291026569367 33.053031605120786 23.622768148809673 2.4752748726638623 93.78462732676562 61.62529236159019
-10.0 0.00939694600795084 32.10659207977613 23.039706130057574 3.4391881548978325 92.61092667094948 60.50134795227288
-9.75 0.013900676865047387 31.40526495709287 22.655424235463144 4.670234954198913 91.65025648702202 59.56542775020253
-9.5 0.02010678740708904 31.049404890537065 22.4952555744797 6.219287582885412 90.97216657817883 58.9284542683109
-9.25 0.028412445217642513 31.051387696878304 22.400290984272957 8.14129347936828 90.6174701704093 58.57220873240229
-9.0 0.039150106754677304 31.34509641101268 22.677825050503017 10.497342082967563 90.59689835179348 58.518046425208944
-8.75 0.05261390581745661 31.842541352597323 23.216599411576986 13.357408121056311 90.9070776774321 58.751906282440835
-8.5 0.06924078237083367 32.47803088785832 23.620031792849304 16.796515835078612 91.5577571366519 59.225331075181735
-8.25 0.08992027844734252 33.22609100679709 23.92290980887413 20.890127533626238 92.60120438512517 59.94294569559569
-8.0 0.11633513387131107 34.12405184745174 24.480441511482 25.720237251443884 94.17227544141957 60.98022206405299
-7.75 0.15117064315206535 35.28931634234592 25.199774329066276 31.380201732264396 96.51127866061482 62.56191838125282
-7.5 0.19800611674213556 36.88172457661258 26.3206789457649 37.96747090728727 99.89906155683101 64.76406371905804
-7.25 0.26100471817230625 39.012345987995126 27.965087768033147 45.58961574911103 104.53324395509489 67.81143159263041
-7.0 0.3454482258567748 41.67033827437524 29.820751193597914 54.40810592843678 110.49779556743275 71.7184782771641
-6.75 0.4601132511632952 44.734605129998805 32.087045729368924 64.68078114607046 117.8731589728988 76.57306724752313
-6.5 0.620794723544651 48.040962337221416 34.79826992340386 76.76655897676343 126.84925597115118 82.4970000360895
-6.25 0.8539618836998575 51.460592959592134 38.17445873515308 91.13786236835705 137.75779954258846 89.58046306567785
-6.0 1.2010111570341304 54.9683282186771 41.59857080116868 108.43992260931954 151.09535611405067 98.03168674865857
-5.75 1.724709318368614 58.602041172153044 44.93611296455562 129.52075907762398 167.57587902644764 108.43180556474535
-5.5 2.519764497177189 62.36499358355114 48.480331830441955 155.38247713646376 188.166973192402 121.41473720085733
-5.25 3.7244247806030195 66.40056848366568 52.274623237639666 187.19498838710368 214.17381260504504 137.67166741829004
-5.0 5.526131112120101 71.29640286027312 56.0865160523206 226.26170623297804 247.2530006584486 158.27695823696686
-4.75 8.16476593505587 77.86754283364039 60.89964192914963 273.4568840673236 288.8194456087587 184.22723562827326
-4.5 11.940550606193112 86.59513777018473 67.89325216551126 328.40593551109885 338.9852573769005 216.15347162167797
-4.25 17.208891318006817 97.5618501842592 76.38997823393345 389.7471517444421 396.50999911909565 253.84983854159094
-4.0 24.33711400431251 110.69908481479905 87.07899535669387 456.5854261397451 460.19214513927335 296.6371325852609
-3.75 33.683552928220784 125.63663792266354 99.16514645269513 529.23779979356 529.8296490884032 344.3692504566832
-3.5 45.685776572426605 141.4870378777917 112.03542071120441 608.1195857271432 605.3302910181318 397.07625009455273
-3.25 60.813484492837254 157.29186666576004 125.01818864774704 692.3054359461697 685.2709211180446 454.6440705831822
-3.0 79.08514102545877 172.8130039486671 139.00344847041367 779.8847230353236 767.2225217995548 517.3753293915022
-9.25 22.400290984272957
n_train: 50 n_features: 90847
Test set RMSE (E): 31.05138594108958 [MAE (E): 22.400290260091424], RMSE (F): 90.61746726513084 [MAE (F): 58.57220795835052]
