Factor for radial transform: 1.2
Random seed: 0
Calculating features on cpu
Dataset path: datasets/rmd17/azobenzene1.extxyz
n_elems: 3
Number of atoms in each molecule: 24
[0.0, 140.0, 85.0, 120.0]
[1e+30, 10051.304849612512, 607.4584073992769, 406.86306785679534]
Reading dataset
Shuffling and extracting from dataset
Shuffling and extraction done
All species: [1 6 7]
Spherical expansion: n_max = 7, l_max = 18
DOING TRAIN BATCH 1 out of 5
Calculating composition features
Composition features done
Calculating nu = 2 invariants
Combining center species = 1
Combining center species = 6
Combining center species = 7
Calculating nu = 2 equivariants
Calculating real CGs
