Random seed: 0
Calculating features on cpu
Dataset path: datasets/rmd17/paracetamol3.extxyz
n_elems: 4
Number of atoms in each molecule: 20
[0.0, 110.0, 100.0, 120.0]
[1e+30, 4984.166915609622, 534.2648650744381, 323.8499744735023]
Reading dataset
Shuffling and extracting from dataset
Shuffling and extraction done
All species: [1 6 7 8]
Spherical expansion: n_max = 7, l_max = 17
DOING TRAIN BATCH 1 out of 10
Calculating composition features
Composition features done
Calculating nu = 2 invariants
Combining center species = 1
Combining center species = 6
Combining center species = 7
Combining center species = 8
Calculating nu = 2 equivariants
Calculating real CGs
CGs finished
Combining center species = 1
Combining center species = 6
Combining center species = 7
Combining center species = 8
Calculating nu = 3 invariants
Combining center species = 1
Combining center species = 6
Combining center species = 7
Combining center species = 8
nu = 1: 352
nu = 2: 5256
nu = 3: 56544
     Calculating structure features for center species 1
     Calculating structure features for center species 6
     Calculating structure features for center species 7
     Calculating structure features for center species 8
     Calculating structure features for center species 1
     Calculating structure features for center species 6
     Calculating structure features for center species 7
     Calculating structure features for center species 8
     Calculating structure features for center species 1
     Calculating structure features for center species 6
     Calculating structure features for center species 7
     Calculating structure features for center species 8
DOING TRAIN BATCH 2 out of 10
Calculating composition features
Composition features done
Calculating nu = 2 invariants
Combining center species = 1
Combining center species = 6
Combining center species = 7
Combining center species = 8
Calculating nu = 2 equivariants
Calculating real CGs
CGs finished
Combining center species = 1
Combining center species = 6
Combining center species = 7
Combining center species = 8
Calculating nu = 3 invariants
Combining center species = 1
Combining center species = 6
Combining center species = 7
Combining center species = 8
nu = 1: 352
nu = 2: 5256
nu = 3: 56544
     Calculating structure features for center species 1
     Calculating structure features for center species 6
     Calculating structure features for center species 7
     Calculating structure features for center species 8
     Calculating structure features for center species 1
     Calculating structure features for center species 6
     Calculating structure features for center species 7
     Calculating structure features for center species 8
     Calculating structure features for center species 1
     Calculating structure features for center species 6
     Calculating structure features for center species 7
     Calculating structure features for center species 8
DOING TRAIN BATCH 3 out of 10
Calculating composition features
Composition features done
Calculating nu = 2 invariants
Combining center species = 1
Combining center species = 6
Combining center species = 7
Combining center species = 8
Calculating nu = 2 equivariants
Calculating real CGs
CGs finished
Combining center species = 1
Combining center species = 6
Combining center species = 7
Combining center species = 8
Calculating nu = 3 invariants
Combining center species = 1
Combining center species = 6
Combining center species = 7
Combining center species = 8
nu = 1: 352
nu = 2: 5256
nu = 3: 56544
     Calculating structure features for center species 1
     Calculating structure features for center species 6
     Calculating structure features for center species 7
     Calculating structure features for center species 8
     Calculating structure features for center species 1
     Calculating structure features for center species 6
     Calculating structure features for center species 7
     Calculating structure features for center species 8
     Calculating structure features for center species 1
     Calculating structure features for center species 6
     Calculating structure features for center species 7
     Calculating structure features for center species 8
DOING TRAIN BATCH 4 out of 10
Calculating composition features
Composition features done
Calculating nu = 2 invariants
Combining center species = 1
Combining center species = 6
Combining center species = 7
Combining center species = 8
Calculating nu = 2 equivariants
Calculating real CGs
CGs finished
Combining center species = 1
Combining center species = 6
Combining center species = 7
Combining center species = 8
Calculating nu = 3 invariants
Combining center species = 1
Combining center species = 6
Combining center species = 7
Combining center species = 8
nu = 1: 352
nu = 2: 5256
nu = 3: 56544
     Calculating structure features for center species 1
     Calculating structure features for center species 6
     Calculating structure features for center species 7
     Calculating structure features for center species 8
     Calculating structure features for center species 1
     Calculating structure features for center species 6
     Calculating structure features for center species 7
     Calculating structure features for center species 8
     Calculating structure features for center species 1
     Calculating structure features for center species 6
     Calculating structure features for center species 7
     Calculating structure features for center species 8
DOING TRAIN BATCH 5 out of 10
Calculating composition features
Composition features done
Calculating nu = 2 invariants
Combining center species = 1
Combining center species = 6
Combining center species = 7
Combining center species = 8
Calculating nu = 2 equivariants
Calculating real CGs
CGs finished
Combining center species = 1
Combining center species = 6
Combining center species = 7
Combining center species = 8
Calculating nu = 3 invariants
Combining center species = 1
Combining center species = 6
Combining center species = 7
Combining center species = 8
nu = 1: 352
nu = 2: 5256
nu = 3: 56544
     Calculating structure features for center species 1
     Calculating structure features for center species 6
     Calculating structure features for center species 7
     Calculating structure features for center species 8
     Calculating structure features for center species 1
     Calculating structure features for center species 6
     Calculating structure features for center species 7
     Calculating structure features for center species 8
     Calculating structure features for center species 1
     Calculating structure features for center species 6
     Calculating structure features for center species 7
     Calculating structure features for center species 8
DOING TRAIN BATCH 6 out of 10
Calculating composition features
Composition features done
Calculating nu = 2 invariants
Combining center species = 1
Combining center species = 6
Combining center species = 7
Combining center species = 8
Calculating nu = 2 equivariants
Calculating real CGs
CGs finished
Combining center species = 1
Combining center species = 6
Combining center species = 7
Combining center species = 8
Calculating nu = 3 invariants
Combining center species = 1
Combining center species = 6
Combining center species = 7
Combining center species = 8
nu = 1: 352
nu = 2: 5256
nu = 3: 56544
     Calculating structure features for center species 1
     Calculating structure features for center species 6
     Calculating structure features for center species 7
     Calculating structure features for center species 8
     Calculating structure features for center species 1
     Calculating structure features for center species 6
     Calculating structure features for center species 7
     Calculating structure features for center species 8
     Calculating structure features for center species 1
     Calculating structure features for center species 6
     Calculating structure features for center species 7
     Calculating structure features for center species 8
DOING TRAIN BATCH 7 out of 10
Calculating composition features
Composition features done
Calculating nu = 2 invariants
Combining center species = 1
Combining center species = 6
Combining center species = 7
Combining center species = 8
Calculating nu = 2 equivariants
Calculating real CGs
CGs finished
Combining center species = 1
Combining center species = 6
Combining center species = 7
Combining center species = 8
Calculating nu = 3 invariants
Combining center species = 1
Combining center species = 6
Combining center species = 7
Combining center species = 8
nu = 1: 352
nu = 2: 5256
nu = 3: 56544
     Calculating structure features for center species 1
     Calculating structure features for center species 6
     Calculating structure features for center species 7
     Calculating structure features for center species 8
     Calculating structure features for center species 1
     Calculating structure features for center species 6
     Calculating structure features for center species 7
     Calculating structure features for center species 8
     Calculating structure features for center species 1
     Calculating structure features for center species 6
     Calculating structure features for center species 7
     Calculating structure features for center species 8
DOING TRAIN BATCH 8 out of 10
Calculating composition features
Composition features done
Calculating nu = 2 invariants
Combining center species = 1
Combining center species = 6
Combining center species = 7
Combining center species = 8
Calculating nu = 2 equivariants
Calculating real CGs
CGs finished
Combining center species = 1
Combining center species = 6
Combining center species = 7
Combining center species = 8
Calculating nu = 3 invariants
Combining center species = 1
Combining center species = 6
Combining center species = 7
Combining center species = 8
nu = 1: 352
nu = 2: 5256
nu = 3: 56544
     Calculating structure features for center species 1
     Calculating structure features for center species 6
     Calculating structure features for center species 7
     Calculating structure features for center species 8
     Calculating structure features for center species 1
     Calculating structure features for center species 6
     Calculating structure features for center species 7
     Calculating structure features for center species 8
     Calculating structure features for center species 1
     Calculating structure features for center species 6
     Calculating structure features for center species 7
     Calculating structure features for center species 8
DOING TRAIN BATCH 9 out of 10
Calculating composition features
Composition features done
Calculating nu = 2 invariants
Combining center species = 1
Combining center species = 6
Combining center species = 7
Combining center species = 8
Calculating nu = 2 equivariants
Calculating real CGs
CGs finished
Combining center species = 1
Combining center species = 6
Combining center species = 7
Combining center species = 8
Calculating nu = 3 invariants
Combining center species = 1
Combining center species = 6
Combining center species = 7
Combining center species = 8
nu = 1: 352
nu = 2: 5256
nu = 3: 56544
     Calculating structure features for center species 1
     Calculating structure features for center species 6
     Calculating structure features for center species 7
     Calculating structure features for center species 8
     Calculating structure features for center species 1
     Calculating structure features for center species 6
     Calculating structure features for center species 7
     Calculating structure features for center species 8
     Calculating structure features for center species 1
     Calculating structure features for center species 6
     Calculating structure features for center species 7
     Calculating structure features for center species 8
DOING TRAIN BATCH 10 out of 10
Calculating composition features
Composition features done
Calculating nu = 2 invariants
Combining center species = 1
Combining center species = 6
Combining center species = 7
Combining center species = 8
Calculating nu = 2 equivariants
Calculating real CGs
CGs finished
Combining center species = 1
Combining center species = 6
Combining center species = 7
Combining center species = 8
Calculating nu = 3 invariants
Combining center species = 1
Combining center species = 6
Combining center species = 7
Combining center species = 8
nu = 1: 352
nu = 2: 5256
nu = 3: 56544
     Calculating structure features for center species 1
     Calculating structure features for center species 6
     Calculating structure features for center species 7
     Calculating structure features for center species 8
     Calculating structure features for center species 1
     Calculating structure features for center species 6
     Calculating structure features for center species 7
     Calculating structure features for center species 8
     Calculating structure features for center species 1
     Calculating structure features for center species 6
     Calculating structure features for center species 7
     Calculating structure features for center species 8
DOING TEST BATCH 1 out of 50
Calculating composition features
Composition features done
Calculating nu = 2 invariants
Combining center species = 1
Combining center species = 6
Combining center species = 7
Combining center species = 8
Calculating nu = 2 equivariants
Calculating real CGs
CGs finished
Combining center species = 1
Combining center species = 6
Combining center species = 7
Combining center species = 8
Calculating nu = 3 invariants
Combining center species = 1
Combining center species = 6
Combining center species = 7
Combining center species = 8
nu = 1: 352
nu = 2: 5256
nu = 3: 56544
     Calculating structure features for center species 1
     Calculating structure features for center species 6
     Calculating structure features for center species 7
     Calculating structure features for center species 8
     Calculating structure features for center species 1
     Calculating structure features for center species 6
     Calculating structure features for center species 7
     Calculating structure features for center species 8
     Calculating structure features for center species 1
     Calculating structure features for center species 6
     Calculating structure features for center species 7
     Calculating structure features for center species 8
DOING TEST BATCH 2 out of 50
Calculating composition features
Composition features done
Calculating nu = 2 invariants
Combining center species = 1
Combining center species = 6
Combining center species = 7
Combining center species = 8
Calculating nu = 2 equivariants
Calculating real CGs
CGs finished
Combining center species = 1
Combining center species = 6
Combining center species = 7
Combining center species = 8
Calculating nu = 3 invariants
Combining center species = 1
Combining center species = 6
Combining center species = 7
Combining center species = 8
nu = 1: 352
nu = 2: 5256
nu = 3: 56544
     Calculating structure features for center species 1
     Calculating structure features for center species 6
     Calculating structure features for center species 7
     Calculating structure features for center species 8
     Calculating structure features for center species 1
     Calculating structure features for center species 6
     Calculating structure features for center species 7
     Calculating structure features for center species 8
     Calculating structure features for center species 1
     Calculating structure features for center species 6
     Calculating structure features for center species 7
     Calculating structure features for center species 8
DOING TEST BATCH 3 out of 50
Calculating composition features
Composition features done
Calculating nu = 2 invariants
Combining center species = 1
Combining center species = 6
Combining center species = 7
Combining center species = 8
Calculating nu = 2 equivariants
Calculating real CGs
CGs finished
Combining center species = 1
Combining center species = 6
Combining center species = 7
Combining center species = 8
Calculating nu = 3 invariants
Combining center species = 1
Combining center species = 6
Combining center species = 7
Combining center species = 8
nu = 1: 352
nu = 2: 5256
nu = 3: 56544
     Calculating structure features for center species 1
     Calculating structure features for center species 6
     Calculating structure features for center species 7
     Calculating structure features for center species 8
     Calculating structure features for center species 1
     Calculating structure features for center species 6
     Calculating structure features for center species 7
     Calculating structure features for center species 8
     Calculating structure features for center species 1
     Calculating structure features for center species 6
     Calculating structure features for center species 7
     Calculating structure features for center species 8
DOING TEST BATCH 4 out of 50
Calculating composition features
Composition features done
Calculating nu = 2 invariants
Combining center species = 1
Combining center species = 6
Combining center species = 7
Combining center species = 8
Calculating nu = 2 equivariants
Calculating real CGs
CGs finished
Combining center species = 1
Combining center species = 6
Combining center species = 7
Combining center species = 8
Calculating nu = 3 invariants
Combining center species = 1
Combining center species = 6
Combining center species = 7
Combining center species = 8
nu = 1: 352
nu = 2: 5256
nu = 3: 56544
     Calculating structure features for center species 1
     Calculating structure features for center species 6
     Calculating structure features for center species 7
     Calculating structure features for center species 8
     Calculating structure features for center species 1
     Calculating structure features for center species 6
     Calculating structure features for center species 7
     Calculating structure features for center species 8
     Calculating structure features for center species 1
     Calculating structure features for center species 6
     Calculating structure features for center species 7
     Calculating structure features for center species 8
DOING TEST BATCH 5 out of 50
Calculating composition features
Composition features done
Calculating nu = 2 invariants
Combining center species = 1
Combining center species = 6
Combining center species = 7
Combining center species = 8
Calculating nu = 2 equivariants
Calculating real CGs
CGs finished
Combining center species = 1
Combining center species = 6
Combining center species = 7
Combining center species = 8
Calculating nu = 3 invariants
Combining center species = 1
Combining center species = 6
Combining center species = 7
Combining center species = 8
nu = 1: 352
nu = 2: 5256
nu = 3: 56544
     Calculating structure features for center species 1
     Calculating structure features for center species 6
     Calculating structure features for center species 7
     Calculating structure features for center species 8
     Calculating structure features for center species 1
     Calculating structure features for center species 6
     Calculating structure features for center species 7
     Calculating structure features for center species 8
     Calculating structure features for center species 1
     Calculating structure features for center species 6
     Calculating structure features for center species 7
     Calculating structure features for center species 8
DOING TEST BATCH 6 out of 50
Calculating composition features
Composition features done
Calculating nu = 2 invariants
Combining center species = 1
Combining center species = 6
Combining center species = 7
Combining center species = 8
Calculating nu = 2 equivariants
Calculating real CGs
CGs finished
Combining center species = 1
Combining center species = 6
Combining center species = 7
Combining center species = 8
Calculating nu = 3 invariants
Combining center species = 1
Combining center species = 6
Combining center species = 7
Combining center species = 8
nu = 1: 352
nu = 2: 5256
nu = 3: 56544
     Calculating structure features for center species 1
     Calculating structure features for center species 6
     Calculating structure features for center species 7
     Calculating structure features for center species 8
     Calculating structure features for center species 1
     Calculating structure features for center species 6
     Calculating structure features for center species 7
     Calculating structure features for center species 8
     Calculating structure features for center species 1
     Calculating structure features for center species 6
     Calculating structure features for center species 7
     Calculating structure features for center species 8
DOING TEST BATCH 7 out of 50
Calculating composition features
Composition features done
Calculating nu = 2 invariants
Combining center species = 1
Combining center species = 6
Combining center species = 7
Combining center species = 8
Calculating nu = 2 equivariants
Calculating real CGs
CGs finished
Combining center species = 1
Combining center species = 6
Combining center species = 7
Combining center species = 8
Calculating nu = 3 invariants
Combining center species = 1
Combining center species = 6
Combining center species = 7
Combining center species = 8
nu = 1: 352
nu = 2: 5256
nu = 3: 56544
     Calculating structure features for center species 1
     Calculating structure features for center species 6
     Calculating structure features for center species 7
     Calculating structure features for center species 8
     Calculating structure features for center species 1
     Calculating structure features for center species 6
     Calculating structure features for center species 7
     Calculating structure features for center species 8
     Calculating structure features for center species 1
     Calculating structure features for center species 6
     Calculating structure features for center species 7
     Calculating structure features for center species 8
DOING TEST BATCH 8 out of 50
Calculating composition features
Composition features done
Calculating nu = 2 invariants
Combining center species = 1
Combining center species = 6
Combining center species = 7
Combining center species = 8
Calculating nu = 2 equivariants
Calculating real CGs
CGs finished
Combining center species = 1
Combining center species = 6
Combining center species = 7
Combining center species = 8
Calculating nu = 3 invariants
Combining center species = 1
Combining center species = 6
Combining center species = 7
Combining center species = 8
nu = 1: 352
nu = 2: 5256
nu = 3: 56544
     Calculating structure features for center species 1
     Calculating structure features for center species 6
     Calculating structure features for center species 7
     Calculating structure features for center species 8
     Calculating structure features for center species 1
     Calculating structure features for center species 6
     Calculating structure features for center species 7
     Calculating structure features for center species 8
     Calculating structure features for center species 1
     Calculating structure features for center species 6
     Calculating structure features for center species 7
     Calculating structure features for center species 8
DOING TEST BATCH 9 out of 50
Calculating composition features
Composition features done
Calculating nu = 2 invariants
Combining center species = 1
Combining center species = 6
Combining center species = 7
Combining center species = 8
Calculating nu = 2 equivariants
Calculating real CGs
CGs finished
Combining center species = 1
Combining center species = 6
Combining center species = 7
Combining center species = 8
Calculating nu = 3 invariants
Combining center species = 1
Combining center species = 6
Combining center species = 7
Combining center species = 8
nu = 1: 352
nu = 2: 5256
nu = 3: 56544
     Calculating structure features for center species 1
     Calculating structure features for center species 6
     Calculating structure features for center species 7
     Calculating structure features for center species 8
     Calculating structure features for center species 1
     Calculating structure features for center species 6
     Calculating structure features for center species 7
     Calculating structure features for center species 8
     Calculating structure features for center species 1
     Calculating structure features for center species 6
     Calculating structure features for center species 7
     Calculating structure features for center species 8
DOING TEST BATCH 10 out of 50
Calculating composition features
Composition features done
Calculating nu = 2 invariants
Combining center species = 1
Combining center species = 6
Combining center species = 7
Combining center species = 8
Calculating nu = 2 equivariants
Calculating real CGs
CGs finished
Combining center species = 1
Combining center species = 6
Combining center species = 7
Combining center species = 8
Calculating nu = 3 invariants
Combining center species = 1
Combining center species = 6
Combining center species = 7
Combining center species = 8
nu = 1: 352
nu = 2: 5256
nu = 3: 56544
     Calculating structure features for center species 1
     Calculating structure features for center species 6
     Calculating structure features for center species 7
     Calculating structure features for center species 8
     Calculating structure features for center species 1
     Calculating structure features for center species 6
     Calculating structure features for center species 7
     Calculating structure features for center species 8
     Calculating structure features for center species 1
     Calculating structure features for center species 6
     Calculating structure features for center species 7
     Calculating structure features for center species 8
DOING TEST BATCH 11 out of 50
Calculating composition features
Composition features done
Calculating nu = 2 invariants
Combining center species = 1
Combining center species = 6
Combining center species = 7
Combining center species = 8
Calculating nu = 2 equivariants
Calculating real CGs
CGs finished
Combining center species = 1
Combining center species = 6
Combining center species = 7
Combining center species = 8
Calculating nu = 3 invariants
Combining center species = 1
Combining center species = 6
Combining center species = 7
Combining center species = 8
nu = 1: 352
nu = 2: 5256
nu = 3: 56544
     Calculating structure features for center species 1
     Calculating structure features for center species 6
     Calculating structure features for center species 7
     Calculating structure features for center species 8
     Calculating structure features for center species 1
     Calculating structure features for center species 6
     Calculating structure features for center species 7
     Calculating structure features for center species 8
     Calculating structure features for center species 1
     Calculating structure features for center species 6
     Calculating structure features for center species 7
     Calculating structure features for center species 8
DOING TEST BATCH 12 out of 50
Calculating composition features
Composition features done
Calculating nu = 2 invariants
Combining center species = 1
Combining center species = 6
Combining center species = 7
Combining center species = 8
Calculating nu = 2 equivariants
Calculating real CGs
CGs finished
Combining center species = 1
Combining center species = 6
Combining center species = 7
Combining center species = 8
Calculating nu = 3 invariants
Combining center species = 1
Combining center species = 6
Combining center species = 7
Combining center species = 8
nu = 1: 352
nu = 2: 5256
nu = 3: 56544
     Calculating structure features for center species 1
     Calculating structure features for center species 6
     Calculating structure features for center species 7
     Calculating structure features for center species 8
     Calculating structure features for center species 1
     Calculating structure features for center species 6
     Calculating structure features for center species 7
     Calculating structure features for center species 8
     Calculating structure features for center species 1
     Calculating structure features for center species 6
     Calculating structure features for center species 7
     Calculating structure features for center species 8
DOING TEST BATCH 13 out of 50
Calculating composition features
Composition features done
Calculating nu = 2 invariants
Combining center species = 1
Combining center species = 6
Combining center species = 7
Combining center species = 8
Calculating nu = 2 equivariants
Calculating real CGs
CGs finished
Combining center species = 1
Combining center species = 6
Combining center species = 7
Combining center species = 8
Calculating nu = 3 invariants
Combining center species = 1
Combining center species = 6
Combining center species = 7
Combining center species = 8
nu = 1: 352
nu = 2: 5256
nu = 3: 56544
     Calculating structure features for center species 1
     Calculating structure features for center species 6
     Calculating structure features for center species 7
     Calculating structure features for center species 8
     Calculating structure features for center species 1
     Calculating structure features for center species 6
     Calculating structure features for center species 7
     Calculating structure features for center species 8
     Calculating structure features for center species 1
     Calculating structure features for center species 6
     Calculating structure features for center species 7
     Calculating structure features for center species 8
DOING TEST BATCH 14 out of 50
Calculating composition features
Composition features done
Calculating nu = 2 invariants
Combining center species = 1
Combining center species = 6
Combining center species = 7
Combining center species = 8
Calculating nu = 2 equivariants
Calculating real CGs
CGs finished
Combining center species = 1
Combining center species = 6
Combining center species = 7
Combining center species = 8
Calculating nu = 3 invariants
Combining center species = 1
Combining center species = 6
Combining center species = 7
Combining center species = 8
nu = 1: 352
nu = 2: 5256
nu = 3: 56544
     Calculating structure features for center species 1
     Calculating structure features for center species 6
     Calculating structure features for center species 7
     Calculating structure features for center species 8
     Calculating structure features for center species 1
     Calculating structure features for center species 6
     Calculating structure features for center species 7
     Calculating structure features for center species 8
     Calculating structure features for center species 1
     Calculating structure features for center species 6
     Calculating structure features for center species 7
     Calculating structure features for center species 8
DOING TEST BATCH 15 out of 50
Calculating composition features
Composition features done
Calculating nu = 2 invariants
Combining center species = 1
Combining center species = 6
Combining center species = 7
Combining center species = 8
Calculating nu = 2 equivariants
Calculating real CGs
CGs finished
Combining center species = 1
Combining center species = 6
Combining center species = 7
Combining center species = 8
Calculating nu = 3 invariants
Combining center species = 1
Combining center species = 6
Combining center species = 7
Combining center species = 8
nu = 1: 352
nu = 2: 5256
nu = 3: 56544
     Calculating structure features for center species 1
     Calculating structure features for center species 6
     Calculating structure features for center species 7
     Calculating structure features for center species 8
     Calculating structure features for center species 1
     Calculating structure features for center species 6
     Calculating structure features for center species 7
     Calculating structure features for center species 8
     Calculating structure features for center species 1
     Calculating structure features for center species 6
     Calculating structure features for center species 7
     Calculating structure features for center species 8
DOING TEST BATCH 16 out of 50
Calculating composition features
Composition features done
Calculating nu = 2 invariants
Combining center species = 1
Combining center species = 6
Combining center species = 7
Combining center species = 8
Calculating nu = 2 equivariants
Calculating real CGs
CGs finished
Combining center species = 1
Combining center species = 6
Combining center species = 7
Combining center species = 8
Calculating nu = 3 invariants
Combining center species = 1
Combining center species = 6
Combining center species = 7
Combining center species = 8
nu = 1: 352
nu = 2: 5256
nu = 3: 56544
     Calculating structure features for center species 1
     Calculating structure features for center species 6
     Calculating structure features for center species 7
     Calculating structure features for center species 8
     Calculating structure features for center species 1
     Calculating structure features for center species 6
     Calculating structure features for center species 7
     Calculating structure features for center species 8
     Calculating structure features for center species 1
     Calculating structure features for center species 6
     Calculating structure features for center species 7
     Calculating structure features for center species 8
DOING TEST BATCH 17 out of 50
Calculating composition features
Composition features done
Calculating nu = 2 invariants
Combining center species = 1
Combining center species = 6
Combining center species = 7
Combining center species = 8
Calculating nu = 2 equivariants
Calculating real CGs
CGs finished
Combining center species = 1
Combining center species = 6
Combining center species = 7
Combining center species = 8
Calculating nu = 3 invariants
Combining center species = 1
Combining center species = 6
Combining center species = 7
Combining center species = 8
nu = 1: 352
nu = 2: 5256
nu = 3: 56544
     Calculating structure features for center species 1
     Calculating structure features for center species 6
     Calculating structure features for center species 7
     Calculating structure features for center species 8
     Calculating structure features for center species 1
     Calculating structure features for center species 6
     Calculating structure features for center species 7
     Calculating structure features for center species 8
     Calculating structure features for center species 1
     Calculating structure features for center species 6
     Calculating structure features for center species 7
     Calculating structure features for center species 8
DOING TEST BATCH 18 out of 50
Calculating composition features
Composition features done
Calculating nu = 2 invariants
Combining center species = 1
Combining center species = 6
Combining center species = 7
Combining center species = 8
Calculating nu = 2 equivariants
Calculating real CGs
CGs finished
Combining center species = 1
Combining center species = 6
Combining center species = 7
Combining center species = 8
Calculating nu = 3 invariants
Combining center species = 1
Combining center species = 6
Combining center species = 7
Combining center species = 8
nu = 1: 352
nu = 2: 5256
nu = 3: 56544
     Calculating structure features for center species 1
     Calculating structure features for center species 6
     Calculating structure features for center species 7
     Calculating structure features for center species 8
     Calculating structure features for center species 1
     Calculating structure features for center species 6
     Calculating structure features for center species 7
     Calculating structure features for center species 8
     Calculating structure features for center species 1
     Calculating structure features for center species 6
     Calculating structure features for center species 7
     Calculating structure features for center species 8
DOING TEST BATCH 19 out of 50
Calculating composition features
Composition features done
Calculating nu = 2 invariants
Combining center species = 1
Combining center species = 6
Combining center species = 7
Combining center species = 8
Calculating nu = 2 equivariants
Calculating real CGs
CGs finished
Combining center species = 1
Combining center species = 6
Combining center species = 7
Combining center species = 8
Calculating nu = 3 invariants
Combining center species = 1
Combining center species = 6
Combining center species = 7
Combining center species = 8
nu = 1: 352
nu = 2: 5256
nu = 3: 56544
     Calculating structure features for center species 1
     Calculating structure features for center species 6
     Calculating structure features for center species 7
     Calculating structure features for center species 8
     Calculating structure features for center species 1
     Calculating structure features for center species 6
     Calculating structure features for center species 7
     Calculating structure features for center species 8
     Calculating structure features for center species 1
     Calculating structure features for center species 6
     Calculating structure features for center species 7
     Calculating structure features for center species 8
DOING TEST BATCH 20 out of 50
Calculating composition features
Composition features done
Calculating nu = 2 invariants
Combining center species = 1
Combining center species = 6
Combining center species = 7
Combining center species = 8
Calculating nu = 2 equivariants
Calculating real CGs
CGs finished
Combining center species = 1
Combining center species = 6
Combining center species = 7
Combining center species = 8
Calculating nu = 3 invariants
Combining center species = 1
Combining center species = 6
Combining center species = 7
Combining center species = 8
nu = 1: 352
nu = 2: 5256
nu = 3: 56544
     Calculating structure features for center species 1
     Calculating structure features for center species 6
     Calculating structure features for center species 7
     Calculating structure features for center species 8
     Calculating structure features for center species 1
     Calculating structure features for center species 6
     Calculating structure features for center species 7
     Calculating structure features for center species 8
     Calculating structure features for center species 1
     Calculating structure features for center species 6
     Calculating structure features for center species 7
     Calculating structure features for center species 8
DOING TEST BATCH 21 out of 50
Calculating composition features
Composition features done
Calculating nu = 2 invariants
Combining center species = 1
Combining center species = 6
Combining center species = 7
Combining center species = 8
Calculating nu = 2 equivariants
Calculating real CGs
CGs finished
Combining center species = 1
Combining center species = 6
Combining center species = 7
Combining center species = 8
Calculating nu = 3 invariants
Combining center species = 1
Combining center species = 6
Combining center species = 7
Combining center species = 8
nu = 1: 352
nu = 2: 5256
nu = 3: 56544
     Calculating structure features for center species 1
     Calculating structure features for center species 6
     Calculating structure features for center species 7
     Calculating structure features for center species 8
     Calculating structure features for center species 1
     Calculating structure features for center species 6
     Calculating structure features for center species 7
     Calculating structure features for center species 8
     Calculating structure features for center species 1
     Calculating structure features for center species 6
     Calculating structure features for center species 7
     Calculating structure features for center species 8
DOING TEST BATCH 22 out of 50
Calculating composition features
Composition features done
Calculating nu = 2 invariants
Combining center species = 1
Combining center species = 6
Combining center species = 7
Combining center species = 8
Calculating nu = 2 equivariants
Calculating real CGs
CGs finished
Combining center species = 1
Combining center species = 6
Combining center species = 7
Combining center species = 8
Calculating nu = 3 invariants
Combining center species = 1
Combining center species = 6
Combining center species = 7
Combining center species = 8
nu = 1: 352
nu = 2: 5256
nu = 3: 56544
     Calculating structure features for center species 1
     Calculating structure features for center species 6
     Calculating structure features for center species 7
     Calculating structure features for center species 8
     Calculating structure features for center species 1
     Calculating structure features for center species 6
     Calculating structure features for center species 7
     Calculating structure features for center species 8
     Calculating structure features for center species 1
     Calculating structure features for center species 6
     Calculating structure features for center species 7
     Calculating structure features for center species 8
DOING TEST BATCH 23 out of 50
Calculating composition features
Composition features done
Calculating nu = 2 invariants
Combining center species = 1
Combining center species = 6
Combining center species = 7
Combining center species = 8
Calculating nu = 2 equivariants
Calculating real CGs
CGs finished
Combining center species = 1
Combining center species = 6
Combining center species = 7
Combining center species = 8
Calculating nu = 3 invariants
Combining center species = 1
Combining center species = 6
Combining center species = 7
Combining center species = 8
nu = 1: 352
nu = 2: 5256
nu = 3: 56544
     Calculating structure features for center species 1
     Calculating structure features for center species 6
     Calculating structure features for center species 7
     Calculating structure features for center species 8
     Calculating structure features for center species 1
     Calculating structure features for center species 6
     Calculating structure features for center species 7
     Calculating structure features for center species 8
     Calculating structure features for center species 1
     Calculating structure features for center species 6
     Calculating structure features for center species 7
     Calculating structure features for center species 8
DOING TEST BATCH 24 out of 50
Calculating composition features
Composition features done
Calculating nu = 2 invariants
Combining center species = 1
Combining center species = 6
Combining center species = 7
Combining center species = 8
Calculating nu = 2 equivariants
Calculating real CGs
CGs finished
Combining center species = 1
Combining center species = 6
Combining center species = 7
Combining center species = 8
Calculating nu = 3 invariants
Combining center species = 1
Combining center species = 6
Combining center species = 7
Combining center species = 8
nu = 1: 352
nu = 2: 5256
nu = 3: 56544
     Calculating structure features for center species 1
     Calculating structure features for center species 6
     Calculating structure features for center species 7
     Calculating structure features for center species 8
     Calculating structure features for center species 1
     Calculating structure features for center species 6
     Calculating structure features for center species 7
     Calculating structure features for center species 8
     Calculating structure features for center species 1
     Calculating structure features for center species 6
     Calculating structure features for center species 7
     Calculating structure features for center species 8
DOING TEST BATCH 25 out of 50
Calculating composition features
Composition features done
Calculating nu = 2 invariants
Combining center species = 1
Combining center species = 6
Combining center species = 7
Combining center species = 8
Calculating nu = 2 equivariants
Calculating real CGs
CGs finished
Combining center species = 1
Combining center species = 6
Combining center species = 7
Combining center species = 8
Calculating nu = 3 invariants
Combining center species = 1
Combining center species = 6
Combining center species = 7
Combining center species = 8
nu = 1: 352
nu = 2: 5256
nu = 3: 56544
     Calculating structure features for center species 1
     Calculating structure features for center species 6
     Calculating structure features for center species 7
     Calculating structure features for center species 8
     Calculating structure features for center species 1
     Calculating structure features for center species 6
     Calculating structure features for center species 7
     Calculating structure features for center species 8
     Calculating structure features for center species 1
     Calculating structure features for center species 6
     Calculating structure features for center species 7
     Calculating structure features for center species 8
DOING TEST BATCH 26 out of 50
Calculating composition features
Composition features done
Calculating nu = 2 invariants
Combining center species = 1
Combining center species = 6
Combining center species = 7
Combining center species = 8
Calculating nu = 2 equivariants
Calculating real CGs
CGs finished
Combining center species = 1
Combining center species = 6
Combining center species = 7
Combining center species = 8
Calculating nu = 3 invariants
Combining center species = 1
Combining center species = 6
Combining center species = 7
Combining center species = 8
nu = 1: 352
nu = 2: 5256
nu = 3: 56544
     Calculating structure features for center species 1
     Calculating structure features for center species 6
     Calculating structure features for center species 7
     Calculating structure features for center species 8
     Calculating structure features for center species 1
     Calculating structure features for center species 6
     Calculating structure features for center species 7
     Calculating structure features for center species 8
     Calculating structure features for center species 1
     Calculating structure features for center species 6
     Calculating structure features for center species 7
     Calculating structure features for center species 8
DOING TEST BATCH 27 out of 50
Calculating composition features
Composition features done
Calculating nu = 2 invariants
Combining center species = 1
Combining center species = 6
Combining center species = 7
Combining center species = 8
Calculating nu = 2 equivariants
Calculating real CGs
CGs finished
Combining center species = 1
Combining center species = 6
Combining center species = 7
Combining center species = 8
Calculating nu = 3 invariants
Combining center species = 1
Combining center species = 6
Combining center species = 7
Combining center species = 8
nu = 1: 352
nu = 2: 5256
nu = 3: 56544
     Calculating structure features for center species 1
     Calculating structure features for center species 6
     Calculating structure features for center species 7
     Calculating structure features for center species 8
     Calculating structure features for center species 1
     Calculating structure features for center species 6
     Calculating structure features for center species 7
     Calculating structure features for center species 8
     Calculating structure features for center species 1
     Calculating structure features for center species 6
     Calculating structure features for center species 7
     Calculating structure features for center species 8
DOING TEST BATCH 28 out of 50
Calculating composition features
Composition features done
Calculating nu = 2 invariants
Combining center species = 1
Combining center species = 6
Combining center species = 7
Combining center species = 8
Calculating nu = 2 equivariants
Calculating real CGs
CGs finished
Combining center species = 1
Combining center species = 6
Combining center species = 7
Combining center species = 8
Calculating nu = 3 invariants
Combining center species = 1
Combining center species = 6
Combining center species = 7
Combining center species = 8
nu = 1: 352
nu = 2: 5256
nu = 3: 56544
     Calculating structure features for center species 1
     Calculating structure features for center species 6
     Calculating structure features for center species 7
     Calculating structure features for center species 8
     Calculating structure features for center species 1
     Calculating structure features for center species 6
     Calculating structure features for center species 7
     Calculating structure features for center species 8
     Calculating structure features for center species 1
     Calculating structure features for center species 6
     Calculating structure features for center species 7
     Calculating structure features for center species 8
DOING TEST BATCH 29 out of 50
Calculating composition features
Composition features done
Calculating nu = 2 invariants
Combining center species = 1
Combining center species = 6
Combining center species = 7
Combining center species = 8
Calculating nu = 2 equivariants
Calculating real CGs
CGs finished
Combining center species = 1
Combining center species = 6
Combining center species = 7
Combining center species = 8
Calculating nu = 3 invariants
Combining center species = 1
Combining center species = 6
Combining center species = 7
Combining center species = 8
nu = 1: 352
nu = 2: 5256
nu = 3: 56544
     Calculating structure features for center species 1
     Calculating structure features for center species 6
     Calculating structure features for center species 7
     Calculating structure features for center species 8
     Calculating structure features for center species 1
     Calculating structure features for center species 6
     Calculating structure features for center species 7
     Calculating structure features for center species 8
     Calculating structure features for center species 1
     Calculating structure features for center species 6
     Calculating structure features for center species 7
     Calculating structure features for center species 8
DOING TEST BATCH 30 out of 50
Calculating composition features
Composition features done
Calculating nu = 2 invariants
Combining center species = 1
Combining center species = 6
Combining center species = 7
Combining center species = 8
Calculating nu = 2 equivariants
Calculating real CGs
CGs finished
Combining center species = 1
Combining center species = 6
Combining center species = 7
Combining center species = 8
Calculating nu = 3 invariants
Combining center species = 1
Combining center species = 6
Combining center species = 7
Combining center species = 8
nu = 1: 352
nu = 2: 5256
nu = 3: 56544
     Calculating structure features for center species 1
     Calculating structure features for center species 6
     Calculating structure features for center species 7
     Calculating structure features for center species 8
     Calculating structure features for center species 1
     Calculating structure features for center species 6
     Calculating structure features for center species 7
     Calculating structure features for center species 8
     Calculating structure features for center species 1
     Calculating structure features for center species 6
     Calculating structure features for center species 7
     Calculating structure features for center species 8
DOING TEST BATCH 31 out of 50
Calculating composition features
Composition features done
Calculating nu = 2 invariants
Combining center species = 1
Combining center species = 6
Combining center species = 7
Combining center species = 8
Calculating nu = 2 equivariants
Calculating real CGs
CGs finished
Combining center species = 1
Combining center species = 6
Combining center species = 7
Combining center species = 8
Calculating nu = 3 invariants
Combining center species = 1
Combining center species = 6
Combining center species = 7
Combining center species = 8
nu = 1: 352
nu = 2: 5256
nu = 3: 56544
     Calculating structure features for center species 1
     Calculating structure features for center species 6
     Calculating structure features for center species 7
     Calculating structure features for center species 8
     Calculating structure features for center species 1
     Calculating structure features for center species 6
     Calculating structure features for center species 7
     Calculating structure features for center species 8
     Calculating structure features for center species 1
     Calculating structure features for center species 6
     Calculating structure features for center species 7
     Calculating structure features for center species 8
DOING TEST BATCH 32 out of 50
Calculating composition features
Composition features done
Calculating nu = 2 invariants
Combining center species = 1
Combining center species = 6
Combining center species = 7
Combining center species = 8
Calculating nu = 2 equivariants
Calculating real CGs
CGs finished
Combining center species = 1
Combining center species = 6
Combining center species = 7
Combining center species = 8
Calculating nu = 3 invariants
Combining center species = 1
Combining center species = 6
Combining center species = 7
Combining center species = 8
nu = 1: 352
nu = 2: 5256
nu = 3: 56544
     Calculating structure features for center species 1
     Calculating structure features for center species 6
     Calculating structure features for center species 7
     Calculating structure features for center species 8
     Calculating structure features for center species 1
     Calculating structure features for center species 6
     Calculating structure features for center species 7
     Calculating structure features for center species 8
     Calculating structure features for center species 1
     Calculating structure features for center species 6
     Calculating structure features for center species 7
     Calculating structure features for center species 8
DOING TEST BATCH 33 out of 50
Calculating composition features
Composition features done
Calculating nu = 2 invariants
Combining center species = 1
Combining center species = 6
Combining center species = 7
Combining center species = 8
Calculating nu = 2 equivariants
Calculating real CGs
CGs finished
Combining center species = 1
Combining center species = 6
Combining center species = 7
Combining center species = 8
Calculating nu = 3 invariants
Combining center species = 1
Combining center species = 6
Combining center species = 7
Combining center species = 8
nu = 1: 352
nu = 2: 5256
nu = 3: 56544
     Calculating structure features for center species 1
     Calculating structure features for center species 6
     Calculating structure features for center species 7
     Calculating structure features for center species 8
     Calculating structure features for center species 1
     Calculating structure features for center species 6
     Calculating structure features for center species 7
     Calculating structure features for center species 8
     Calculating structure features for center species 1
     Calculating structure features for center species 6
     Calculating structure features for center species 7
     Calculating structure features for center species 8
DOING TEST BATCH 34 out of 50
Calculating composition features
Composition features done
Calculating nu = 2 invariants
Combining center species = 1
Combining center species = 6
Combining center species = 7
Combining center species = 8
Calculating nu = 2 equivariants
Calculating real CGs
CGs finished
Combining center species = 1
Combining center species = 6
Combining center species = 7
Combining center species = 8
Calculating nu = 3 invariants
Combining center species = 1
Combining center species = 6
Combining center species = 7
Combining center species = 8
nu = 1: 352
nu = 2: 5256
nu = 3: 56544
     Calculating structure features for center species 1
     Calculating structure features for center species 6
     Calculating structure features for center species 7
     Calculating structure features for center species 8
     Calculating structure features for center species 1
     Calculating structure features for center species 6
     Calculating structure features for center species 7
     Calculating structure features for center species 8
     Calculating structure features for center species 1
     Calculating structure features for center species 6
     Calculating structure features for center species 7
     Calculating structure features for center species 8
DOING TEST BATCH 35 out of 50
Calculating composition features
Composition features done
Calculating nu = 2 invariants
Combining center species = 1
Combining center species = 6
Combining center species = 7
Combining center species = 8
Calculating nu = 2 equivariants
Calculating real CGs
CGs finished
Combining center species = 1
Combining center species = 6
Combining center species = 7
Combining center species = 8
Calculating nu = 3 invariants
Combining center species = 1
Combining center species = 6
Combining center species = 7
Combining center species = 8
nu = 1: 352
nu = 2: 5256
nu = 3: 56544
     Calculating structure features for center species 1
     Calculating structure features for center species 6
     Calculating structure features for center species 7
     Calculating structure features for center species 8
     Calculating structure features for center species 1
     Calculating structure features for center species 6
     Calculating structure features for center species 7
     Calculating structure features for center species 8
     Calculating structure features for center species 1
     Calculating structure features for center species 6
     Calculating structure features for center species 7
     Calculating structure features for center species 8
DOING TEST BATCH 36 out of 50
Calculating composition features
Composition features done
Calculating nu = 2 invariants
Combining center species = 1
Combining center species = 6
Combining center species = 7
Combining center species = 8
Calculating nu = 2 equivariants
Calculating real CGs
CGs finished
Combining center species = 1
Combining center species = 6
Combining center species = 7
Combining center species = 8
Calculating nu = 3 invariants
Combining center species = 1
Combining center species = 6
Combining center species = 7
Combining center species = 8
nu = 1: 352
nu = 2: 5256
nu = 3: 56544
     Calculating structure features for center species 1
     Calculating structure features for center species 6
     Calculating structure features for center species 7
     Calculating structure features for center species 8
     Calculating structure features for center species 1
     Calculating structure features for center species 6
     Calculating structure features for center species 7
     Calculating structure features for center species 8
     Calculating structure features for center species 1
     Calculating structure features for center species 6
     Calculating structure features for center species 7
     Calculating structure features for center species 8
DOING TEST BATCH 37 out of 50
Calculating composition features
Composition features done
Calculating nu = 2 invariants
Combining center species = 1
Combining center species = 6
Combining center species = 7
Combining center species = 8
Calculating nu = 2 equivariants
Calculating real CGs
CGs finished
Combining center species = 1
Combining center species = 6
Combining center species = 7
Combining center species = 8
Calculating nu = 3 invariants
Combining center species = 1
Combining center species = 6
Combining center species = 7
Combining center species = 8
nu = 1: 352
nu = 2: 5256
nu = 3: 56544
     Calculating structure features for center species 1
     Calculating structure features for center species 6
     Calculating structure features for center species 7
     Calculating structure features for center species 8
     Calculating structure features for center species 1
     Calculating structure features for center species 6
     Calculating structure features for center species 7
     Calculating structure features for center species 8
     Calculating structure features for center species 1
     Calculating structure features for center species 6
     Calculating structure features for center species 7
     Calculating structure features for center species 8
DOING TEST BATCH 38 out of 50
Calculating composition features
Composition features done
Calculating nu = 2 invariants
Combining center species = 1
Combining center species = 6
Combining center species = 7
Combining center species = 8
Calculating nu = 2 equivariants
Calculating real CGs
CGs finished
Combining center species = 1
Combining center species = 6
Combining center species = 7
Combining center species = 8
Calculating nu = 3 invariants
Combining center species = 1
Combining center species = 6
Combining center species = 7
Combining center species = 8
nu = 1: 352
nu = 2: 5256
nu = 3: 56544
     Calculating structure features for center species 1
     Calculating structure features for center species 6
     Calculating structure features for center species 7
     Calculating structure features for center species 8
     Calculating structure features for center species 1
     Calculating structure features for center species 6
     Calculating structure features for center species 7
     Calculating structure features for center species 8
     Calculating structure features for center species 1
     Calculating structure features for center species 6
     Calculating structure features for center species 7
     Calculating structure features for center species 8
DOING TEST BATCH 39 out of 50
Calculating composition features
Composition features done
Calculating nu = 2 invariants
Combining center species = 1
Combining center species = 6
Combining center species = 7
Combining center species = 8
Calculating nu = 2 equivariants
Calculating real CGs
CGs finished
Combining center species = 1
Combining center species = 6
Combining center species = 7
Combining center species = 8
Calculating nu = 3 invariants
Combining center species = 1
Combining center species = 6
Combining center species = 7
Combining center species = 8
nu = 1: 352
nu = 2: 5256
nu = 3: 56544
     Calculating structure features for center species 1
     Calculating structure features for center species 6
     Calculating structure features for center species 7
     Calculating structure features for center species 8
     Calculating structure features for center species 1
     Calculating structure features for center species 6
     Calculating structure features for center species 7
     Calculating structure features for center species 8
     Calculating structure features for center species 1
     Calculating structure features for center species 6
     Calculating structure features for center species 7
     Calculating structure features for center species 8
DOING TEST BATCH 40 out of 50
Calculating composition features
Composition features done
Calculating nu = 2 invariants
Combining center species = 1
Combining center species = 6
Combining center species = 7
Combining center species = 8
Calculating nu = 2 equivariants
Calculating real CGs
CGs finished
Combining center species = 1
Combining center species = 6
Combining center species = 7
Combining center species = 8
Calculating nu = 3 invariants
Combining center species = 1
Combining center species = 6
Combining center species = 7
Combining center species = 8
nu = 1: 352
nu = 2: 5256
nu = 3: 56544
     Calculating structure features for center species 1
     Calculating structure features for center species 6
     Calculating structure features for center species 7
     Calculating structure features for center species 8
     Calculating structure features for center species 1
     Calculating structure features for center species 6
     Calculating structure features for center species 7
     Calculating structure features for center species 8
     Calculating structure features for center species 1
     Calculating structure features for center species 6
     Calculating structure features for center species 7
     Calculating structure features for center species 8
DOING TEST BATCH 41 out of 50
Calculating composition features
Composition features done
Calculating nu = 2 invariants
Combining center species = 1
Combining center species = 6
Combining center species = 7
Combining center species = 8
Calculating nu = 2 equivariants
Calculating real CGs
CGs finished
Combining center species = 1
Combining center species = 6
Combining center species = 7
Combining center species = 8
Calculating nu = 3 invariants
Combining center species = 1
Combining center species = 6
Combining center species = 7
Combining center species = 8
nu = 1: 352
nu = 2: 5256
nu = 3: 56544
     Calculating structure features for center species 1
     Calculating structure features for center species 6
     Calculating structure features for center species 7
     Calculating structure features for center species 8
     Calculating structure features for center species 1
     Calculating structure features for center species 6
     Calculating structure features for center species 7
     Calculating structure features for center species 8
     Calculating structure features for center species 1
     Calculating structure features for center species 6
     Calculating structure features for center species 7
     Calculating structure features for center species 8
DOING TEST BATCH 42 out of 50
Calculating composition features
Composition features done
Calculating nu = 2 invariants
Combining center species = 1
Combining center species = 6
Combining center species = 7
Combining center species = 8
Calculating nu = 2 equivariants
Calculating real CGs
CGs finished
Combining center species = 1
Combining center species = 6
Combining center species = 7
Combining center species = 8
Calculating nu = 3 invariants
Combining center species = 1
Combining center species = 6
Combining center species = 7
Combining center species = 8
nu = 1: 352
nu = 2: 5256
nu = 3: 56544
     Calculating structure features for center species 1
     Calculating structure features for center species 6
     Calculating structure features for center species 7
     Calculating structure features for center species 8
     Calculating structure features for center species 1
     Calculating structure features for center species 6
     Calculating structure features for center species 7
     Calculating structure features for center species 8
     Calculating structure features for center species 1
     Calculating structure features for center species 6
     Calculating structure features for center species 7
     Calculating structure features for center species 8
DOING TEST BATCH 43 out of 50
Calculating composition features
Composition features done
Calculating nu = 2 invariants
Combining center species = 1
Combining center species = 6
Combining center species = 7
Combining center species = 8
Calculating nu = 2 equivariants
Calculating real CGs
CGs finished
Combining center species = 1
Combining center species = 6
Combining center species = 7
Combining center species = 8
Calculating nu = 3 invariants
Combining center species = 1
Combining center species = 6
Combining center species = 7
Combining center species = 8
nu = 1: 352
nu = 2: 5256
nu = 3: 56544
     Calculating structure features for center species 1
     Calculating structure features for center species 6
     Calculating structure features for center species 7
     Calculating structure features for center species 8
     Calculating structure features for center species 1
     Calculating structure features for center species 6
     Calculating structure features for center species 7
     Calculating structure features for center species 8
     Calculating structure features for center species 1
     Calculating structure features for center species 6
     Calculating structure features for center species 7
     Calculating structure features for center species 8
DOING TEST BATCH 44 out of 50
Calculating composition features
Composition features done
Calculating nu = 2 invariants
Combining center species = 1
Combining center species = 6
Combining center species = 7
Combining center species = 8
Calculating nu = 2 equivariants
Calculating real CGs
CGs finished
Combining center species = 1
Combining center species = 6
Combining center species = 7
Combining center species = 8
Calculating nu = 3 invariants
Combining center species = 1
Combining center species = 6
Combining center species = 7
Combining center species = 8
nu = 1: 352
nu = 2: 5256
nu = 3: 56544
     Calculating structure features for center species 1
     Calculating structure features for center species 6
     Calculating structure features for center species 7
     Calculating structure features for center species 8
     Calculating structure features for center species 1
     Calculating structure features for center species 6
     Calculating structure features for center species 7
     Calculating structure features for center species 8
     Calculating structure features for center species 1
     Calculating structure features for center species 6
     Calculating structure features for center species 7
     Calculating structure features for center species 8
DOING TEST BATCH 45 out of 50
Calculating composition features
Composition features done
Calculating nu = 2 invariants
Combining center species = 1
Combining center species = 6
Combining center species = 7
Combining center species = 8
Calculating nu = 2 equivariants
Calculating real CGs
CGs finished
Combining center species = 1
Combining center species = 6
Combining center species = 7
Combining center species = 8
Calculating nu = 3 invariants
Combining center species = 1
Combining center species = 6
Combining center species = 7
Combining center species = 8
nu = 1: 352
nu = 2: 5256
nu = 3: 56544
     Calculating structure features for center species 1
     Calculating structure features for center species 6
     Calculating structure features for center species 7
     Calculating structure features for center species 8
     Calculating structure features for center species 1
     Calculating structure features for center species 6
     Calculating structure features for center species 7
     Calculating structure features for center species 8
     Calculating structure features for center species 1
     Calculating structure features for center species 6
     Calculating structure features for center species 7
     Calculating structure features for center species 8
DOING TEST BATCH 46 out of 50
Calculating composition features
Composition features done
Calculating nu = 2 invariants
Combining center species = 1
Combining center species = 6
Combining center species = 7
Combining center species = 8
Calculating nu = 2 equivariants
Calculating real CGs
CGs finished
Combining center species = 1
Combining center species = 6
Combining center species = 7
Combining center species = 8
Calculating nu = 3 invariants
Combining center species = 1
Combining center species = 6
Combining center species = 7
Combining center species = 8
nu = 1: 352
nu = 2: 5256
nu = 3: 56544
     Calculating structure features for center species 1
     Calculating structure features for center species 6
     Calculating structure features for center species 7
     Calculating structure features for center species 8
     Calculating structure features for center species 1
     Calculating structure features for center species 6
     Calculating structure features for center species 7
     Calculating structure features for center species 8
     Calculating structure features for center species 1
     Calculating structure features for center species 6
     Calculating structure features for center species 7
     Calculating structure features for center species 8
DOING TEST BATCH 47 out of 50
Calculating composition features
Composition features done
Calculating nu = 2 invariants
Combining center species = 1
Combining center species = 6
Combining center species = 7
Combining center species = 8
Calculating nu = 2 equivariants
Calculating real CGs
CGs finished
Combining center species = 1
Combining center species = 6
Combining center species = 7
Combining center species = 8
Calculating nu = 3 invariants
Combining center species = 1
Combining center species = 6
Combining center species = 7
Combining center species = 8
nu = 1: 352
nu = 2: 5256
nu = 3: 56544
     Calculating structure features for center species 1
     Calculating structure features for center species 6
     Calculating structure features for center species 7
     Calculating structure features for center species 8
     Calculating structure features for center species 1
     Calculating structure features for center species 6
     Calculating structure features for center species 7
     Calculating structure features for center species 8
     Calculating structure features for center species 1
     Calculating structure features for center species 6
     Calculating structure features for center species 7
     Calculating structure features for center species 8
DOING TEST BATCH 48 out of 50
Calculating composition features
Composition features done
Calculating nu = 2 invariants
Combining center species = 1
Combining center species = 6
Combining center species = 7
Combining center species = 8
Calculating nu = 2 equivariants
Calculating real CGs
CGs finished
Combining center species = 1
Combining center species = 6
Combining center species = 7
Combining center species = 8
Calculating nu = 3 invariants
Combining center species = 1
Combining center species = 6
Combining center species = 7
Combining center species = 8
nu = 1: 352
nu = 2: 5256
nu = 3: 56544
     Calculating structure features for center species 1
     Calculating structure features for center species 6
     Calculating structure features for center species 7
     Calculating structure features for center species 8
     Calculating structure features for center species 1
     Calculating structure features for center species 6
     Calculating structure features for center species 7
     Calculating structure features for center species 8
     Calculating structure features for center species 1
     Calculating structure features for center species 6
     Calculating structure features for center species 7
     Calculating structure features for center species 8
DOING TEST BATCH 49 out of 50
Calculating composition features
Composition features done
Calculating nu = 2 invariants
Combining center species = 1
Combining center species = 6
Combining center species = 7
Combining center species = 8
Calculating nu = 2 equivariants
Calculating real CGs
CGs finished
Combining center species = 1
Combining center species = 6
Combining center species = 7
Combining center species = 8
Calculating nu = 3 invariants
Combining center species = 1
Combining center species = 6
Combining center species = 7
Combining center species = 8
nu = 1: 352
nu = 2: 5256
nu = 3: 56544
     Calculating structure features for center species 1
     Calculating structure features for center species 6
     Calculating structure features for center species 7
     Calculating structure features for center species 8
     Calculating structure features for center species 1
     Calculating structure features for center species 6
     Calculating structure features for center species 7
     Calculating structure features for center species 8
     Calculating structure features for center species 1
     Calculating structure features for center species 6
     Calculating structure features for center species 7
     Calculating structure features for center species 8
DOING TEST BATCH 50 out of 50
Calculating composition features
Composition features done
Calculating nu = 2 invariants
Combining center species = 1
Combining center species = 6
Combining center species = 7
Combining center species = 8
Calculating nu = 2 equivariants
Calculating real CGs
CGs finished
Combining center species = 1
Combining center species = 6
Combining center species = 7
Combining center species = 8
Calculating nu = 3 invariants
Combining center species = 1
Combining center species = 6
Combining center species = 7
Combining center species = 8
nu = 1: 352
nu = 2: 5256
nu = 3: 56544
     Calculating structure features for center species 1
     Calculating structure features for center species 6
     Calculating structure features for center species 7
     Calculating structure features for center species 8
     Calculating structure features for center species 1
     Calculating structure features for center species 6
     Calculating structure features for center species 7
     Calculating structure features for center species 8
     Calculating structure features for center species 1
     Calculating structure features for center species 6
     Calculating structure features for center species 7
     Calculating structure features for center species 8
Features done
Beginning hyperparameter optimization
Number of features:  62153
-13.0 1.6762397639869687e-05 222.81490014572242 164.07890487940608 0.013782671871545958 794.5594720432986 501.4864424071412
-12.75 1.5827534915430983e-05 119.79067247368035 87.74448710141331 0.013998345931447954 423.7335496050939 267.3375331704942
-12.5 1.627877681985e-05 68.89776260525731 49.63608309323341 0.014306591357609803 245.24666859540991 155.77325202723785
-12.25 1.846612212549672e-05 40.9545572116813 28.96550457032025 0.014471692002393809 148.43037504581173 95.79217757486248
-12.0 2.5026699381465942e-05 27.65290634914692 19.651571878753604 0.015493263197699446 101.22513575214559 67.10111002904775
-11.75 4.027179939823701e-05 22.556301181948413 16.533395903661848 0.018627977472874483 81.78372716539239 55.423927561524735
-11.5 7.003477690509692e-05 21.055691683355928 15.686374837875366 0.02629506843960268 74.95201654338942 51.24855076496989
-11.25 0.00012428293262388825 20.767534796422574 15.534174601301551 0.042029088175365215 72.8226768735313 49.90652606191143
-11.0 0.00022059917893118528 20.788946347861252 15.622383175984025 0.07092450000256877 72.16074089172086 49.47525602083876
-10.75 0.00038914567950001157 20.847663540678283 15.688356948785485 0.12084909581483254 71.86049553267593 49.24507747339953
-10.5 0.0006800674577779798 20.879867306255694 15.688372034437954 0.20347115190764123 71.55627861745154 48.992690185193005
-10.25 0.0011731282458297115 20.878993294002292 15.638359266512095 0.3345124838451463 71.12689550386254 48.6473031965104
-10.0 0.001988784001831597 20.853856863583466 15.564841599732638 0.5332786372105189 70.54019480513384 48.18602032799094
-9.75 0.0032975925651588193 20.816592940634067 15.494917410381138 0.8225218884759488 69.81245944681798 47.61077625377702
-9.5 0.005324478412149548 20.778901551734467 15.462791329041123 1.2298566574696677 68.98994164520518 46.964587734380146
-9.25 0.008347669162919458 20.75585915383525 15.421147705756129 1.7900287284734941 68.13365730097203 46.28236441180408
-9.0 0.012701961896277534 20.76848000667155 15.398723382733762 2.5459396745457585 67.31063545442281 45.61499885124284
-8.75 0.018795716719824964 20.83082784854481 15.38124845329672 3.5482076717938518 66.58845820007983 45.050910582303445
-8.5 0.027103970732032256 20.929516211091332 15.36433543498814 4.85548826236576 66.0286845530191 44.63091897968415
-8.25 0.03807536303379751 21.02337189038809 15.404922723419965 6.535010873099147 65.68806605303335 44.35154597548951
-8.0 0.0520232372219491 21.07874165862462 15.563312829755247 8.65861172627426 65.63354701302448 44.25673158810369
-7.75 0.06917384451094591 21.119121620248944 15.710988007590174 11.294166134405582 65.96030411039321 44.50446512491775
-7.5 0.08990072270314062 21.231969823186862 15.975652663134039 14.501746621968719 66.79551288787611 45.12485326090139
-7.25 0.11502104057026379 21.517610888114216 16.471866596490145 18.345164359630033 68.29321016412511 46.17834964527307
-7.0 0.1460941878806467 22.05925287857253 17.121371458783745 22.918849605719338 70.65108446988833 47.80310580648503
-6.75 0.1859993310139008 22.95612474192274 17.855651508271695 28.375334195625655 74.1456442221769 50.19258679405385
-6.5 0.24046053947551385 24.347359088973985 19.002994917951526 34.9448838815656 79.1498985713526 53.55568370932983
-6.25 0.32068968994367175 26.37367312779977 20.623864864349365 42.96865779987228 86.14248270314555 58.262904377527356
-6.0 0.44565410929450666 29.127110079934177 22.64237306331098 52.966127648243315 95.75012949783824 64.73096882356425
-5.75 0.6418556441126362 32.65915871436029 25.493764953769745 65.7070508080604 108.80943506763077 73.55505978972495
-5.5 0.9413710453991723 37.019171627535385 29.14884361114353 82.2231677565831 126.36073491837905 85.36066124411154
-5.25 1.3857819543912928 42.266995381436395 33.46075158529729 103.74739895761971 149.53592677331997 100.7790315273794
-5.0 2.0488065653151746 48.4933583682204 38.49117592645437 131.6572651762263 179.43725354237702 120.3542941371325
-4.75 3.0839029380391993 55.87837166121058 43.9231072306037 167.40579802569093 217.06230135992828 144.63981865859108
-4.5 4.779033729586297 64.65754501575692 50.497989658467475 212.24445605039753 263.16326141212045 174.15639753647574
-4.25 7.579875243105081 74.85937967868855 58.207839614361525 266.69445955649155 318.0164406237347 209.53441537261887
-4.0 12.086372700037304 86.18499548762392 66.90512037845701 330.11049457787993 381.2788595156813 251.0233622440938
-3.75 19.083034043906743 98.33575152016824 76.30033126603067 400.6435331892411 451.8796364944836 298.43932198604136
-3.5 29.565007117967237 111.26525895097551 86.0957888321653 475.7774281208058 528.018364726413 351.1844729040459
-3.25 44.583752312123934 125.23650037092605 96.1227924105823 553.7688145438599 608.1669438824858 409.1884838163737
-3.0 64.90841211273211 140.93053466910573 107.6433344737813 635.3149278028925 692.8087321065508 474.1171207400657
-8.5 15.36433543498814
n_train: 50 n_features: 62153
Test set RMSE (E): 20.929516185788167 [MAE (E): 15.364335399486125], RMSE (F): 66.02868434604 [MAE (F): 44.63091885924926]
