Random seed: 0
Calculating features on cpu
Dataset path: datasets/rmd17/uracil3.extxyz
n_elems: 4
Number of atoms in each molecule: 12
[0.0, 110.0, 100.0, 120.0]
[1e+30, 3571.4165275784317, 452.25208482551375, 289.7965265818635]
Reading dataset
Shuffling and extracting from dataset
Shuffling and extraction done
All species: [1 6 7 8]
Spherical expansion: n_max = 6, l_max = 15
DOING TRAIN BATCH 1 out of 10
Calculating composition features
Composition features done
Calculating nu = 2 invariants
Combining center species = 1
Combining center species = 6
Combining center species = 7
Combining center species = 8
Calculating nu = 2 equivariants
Calculating real CGs
CGs finished
Combining center species = 1
Combining center species = 6
Combining center species = 7
Combining center species = 8
Calculating nu = 3 invariants
Combining center species = 1
Combining center species = 6
Combining center species = 7
Combining center species = 8
nu = 1: 304
nu = 2: 3968
nu = 3: 39776
     Calculating structure features for center species 1
     Calculating structure features for center species 6
     Calculating structure features for center species 7
     Calculating structure features for center species 8
     Calculating structure features for center species 1
     Calculating structure features for center species 6
     Calculating structure features for center species 7
     Calculating structure features for center species 8
     Calculating structure features for center species 1
     Calculating structure features for center species 6
     Calculating structure features for center species 7
     Calculating structure features for center species 8
DOING TRAIN BATCH 2 out of 10
Calculating composition features
Composition features done
Calculating nu = 2 invariants
Combining center species = 1
Combining center species = 6
Combining center species = 7
Combining center species = 8
Calculating nu = 2 equivariants
Calculating real CGs
CGs finished
Combining center species = 1
Combining center species = 6
Combining center species = 7
Combining center species = 8
Calculating nu = 3 invariants
Combining center species = 1
Combining center species = 6
Combining center species = 7
Combining center species = 8
nu = 1: 304
nu = 2: 3968
nu = 3: 39776
     Calculating structure features for center species 1
     Calculating structure features for center species 6
     Calculating structure features for center species 7
     Calculating structure features for center species 8
     Calculating structure features for center species 1
     Calculating structure features for center species 6
     Calculating structure features for center species 7
     Calculating structure features for center species 8
     Calculating structure features for center species 1
     Calculating structure features for center species 6
     Calculating structure features for center species 7
     Calculating structure features for center species 8
DOING TRAIN BATCH 3 out of 10
Calculating composition features
Composition features done
Calculating nu = 2 invariants
Combining center species = 1
Combining center species = 6
Combining center species = 7
Combining center species = 8
Calculating nu = 2 equivariants
Calculating real CGs
CGs finished
Combining center species = 1
Combining center species = 6
Combining center species = 7
Combining center species = 8
Calculating nu = 3 invariants
Combining center species = 1
Combining center species = 6
Combining center species = 7
Combining center species = 8
nu = 1: 304
nu = 2: 3968
nu = 3: 39776
     Calculating structure features for center species 1
     Calculating structure features for center species 6
     Calculating structure features for center species 7
     Calculating structure features for center species 8
     Calculating structure features for center species 1
     Calculating structure features for center species 6
     Calculating structure features for center species 7
     Calculating structure features for center species 8
     Calculating structure features for center species 1
     Calculating structure features for center species 6
     Calculating structure features for center species 7
     Calculating structure features for center species 8
DOING TRAIN BATCH 4 out of 10
Calculating composition features
Composition features done
Calculating nu = 2 invariants
Combining center species = 1
Combining center species = 6
Combining center species = 7
Combining center species = 8
Calculating nu = 2 equivariants
Calculating real CGs
CGs finished
Combining center species = 1
Combining center species = 6
Combining center species = 7
Combining center species = 8
Calculating nu = 3 invariants
Combining center species = 1
Combining center species = 6
Combining center species = 7
Combining center species = 8
nu = 1: 304
nu = 2: 3968
nu = 3: 39776
     Calculating structure features for center species 1
     Calculating structure features for center species 6
     Calculating structure features for center species 7
     Calculating structure features for center species 8
     Calculating structure features for center species 1
     Calculating structure features for center species 6
     Calculating structure features for center species 7
     Calculating structure features for center species 8
     Calculating structure features for center species 1
     Calculating structure features for center species 6
     Calculating structure features for center species 7
     Calculating structure features for center species 8
DOING TRAIN BATCH 5 out of 10
Calculating composition features
Composition features done
Calculating nu = 2 invariants
Combining center species = 1
Combining center species = 6
Combining center species = 7
Combining center species = 8
Calculating nu = 2 equivariants
Calculating real CGs
CGs finished
Combining center species = 1
Combining center species = 6
Combining center species = 7
Combining center species = 8
Calculating nu = 3 invariants
Combining center species = 1
Combining center species = 6
Combining center species = 7
Combining center species = 8
nu = 1: 304
nu = 2: 3968
nu = 3: 39776
     Calculating structure features for center species 1
     Calculating structure features for center species 6
     Calculating structure features for center species 7
     Calculating structure features for center species 8
     Calculating structure features for center species 1
     Calculating structure features for center species 6
     Calculating structure features for center species 7
     Calculating structure features for center species 8
     Calculating structure features for center species 1
     Calculating structure features for center species 6
     Calculating structure features for center species 7
     Calculating structure features for center species 8
DOING TRAIN BATCH 6 out of 10
Calculating composition features
Composition features done
Calculating nu = 2 invariants
Combining center species = 1
Combining center species = 6
Combining center species = 7
Combining center species = 8
Calculating nu = 2 equivariants
Calculating real CGs
CGs finished
Combining center species = 1
Combining center species = 6
Combining center species = 7
Combining center species = 8
Calculating nu = 3 invariants
Combining center species = 1
Combining center species = 6
Combining center species = 7
Combining center species = 8
nu = 1: 304
nu = 2: 3968
nu = 3: 39776
     Calculating structure features for center species 1
     Calculating structure features for center species 6
     Calculating structure features for center species 7
     Calculating structure features for center species 8
     Calculating structure features for center species 1
     Calculating structure features for center species 6
     Calculating structure features for center species 7
     Calculating structure features for center species 8
     Calculating structure features for center species 1
     Calculating structure features for center species 6
     Calculating structure features for center species 7
     Calculating structure features for center species 8
DOING TRAIN BATCH 7 out of 10
Calculating composition features
Composition features done
Calculating nu = 2 invariants
Combining center species = 1
Combining center species = 6
Combining center species = 7
Combining center species = 8
Calculating nu = 2 equivariants
Calculating real CGs
CGs finished
Combining center species = 1
Combining center species = 6
Combining center species = 7
Combining center species = 8
Calculating nu = 3 invariants
Combining center species = 1
Combining center species = 6
Combining center species = 7
Combining center species = 8
nu = 1: 304
nu = 2: 3968
nu = 3: 39776
     Calculating structure features for center species 1
     Calculating structure features for center species 6
     Calculating structure features for center species 7
     Calculating structure features for center species 8
     Calculating structure features for center species 1
     Calculating structure features for center species 6
     Calculating structure features for center species 7
     Calculating structure features for center species 8
     Calculating structure features for center species 1
     Calculating structure features for center species 6
     Calculating structure features for center species 7
     Calculating structure features for center species 8
DOING TRAIN BATCH 8 out of 10
Calculating composition features
Composition features done
Calculating nu = 2 invariants
Combining center species = 1
Combining center species = 6
Combining center species = 7
Combining center species = 8
Calculating nu = 2 equivariants
Calculating real CGs
CGs finished
Combining center species = 1
Combining center species = 6
Combining center species = 7
Combining center species = 8
Calculating nu = 3 invariants
Combining center species = 1
Combining center species = 6
Combining center species = 7
Combining center species = 8
nu = 1: 304
nu = 2: 3968
nu = 3: 39776
     Calculating structure features for center species 1
     Calculating structure features for center species 6
     Calculating structure features for center species 7
     Calculating structure features for center species 8
     Calculating structure features for center species 1
     Calculating structure features for center species 6
     Calculating structure features for center species 7
     Calculating structure features for center species 8
     Calculating structure features for center species 1
     Calculating structure features for center species 6
     Calculating structure features for center species 7
     Calculating structure features for center species 8
DOING TRAIN BATCH 9 out of 10
Calculating composition features
Composition features done
Calculating nu = 2 invariants
Combining center species = 1
Combining center species = 6
Combining center species = 7
Combining center species = 8
Calculating nu = 2 equivariants
Calculating real CGs
CGs finished
Combining center species = 1
Combining center species = 6
Combining center species = 7
Combining center species = 8
Calculating nu = 3 invariants
Combining center species = 1
Combining center species = 6
Combining center species = 7
Combining center species = 8
nu = 1: 304
nu = 2: 3968
nu = 3: 39776
     Calculating structure features for center species 1
     Calculating structure features for center species 6
     Calculating structure features for center species 7
     Calculating structure features for center species 8
     Calculating structure features for center species 1
     Calculating structure features for center species 6
     Calculating structure features for center species 7
     Calculating structure features for center species 8
     Calculating structure features for center species 1
     Calculating structure features for center species 6
     Calculating structure features for center species 7
     Calculating structure features for center species 8
DOING TRAIN BATCH 10 out of 10
Calculating composition features
Composition features done
Calculating nu = 2 invariants
Combining center species = 1
Combining center species = 6
Combining center species = 7
Combining center species = 8
Calculating nu = 2 equivariants
Calculating real CGs
CGs finished
Combining center species = 1
Combining center species = 6
Combining center species = 7
Combining center species = 8
Calculating nu = 3 invariants
Combining center species = 1
Combining center species = 6
Combining center species = 7
Combining center species = 8
nu = 1: 304
nu = 2: 3968
nu = 3: 39776
     Calculating structure features for center species 1
     Calculating structure features for center species 6
     Calculating structure features for center species 7
     Calculating structure features for center species 8
     Calculating structure features for center species 1
     Calculating structure features for center species 6
     Calculating structure features for center species 7
     Calculating structure features for center species 8
     Calculating structure features for center species 1
     Calculating structure features for center species 6
     Calculating structure features for center species 7
     Calculating structure features for center species 8
DOING TEST BATCH 1 out of 50
Calculating composition features
Composition features done
Calculating nu = 2 invariants
Combining center species = 1
Combining center species = 6
Combining center species = 7
Combining center species = 8
Calculating nu = 2 equivariants
Calculating real CGs
CGs finished
Combining center species = 1
Combining center species = 6
Combining center species = 7
Combining center species = 8
Calculating nu = 3 invariants
Combining center species = 1
Combining center species = 6
Combining center species = 7
Combining center species = 8
nu = 1: 304
nu = 2: 3968
nu = 3: 39776
     Calculating structure features for center species 1
     Calculating structure features for center species 6
     Calculating structure features for center species 7
     Calculating structure features for center species 8
     Calculating structure features for center species 1
     Calculating structure features for center species 6
     Calculating structure features for center species 7
     Calculating structure features for center species 8
     Calculating structure features for center species 1
     Calculating structure features for center species 6
     Calculating structure features for center species 7
     Calculating structure features for center species 8
DOING TEST BATCH 2 out of 50
Calculating composition features
Composition features done
Calculating nu = 2 invariants
Combining center species = 1
Combining center species = 6
Combining center species = 7
Combining center species = 8
Calculating nu = 2 equivariants
Calculating real CGs
CGs finished
Combining center species = 1
Combining center species = 6
Combining center species = 7
Combining center species = 8
Calculating nu = 3 invariants
Combining center species = 1
Combining center species = 6
Combining center species = 7
Combining center species = 8
nu = 1: 304
nu = 2: 3968
nu = 3: 39776
     Calculating structure features for center species 1
     Calculating structure features for center species 6
     Calculating structure features for center species 7
     Calculating structure features for center species 8
     Calculating structure features for center species 1
     Calculating structure features for center species 6
     Calculating structure features for center species 7
     Calculating structure features for center species 8
     Calculating structure features for center species 1
     Calculating structure features for center species 6
     Calculating structure features for center species 7
     Calculating structure features for center species 8
DOING TEST BATCH 3 out of 50
Calculating composition features
Composition features done
Calculating nu = 2 invariants
Combining center species = 1
Combining center species = 6
Combining center species = 7
Combining center species = 8
Calculating nu = 2 equivariants
Calculating real CGs
CGs finished
Combining center species = 1
Combining center species = 6
Combining center species = 7
Combining center species = 8
Calculating nu = 3 invariants
Combining center species = 1
Combining center species = 6
Combining center species = 7
Combining center species = 8
nu = 1: 304
nu = 2: 3968
nu = 3: 39776
     Calculating structure features for center species 1
     Calculating structure features for center species 6
     Calculating structure features for center species 7
     Calculating structure features for center species 8
     Calculating structure features for center species 1
     Calculating structure features for center species 6
     Calculating structure features for center species 7
     Calculating structure features for center species 8
     Calculating structure features for center species 1
     Calculating structure features for center species 6
     Calculating structure features for center species 7
     Calculating structure features for center species 8
DOING TEST BATCH 4 out of 50
Calculating composition features
Composition features done
Calculating nu = 2 invariants
Combining center species = 1
Combining center species = 6
Combining center species = 7
Combining center species = 8
Calculating nu = 2 equivariants
Calculating real CGs
CGs finished
Combining center species = 1
Combining center species = 6
Combining center species = 7
Combining center species = 8
Calculating nu = 3 invariants
Combining center species = 1
Combining center species = 6
Combining center species = 7
Combining center species = 8
nu = 1: 304
nu = 2: 3968
nu = 3: 39776
     Calculating structure features for center species 1
     Calculating structure features for center species 6
     Calculating structure features for center species 7
     Calculating structure features for center species 8
     Calculating structure features for center species 1
     Calculating structure features for center species 6
     Calculating structure features for center species 7
     Calculating structure features for center species 8
     Calculating structure features for center species 1
     Calculating structure features for center species 6
     Calculating structure features for center species 7
     Calculating structure features for center species 8
DOING TEST BATCH 5 out of 50
Calculating composition features
Composition features done
Calculating nu = 2 invariants
Combining center species = 1
Combining center species = 6
Combining center species = 7
Combining center species = 8
Calculating nu = 2 equivariants
Calculating real CGs
CGs finished
Combining center species = 1
Combining center species = 6
Combining center species = 7
Combining center species = 8
Calculating nu = 3 invariants
Combining center species = 1
Combining center species = 6
Combining center species = 7
Combining center species = 8
nu = 1: 304
nu = 2: 3968
nu = 3: 39776
     Calculating structure features for center species 1
     Calculating structure features for center species 6
     Calculating structure features for center species 7
     Calculating structure features for center species 8
     Calculating structure features for center species 1
     Calculating structure features for center species 6
     Calculating structure features for center species 7
     Calculating structure features for center species 8
     Calculating structure features for center species 1
     Calculating structure features for center species 6
     Calculating structure features for center species 7
     Calculating structure features for center species 8
DOING TEST BATCH 6 out of 50
Calculating composition features
Composition features done
Calculating nu = 2 invariants
Combining center species = 1
Combining center species = 6
Combining center species = 7
Combining center species = 8
Calculating nu = 2 equivariants
Calculating real CGs
CGs finished
Combining center species = 1
Combining center species = 6
Combining center species = 7
Combining center species = 8
Calculating nu = 3 invariants
Combining center species = 1
Combining center species = 6
Combining center species = 7
Combining center species = 8
nu = 1: 304
nu = 2: 3968
nu = 3: 39776
     Calculating structure features for center species 1
     Calculating structure features for center species 6
     Calculating structure features for center species 7
     Calculating structure features for center species 8
     Calculating structure features for center species 1
     Calculating structure features for center species 6
     Calculating structure features for center species 7
     Calculating structure features for center species 8
     Calculating structure features for center species 1
     Calculating structure features for center species 6
     Calculating structure features for center species 7
     Calculating structure features for center species 8
DOING TEST BATCH 7 out of 50
Calculating composition features
Composition features done
Calculating nu = 2 invariants
Combining center species = 1
Combining center species = 6
Combining center species = 7
Combining center species = 8
Calculating nu = 2 equivariants
Calculating real CGs
CGs finished
Combining center species = 1
Combining center species = 6
Combining center species = 7
Combining center species = 8
Calculating nu = 3 invariants
Combining center species = 1
Combining center species = 6
Combining center species = 7
Combining center species = 8
nu = 1: 304
nu = 2: 3968
nu = 3: 39776
     Calculating structure features for center species 1
     Calculating structure features for center species 6
     Calculating structure features for center species 7
     Calculating structure features for center species 8
     Calculating structure features for center species 1
     Calculating structure features for center species 6
     Calculating structure features for center species 7
     Calculating structure features for center species 8
     Calculating structure features for center species 1
     Calculating structure features for center species 6
     Calculating structure features for center species 7
     Calculating structure features for center species 8
DOING TEST BATCH 8 out of 50
Calculating composition features
Composition features done
Calculating nu = 2 invariants
Combining center species = 1
Combining center species = 6
Combining center species = 7
Combining center species = 8
Calculating nu = 2 equivariants
Calculating real CGs
CGs finished
Combining center species = 1
Combining center species = 6
Combining center species = 7
Combining center species = 8
Calculating nu = 3 invariants
Combining center species = 1
Combining center species = 6
Combining center species = 7
Combining center species = 8
nu = 1: 304
nu = 2: 3968
nu = 3: 39776
     Calculating structure features for center species 1
     Calculating structure features for center species 6
     Calculating structure features for center species 7
     Calculating structure features for center species 8
     Calculating structure features for center species 1
     Calculating structure features for center species 6
     Calculating structure features for center species 7
     Calculating structure features for center species 8
     Calculating structure features for center species 1
     Calculating structure features for center species 6
     Calculating structure features for center species 7
     Calculating structure features for center species 8
DOING TEST BATCH 9 out of 50
Calculating composition features
Composition features done
Calculating nu = 2 invariants
Combining center species = 1
Combining center species = 6
Combining center species = 7
Combining center species = 8
Calculating nu = 2 equivariants
Calculating real CGs
CGs finished
Combining center species = 1
Combining center species = 6
Combining center species = 7
Combining center species = 8
Calculating nu = 3 invariants
Combining center species = 1
Combining center species = 6
Combining center species = 7
Combining center species = 8
nu = 1: 304
nu = 2: 3968
nu = 3: 39776
     Calculating structure features for center species 1
     Calculating structure features for center species 6
     Calculating structure features for center species 7
     Calculating structure features for center species 8
     Calculating structure features for center species 1
     Calculating structure features for center species 6
     Calculating structure features for center species 7
     Calculating structure features for center species 8
     Calculating structure features for center species 1
     Calculating structure features for center species 6
     Calculating structure features for center species 7
     Calculating structure features for center species 8
DOING TEST BATCH 10 out of 50
Calculating composition features
Composition features done
Calculating nu = 2 invariants
Combining center species = 1
Combining center species = 6
Combining center species = 7
Combining center species = 8
Calculating nu = 2 equivariants
Calculating real CGs
CGs finished
Combining center species = 1
Combining center species = 6
Combining center species = 7
Combining center species = 8
Calculating nu = 3 invariants
Combining center species = 1
Combining center species = 6
Combining center species = 7
Combining center species = 8
nu = 1: 304
nu = 2: 3968
nu = 3: 39776
     Calculating structure features for center species 1
     Calculating structure features for center species 6
     Calculating structure features for center species 7
     Calculating structure features for center species 8
     Calculating structure features for center species 1
     Calculating structure features for center species 6
     Calculating structure features for center species 7
     Calculating structure features for center species 8
     Calculating structure features for center species 1
     Calculating structure features for center species 6
     Calculating structure features for center species 7
     Calculating structure features for center species 8
DOING TEST BATCH 11 out of 50
Calculating composition features
Composition features done
Calculating nu = 2 invariants
Combining center species = 1
Combining center species = 6
Combining center species = 7
Combining center species = 8
Calculating nu = 2 equivariants
Calculating real CGs
CGs finished
Combining center species = 1
Combining center species = 6
Combining center species = 7
Combining center species = 8
Calculating nu = 3 invariants
Combining center species = 1
Combining center species = 6
Combining center species = 7
Combining center species = 8
nu = 1: 304
nu = 2: 3968
nu = 3: 39776
     Calculating structure features for center species 1
     Calculating structure features for center species 6
     Calculating structure features for center species 7
     Calculating structure features for center species 8
     Calculating structure features for center species 1
     Calculating structure features for center species 6
     Calculating structure features for center species 7
     Calculating structure features for center species 8
     Calculating structure features for center species 1
     Calculating structure features for center species 6
     Calculating structure features for center species 7
     Calculating structure features for center species 8
DOING TEST BATCH 12 out of 50
Calculating composition features
Composition features done
Calculating nu = 2 invariants
Combining center species = 1
Combining center species = 6
Combining center species = 7
Combining center species = 8
Calculating nu = 2 equivariants
Calculating real CGs
CGs finished
Combining center species = 1
Combining center species = 6
Combining center species = 7
Combining center species = 8
Calculating nu = 3 invariants
Combining center species = 1
Combining center species = 6
Combining center species = 7
Combining center species = 8
nu = 1: 304
nu = 2: 3968
nu = 3: 39776
     Calculating structure features for center species 1
     Calculating structure features for center species 6
     Calculating structure features for center species 7
     Calculating structure features for center species 8
     Calculating structure features for center species 1
     Calculating structure features for center species 6
     Calculating structure features for center species 7
     Calculating structure features for center species 8
     Calculating structure features for center species 1
     Calculating structure features for center species 6
     Calculating structure features for center species 7
     Calculating structure features for center species 8
DOING TEST BATCH 13 out of 50
Calculating composition features
Composition features done
Calculating nu = 2 invariants
Combining center species = 1
Combining center species = 6
Combining center species = 7
Combining center species = 8
Calculating nu = 2 equivariants
Calculating real CGs
CGs finished
Combining center species = 1
Combining center species = 6
Combining center species = 7
Combining center species = 8
Calculating nu = 3 invariants
Combining center species = 1
Combining center species = 6
Combining center species = 7
Combining center species = 8
nu = 1: 304
nu = 2: 3968
nu = 3: 39776
     Calculating structure features for center species 1
     Calculating structure features for center species 6
     Calculating structure features for center species 7
     Calculating structure features for center species 8
     Calculating structure features for center species 1
     Calculating structure features for center species 6
     Calculating structure features for center species 7
     Calculating structure features for center species 8
     Calculating structure features for center species 1
     Calculating structure features for center species 6
     Calculating structure features for center species 7
     Calculating structure features for center species 8
DOING TEST BATCH 14 out of 50
Calculating composition features
Composition features done
Calculating nu = 2 invariants
Combining center species = 1
Combining center species = 6
Combining center species = 7
Combining center species = 8
Calculating nu = 2 equivariants
Calculating real CGs
CGs finished
Combining center species = 1
Combining center species = 6
Combining center species = 7
Combining center species = 8
Calculating nu = 3 invariants
Combining center species = 1
Combining center species = 6
Combining center species = 7
Combining center species = 8
nu = 1: 304
nu = 2: 3968
nu = 3: 39776
     Calculating structure features for center species 1
     Calculating structure features for center species 6
     Calculating structure features for center species 7
     Calculating structure features for center species 8
     Calculating structure features for center species 1
     Calculating structure features for center species 6
     Calculating structure features for center species 7
     Calculating structure features for center species 8
     Calculating structure features for center species 1
     Calculating structure features for center species 6
     Calculating structure features for center species 7
     Calculating structure features for center species 8
DOING TEST BATCH 15 out of 50
Calculating composition features
Composition features done
Calculating nu = 2 invariants
Combining center species = 1
Combining center species = 6
Combining center species = 7
Combining center species = 8
Calculating nu = 2 equivariants
Calculating real CGs
CGs finished
Combining center species = 1
Combining center species = 6
Combining center species = 7
Combining center species = 8
Calculating nu = 3 invariants
Combining center species = 1
Combining center species = 6
Combining center species = 7
Combining center species = 8
nu = 1: 304
nu = 2: 3968
nu = 3: 39776
     Calculating structure features for center species 1
     Calculating structure features for center species 6
     Calculating structure features for center species 7
     Calculating structure features for center species 8
     Calculating structure features for center species 1
     Calculating structure features for center species 6
     Calculating structure features for center species 7
     Calculating structure features for center species 8
     Calculating structure features for center species 1
     Calculating structure features for center species 6
     Calculating structure features for center species 7
     Calculating structure features for center species 8
DOING TEST BATCH 16 out of 50
Calculating composition features
Composition features done
Calculating nu = 2 invariants
Combining center species = 1
Combining center species = 6
Combining center species = 7
Combining center species = 8
Calculating nu = 2 equivariants
Calculating real CGs
CGs finished
Combining center species = 1
Combining center species = 6
Combining center species = 7
Combining center species = 8
Calculating nu = 3 invariants
Combining center species = 1
Combining center species = 6
Combining center species = 7
Combining center species = 8
nu = 1: 304
nu = 2: 3968
nu = 3: 39776
     Calculating structure features for center species 1
     Calculating structure features for center species 6
     Calculating structure features for center species 7
     Calculating structure features for center species 8
     Calculating structure features for center species 1
     Calculating structure features for center species 6
     Calculating structure features for center species 7
     Calculating structure features for center species 8
     Calculating structure features for center species 1
     Calculating structure features for center species 6
     Calculating structure features for center species 7
     Calculating structure features for center species 8
DOING TEST BATCH 17 out of 50
Calculating composition features
Composition features done
Calculating nu = 2 invariants
Combining center species = 1
Combining center species = 6
Combining center species = 7
Combining center species = 8
Calculating nu = 2 equivariants
Calculating real CGs
CGs finished
Combining center species = 1
Combining center species = 6
Combining center species = 7
Combining center species = 8
Calculating nu = 3 invariants
Combining center species = 1
Combining center species = 6
Combining center species = 7
Combining center species = 8
nu = 1: 304
nu = 2: 3968
nu = 3: 39776
     Calculating structure features for center species 1
     Calculating structure features for center species 6
     Calculating structure features for center species 7
     Calculating structure features for center species 8
     Calculating structure features for center species 1
     Calculating structure features for center species 6
     Calculating structure features for center species 7
     Calculating structure features for center species 8
     Calculating structure features for center species 1
     Calculating structure features for center species 6
     Calculating structure features for center species 7
     Calculating structure features for center species 8
DOING TEST BATCH 18 out of 50
Calculating composition features
Composition features done
Calculating nu = 2 invariants
Combining center species = 1
Combining center species = 6
Combining center species = 7
Combining center species = 8
Calculating nu = 2 equivariants
Calculating real CGs
CGs finished
Combining center species = 1
Combining center species = 6
Combining center species = 7
Combining center species = 8
Calculating nu = 3 invariants
Combining center species = 1
Combining center species = 6
Combining center species = 7
Combining center species = 8
nu = 1: 304
nu = 2: 3968
nu = 3: 39776
     Calculating structure features for center species 1
     Calculating structure features for center species 6
     Calculating structure features for center species 7
     Calculating structure features for center species 8
     Calculating structure features for center species 1
     Calculating structure features for center species 6
     Calculating structure features for center species 7
     Calculating structure features for center species 8
     Calculating structure features for center species 1
     Calculating structure features for center species 6
     Calculating structure features for center species 7
     Calculating structure features for center species 8
DOING TEST BATCH 19 out of 50
Calculating composition features
Composition features done
Calculating nu = 2 invariants
Combining center species = 1
Combining center species = 6
Combining center species = 7
Combining center species = 8
Calculating nu = 2 equivariants
Calculating real CGs
CGs finished
Combining center species = 1
Combining center species = 6
Combining center species = 7
Combining center species = 8
Calculating nu = 3 invariants
Combining center species = 1
Combining center species = 6
Combining center species = 7
Combining center species = 8
nu = 1: 304
nu = 2: 3968
nu = 3: 39776
     Calculating structure features for center species 1
     Calculating structure features for center species 6
     Calculating structure features for center species 7
     Calculating structure features for center species 8
     Calculating structure features for center species 1
     Calculating structure features for center species 6
     Calculating structure features for center species 7
     Calculating structure features for center species 8
     Calculating structure features for center species 1
     Calculating structure features for center species 6
     Calculating structure features for center species 7
     Calculating structure features for center species 8
DOING TEST BATCH 20 out of 50
Calculating composition features
Composition features done
Calculating nu = 2 invariants
Combining center species = 1
Combining center species = 6
Combining center species = 7
Combining center species = 8
Calculating nu = 2 equivariants
Calculating real CGs
CGs finished
Combining center species = 1
Combining center species = 6
Combining center species = 7
Combining center species = 8
Calculating nu = 3 invariants
Combining center species = 1
Combining center species = 6
Combining center species = 7
Combining center species = 8
nu = 1: 304
nu = 2: 3968
nu = 3: 39776
     Calculating structure features for center species 1
     Calculating structure features for center species 6
     Calculating structure features for center species 7
     Calculating structure features for center species 8
     Calculating structure features for center species 1
     Calculating structure features for center species 6
     Calculating structure features for center species 7
     Calculating structure features for center species 8
     Calculating structure features for center species 1
     Calculating structure features for center species 6
     Calculating structure features for center species 7
     Calculating structure features for center species 8
DOING TEST BATCH 21 out of 50
Calculating composition features
Composition features done
Calculating nu = 2 invariants
Combining center species = 1
Combining center species = 6
Combining center species = 7
Combining center species = 8
Calculating nu = 2 equivariants
Calculating real CGs
CGs finished
Combining center species = 1
Combining center species = 6
Combining center species = 7
Combining center species = 8
Calculating nu = 3 invariants
Combining center species = 1
Combining center species = 6
Combining center species = 7
Combining center species = 8
nu = 1: 304
nu = 2: 3968
nu = 3: 39776
     Calculating structure features for center species 1
     Calculating structure features for center species 6
     Calculating structure features for center species 7
     Calculating structure features for center species 8
     Calculating structure features for center species 1
     Calculating structure features for center species 6
     Calculating structure features for center species 7
     Calculating structure features for center species 8
     Calculating structure features for center species 1
     Calculating structure features for center species 6
     Calculating structure features for center species 7
     Calculating structure features for center species 8
DOING TEST BATCH 22 out of 50
Calculating composition features
Composition features done
Calculating nu = 2 invariants
Combining center species = 1
Combining center species = 6
Combining center species = 7
Combining center species = 8
Calculating nu = 2 equivariants
Calculating real CGs
CGs finished
Combining center species = 1
Combining center species = 6
Combining center species = 7
Combining center species = 8
Calculating nu = 3 invariants
Combining center species = 1
Combining center species = 6
Combining center species = 7
Combining center species = 8
nu = 1: 304
nu = 2: 3968
nu = 3: 39776
     Calculating structure features for center species 1
     Calculating structure features for center species 6
     Calculating structure features for center species 7
     Calculating structure features for center species 8
     Calculating structure features for center species 1
     Calculating structure features for center species 6
     Calculating structure features for center species 7
     Calculating structure features for center species 8
     Calculating structure features for center species 1
     Calculating structure features for center species 6
     Calculating structure features for center species 7
     Calculating structure features for center species 8
DOING TEST BATCH 23 out of 50
Calculating composition features
Composition features done
Calculating nu = 2 invariants
Combining center species = 1
Combining center species = 6
Combining center species = 7
Combining center species = 8
Calculating nu = 2 equivariants
Calculating real CGs
CGs finished
Combining center species = 1
Combining center species = 6
Combining center species = 7
Combining center species = 8
Calculating nu = 3 invariants
Combining center species = 1
Combining center species = 6
Combining center species = 7
Combining center species = 8
nu = 1: 304
nu = 2: 3968
nu = 3: 39776
     Calculating structure features for center species 1
     Calculating structure features for center species 6
     Calculating structure features for center species 7
     Calculating structure features for center species 8
     Calculating structure features for center species 1
     Calculating structure features for center species 6
     Calculating structure features for center species 7
     Calculating structure features for center species 8
     Calculating structure features for center species 1
     Calculating structure features for center species 6
     Calculating structure features for center species 7
     Calculating structure features for center species 8
DOING TEST BATCH 24 out of 50
Calculating composition features
Composition features done
Calculating nu = 2 invariants
Combining center species = 1
Combining center species = 6
Combining center species = 7
Combining center species = 8
Calculating nu = 2 equivariants
Calculating real CGs
CGs finished
Combining center species = 1
Combining center species = 6
Combining center species = 7
Combining center species = 8
Calculating nu = 3 invariants
Combining center species = 1
Combining center species = 6
Combining center species = 7
Combining center species = 8
nu = 1: 304
nu = 2: 3968
nu = 3: 39776
     Calculating structure features for center species 1
     Calculating structure features for center species 6
     Calculating structure features for center species 7
     Calculating structure features for center species 8
     Calculating structure features for center species 1
     Calculating structure features for center species 6
     Calculating structure features for center species 7
     Calculating structure features for center species 8
     Calculating structure features for center species 1
     Calculating structure features for center species 6
     Calculating structure features for center species 7
     Calculating structure features for center species 8
DOING TEST BATCH 25 out of 50
Calculating composition features
Composition features done
Calculating nu = 2 invariants
Combining center species = 1
Combining center species = 6
Combining center species = 7
Combining center species = 8
Calculating nu = 2 equivariants
Calculating real CGs
CGs finished
Combining center species = 1
Combining center species = 6
Combining center species = 7
Combining center species = 8
Calculating nu = 3 invariants
Combining center species = 1
Combining center species = 6
Combining center species = 7
Combining center species = 8
nu = 1: 304
nu = 2: 3968
nu = 3: 39776
     Calculating structure features for center species 1
     Calculating structure features for center species 6
     Calculating structure features for center species 7
     Calculating structure features for center species 8
     Calculating structure features for center species 1
     Calculating structure features for center species 6
     Calculating structure features for center species 7
     Calculating structure features for center species 8
     Calculating structure features for center species 1
     Calculating structure features for center species 6
     Calculating structure features for center species 7
     Calculating structure features for center species 8
DOING TEST BATCH 26 out of 50
Calculating composition features
Composition features done
Calculating nu = 2 invariants
Combining center species = 1
Combining center species = 6
Combining center species = 7
Combining center species = 8
Calculating nu = 2 equivariants
Calculating real CGs
CGs finished
Combining center species = 1
Combining center species = 6
Combining center species = 7
Combining center species = 8
Calculating nu = 3 invariants
Combining center species = 1
Combining center species = 6
Combining center species = 7
Combining center species = 8
nu = 1: 304
nu = 2: 3968
nu = 3: 39776
     Calculating structure features for center species 1
     Calculating structure features for center species 6
     Calculating structure features for center species 7
     Calculating structure features for center species 8
     Calculating structure features for center species 1
     Calculating structure features for center species 6
     Calculating structure features for center species 7
     Calculating structure features for center species 8
     Calculating structure features for center species 1
     Calculating structure features for center species 6
     Calculating structure features for center species 7
     Calculating structure features for center species 8
DOING TEST BATCH 27 out of 50
Calculating composition features
Composition features done
Calculating nu = 2 invariants
Combining center species = 1
Combining center species = 6
Combining center species = 7
Combining center species = 8
Calculating nu = 2 equivariants
Calculating real CGs
CGs finished
Combining center species = 1
Combining center species = 6
Combining center species = 7
Combining center species = 8
Calculating nu = 3 invariants
Combining center species = 1
Combining center species = 6
Combining center species = 7
Combining center species = 8
nu = 1: 304
nu = 2: 3968
nu = 3: 39776
     Calculating structure features for center species 1
     Calculating structure features for center species 6
     Calculating structure features for center species 7
     Calculating structure features for center species 8
     Calculating structure features for center species 1
     Calculating structure features for center species 6
     Calculating structure features for center species 7
     Calculating structure features for center species 8
     Calculating structure features for center species 1
     Calculating structure features for center species 6
     Calculating structure features for center species 7
     Calculating structure features for center species 8
DOING TEST BATCH 28 out of 50
Calculating composition features
Composition features done
Calculating nu = 2 invariants
Combining center species = 1
Combining center species = 6
Combining center species = 7
Combining center species = 8
Calculating nu = 2 equivariants
Calculating real CGs
CGs finished
Combining center species = 1
Combining center species = 6
Combining center species = 7
Combining center species = 8
Calculating nu = 3 invariants
Combining center species = 1
Combining center species = 6
Combining center species = 7
Combining center species = 8
nu = 1: 304
nu = 2: 3968
nu = 3: 39776
     Calculating structure features for center species 1
     Calculating structure features for center species 6
     Calculating structure features for center species 7
     Calculating structure features for center species 8
     Calculating structure features for center species 1
     Calculating structure features for center species 6
     Calculating structure features for center species 7
     Calculating structure features for center species 8
     Calculating structure features for center species 1
     Calculating structure features for center species 6
     Calculating structure features for center species 7
     Calculating structure features for center species 8
DOING TEST BATCH 29 out of 50
Calculating composition features
Composition features done
Calculating nu = 2 invariants
Combining center species = 1
Combining center species = 6
Combining center species = 7
Combining center species = 8
Calculating nu = 2 equivariants
Calculating real CGs
CGs finished
Combining center species = 1
Combining center species = 6
Combining center species = 7
Combining center species = 8
Calculating nu = 3 invariants
Combining center species = 1
Combining center species = 6
Combining center species = 7
Combining center species = 8
nu = 1: 304
nu = 2: 3968
nu = 3: 39776
     Calculating structure features for center species 1
     Calculating structure features for center species 6
     Calculating structure features for center species 7
     Calculating structure features for center species 8
     Calculating structure features for center species 1
     Calculating structure features for center species 6
     Calculating structure features for center species 7
     Calculating structure features for center species 8
     Calculating structure features for center species 1
     Calculating structure features for center species 6
     Calculating structure features for center species 7
     Calculating structure features for center species 8
DOING TEST BATCH 30 out of 50
Calculating composition features
Composition features done
Calculating nu = 2 invariants
Combining center species = 1
Combining center species = 6
Combining center species = 7
Combining center species = 8
Calculating nu = 2 equivariants
Calculating real CGs
CGs finished
Combining center species = 1
Combining center species = 6
Combining center species = 7
Combining center species = 8
Calculating nu = 3 invariants
Combining center species = 1
Combining center species = 6
Combining center species = 7
Combining center species = 8
nu = 1: 304
nu = 2: 3968
nu = 3: 39776
     Calculating structure features for center species 1
     Calculating structure features for center species 6
     Calculating structure features for center species 7
     Calculating structure features for center species 8
     Calculating structure features for center species 1
     Calculating structure features for center species 6
     Calculating structure features for center species 7
     Calculating structure features for center species 8
     Calculating structure features for center species 1
     Calculating structure features for center species 6
     Calculating structure features for center species 7
     Calculating structure features for center species 8
DOING TEST BATCH 31 out of 50
Calculating composition features
Composition features done
Calculating nu = 2 invariants
Combining center species = 1
Combining center species = 6
Combining center species = 7
Combining center species = 8
Calculating nu = 2 equivariants
Calculating real CGs
CGs finished
Combining center species = 1
Combining center species = 6
Combining center species = 7
Combining center species = 8
Calculating nu = 3 invariants
Combining center species = 1
Combining center species = 6
Combining center species = 7
Combining center species = 8
nu = 1: 304
nu = 2: 3968
nu = 3: 39776
     Calculating structure features for center species 1
     Calculating structure features for center species 6
     Calculating structure features for center species 7
     Calculating structure features for center species 8
     Calculating structure features for center species 1
     Calculating structure features for center species 6
     Calculating structure features for center species 7
     Calculating structure features for center species 8
     Calculating structure features for center species 1
     Calculating structure features for center species 6
     Calculating structure features for center species 7
     Calculating structure features for center species 8
DOING TEST BATCH 32 out of 50
Calculating composition features
Composition features done
Calculating nu = 2 invariants
Combining center species = 1
Combining center species = 6
Combining center species = 7
Combining center species = 8
Calculating nu = 2 equivariants
Calculating real CGs
CGs finished
Combining center species = 1
Combining center species = 6
Combining center species = 7
Combining center species = 8
Calculating nu = 3 invariants
Combining center species = 1
Combining center species = 6
Combining center species = 7
Combining center species = 8
nu = 1: 304
nu = 2: 3968
nu = 3: 39776
     Calculating structure features for center species 1
     Calculating structure features for center species 6
     Calculating structure features for center species 7
     Calculating structure features for center species 8
     Calculating structure features for center species 1
     Calculating structure features for center species 6
     Calculating structure features for center species 7
     Calculating structure features for center species 8
     Calculating structure features for center species 1
     Calculating structure features for center species 6
     Calculating structure features for center species 7
     Calculating structure features for center species 8
DOING TEST BATCH 33 out of 50
Calculating composition features
Composition features done
Calculating nu = 2 invariants
Combining center species = 1
Combining center species = 6
Combining center species = 7
Combining center species = 8
Calculating nu = 2 equivariants
Calculating real CGs
CGs finished
Combining center species = 1
Combining center species = 6
Combining center species = 7
Combining center species = 8
Calculating nu = 3 invariants
Combining center species = 1
Combining center species = 6
Combining center species = 7
Combining center species = 8
nu = 1: 304
nu = 2: 3968
nu = 3: 39776
     Calculating structure features for center species 1
     Calculating structure features for center species 6
     Calculating structure features for center species 7
     Calculating structure features for center species 8
     Calculating structure features for center species 1
     Calculating structure features for center species 6
     Calculating structure features for center species 7
     Calculating structure features for center species 8
     Calculating structure features for center species 1
     Calculating structure features for center species 6
     Calculating structure features for center species 7
     Calculating structure features for center species 8
DOING TEST BATCH 34 out of 50
Calculating composition features
Composition features done
Calculating nu = 2 invariants
Combining center species = 1
Combining center species = 6
Combining center species = 7
Combining center species = 8
Calculating nu = 2 equivariants
Calculating real CGs
CGs finished
Combining center species = 1
Combining center species = 6
Combining center species = 7
Combining center species = 8
Calculating nu = 3 invariants
Combining center species = 1
Combining center species = 6
Combining center species = 7
Combining center species = 8
nu = 1: 304
nu = 2: 3968
nu = 3: 39776
     Calculating structure features for center species 1
     Calculating structure features for center species 6
     Calculating structure features for center species 7
     Calculating structure features for center species 8
     Calculating structure features for center species 1
     Calculating structure features for center species 6
     Calculating structure features for center species 7
     Calculating structure features for center species 8
     Calculating structure features for center species 1
     Calculating structure features for center species 6
     Calculating structure features for center species 7
     Calculating structure features for center species 8
DOING TEST BATCH 35 out of 50
Calculating composition features
Composition features done
Calculating nu = 2 invariants
Combining center species = 1
Combining center species = 6
Combining center species = 7
Combining center species = 8
Calculating nu = 2 equivariants
Calculating real CGs
CGs finished
Combining center species = 1
Combining center species = 6
Combining center species = 7
Combining center species = 8
Calculating nu = 3 invariants
Combining center species = 1
Combining center species = 6
Combining center species = 7
Combining center species = 8
nu = 1: 304
nu = 2: 3968
nu = 3: 39776
     Calculating structure features for center species 1
     Calculating structure features for center species 6
     Calculating structure features for center species 7
     Calculating structure features for center species 8
     Calculating structure features for center species 1
     Calculating structure features for center species 6
     Calculating structure features for center species 7
     Calculating structure features for center species 8
     Calculating structure features for center species 1
     Calculating structure features for center species 6
     Calculating structure features for center species 7
     Calculating structure features for center species 8
DOING TEST BATCH 36 out of 50
Calculating composition features
Composition features done
Calculating nu = 2 invariants
Combining center species = 1
Combining center species = 6
Combining center species = 7
Combining center species = 8
Calculating nu = 2 equivariants
Calculating real CGs
CGs finished
Combining center species = 1
Combining center species = 6
Combining center species = 7
Combining center species = 8
Calculating nu = 3 invariants
Combining center species = 1
Combining center species = 6
Combining center species = 7
Combining center species = 8
nu = 1: 304
nu = 2: 3968
nu = 3: 39776
     Calculating structure features for center species 1
     Calculating structure features for center species 6
     Calculating structure features for center species 7
     Calculating structure features for center species 8
     Calculating structure features for center species 1
     Calculating structure features for center species 6
     Calculating structure features for center species 7
     Calculating structure features for center species 8
     Calculating structure features for center species 1
     Calculating structure features for center species 6
     Calculating structure features for center species 7
     Calculating structure features for center species 8
DOING TEST BATCH 37 out of 50
Calculating composition features
Composition features done
Calculating nu = 2 invariants
Combining center species = 1
Combining center species = 6
Combining center species = 7
Combining center species = 8
Calculating nu = 2 equivariants
Calculating real CGs
CGs finished
Combining center species = 1
Combining center species = 6
Combining center species = 7
Combining center species = 8
Calculating nu = 3 invariants
Combining center species = 1
Combining center species = 6
Combining center species = 7
Combining center species = 8
nu = 1: 304
nu = 2: 3968
nu = 3: 39776
     Calculating structure features for center species 1
     Calculating structure features for center species 6
     Calculating structure features for center species 7
     Calculating structure features for center species 8
     Calculating structure features for center species 1
     Calculating structure features for center species 6
     Calculating structure features for center species 7
     Calculating structure features for center species 8
     Calculating structure features for center species 1
     Calculating structure features for center species 6
     Calculating structure features for center species 7
     Calculating structure features for center species 8
DOING TEST BATCH 38 out of 50
Calculating composition features
Composition features done
Calculating nu = 2 invariants
Combining center species = 1
Combining center species = 6
Combining center species = 7
Combining center species = 8
Calculating nu = 2 equivariants
Calculating real CGs
CGs finished
Combining center species = 1
Combining center species = 6
Combining center species = 7
Combining center species = 8
Calculating nu = 3 invariants
Combining center species = 1
Combining center species = 6
Combining center species = 7
Combining center species = 8
nu = 1: 304
nu = 2: 3968
nu = 3: 39776
     Calculating structure features for center species 1
     Calculating structure features for center species 6
     Calculating structure features for center species 7
     Calculating structure features for center species 8
     Calculating structure features for center species 1
     Calculating structure features for center species 6
     Calculating structure features for center species 7
     Calculating structure features for center species 8
     Calculating structure features for center species 1
     Calculating structure features for center species 6
     Calculating structure features for center species 7
     Calculating structure features for center species 8
DOING TEST BATCH 39 out of 50
Calculating composition features
Composition features done
Calculating nu = 2 invariants
Combining center species = 1
Combining center species = 6
Combining center species = 7
Combining center species = 8
Calculating nu = 2 equivariants
Calculating real CGs
CGs finished
Combining center species = 1
Combining center species = 6
Combining center species = 7
Combining center species = 8
Calculating nu = 3 invariants
Combining center species = 1
Combining center species = 6
Combining center species = 7
Combining center species = 8
nu = 1: 304
nu = 2: 3968
nu = 3: 39776
     Calculating structure features for center species 1
     Calculating structure features for center species 6
     Calculating structure features for center species 7
     Calculating structure features for center species 8
     Calculating structure features for center species 1
     Calculating structure features for center species 6
     Calculating structure features for center species 7
     Calculating structure features for center species 8
     Calculating structure features for center species 1
     Calculating structure features for center species 6
     Calculating structure features for center species 7
     Calculating structure features for center species 8
DOING TEST BATCH 40 out of 50
Calculating composition features
Composition features done
Calculating nu = 2 invariants
Combining center species = 1
Combining center species = 6
Combining center species = 7
Combining center species = 8
Calculating nu = 2 equivariants
Calculating real CGs
CGs finished
Combining center species = 1
Combining center species = 6
Combining center species = 7
Combining center species = 8
Calculating nu = 3 invariants
Combining center species = 1
Combining center species = 6
Combining center species = 7
Combining center species = 8
nu = 1: 304
nu = 2: 3968
nu = 3: 39776
     Calculating structure features for center species 1
     Calculating structure features for center species 6
     Calculating structure features for center species 7
     Calculating structure features for center species 8
     Calculating structure features for center species 1
     Calculating structure features for center species 6
     Calculating structure features for center species 7
     Calculating structure features for center species 8
     Calculating structure features for center species 1
     Calculating structure features for center species 6
     Calculating structure features for center species 7
     Calculating structure features for center species 8
DOING TEST BATCH 41 out of 50
Calculating composition features
Composition features done
Calculating nu = 2 invariants
Combining center species = 1
Combining center species = 6
Combining center species = 7
Combining center species = 8
Calculating nu = 2 equivariants
Calculating real CGs
CGs finished
Combining center species = 1
Combining center species = 6
Combining center species = 7
Combining center species = 8
Calculating nu = 3 invariants
Combining center species = 1
Combining center species = 6
Combining center species = 7
Combining center species = 8
nu = 1: 304
nu = 2: 3968
nu = 3: 39776
     Calculating structure features for center species 1
     Calculating structure features for center species 6
     Calculating structure features for center species 7
     Calculating structure features for center species 8
     Calculating structure features for center species 1
     Calculating structure features for center species 6
     Calculating structure features for center species 7
     Calculating structure features for center species 8
     Calculating structure features for center species 1
     Calculating structure features for center species 6
     Calculating structure features for center species 7
     Calculating structure features for center species 8
DOING TEST BATCH 42 out of 50
Calculating composition features
Composition features done
Calculating nu = 2 invariants
Combining center species = 1
Combining center species = 6
Combining center species = 7
Combining center species = 8
Calculating nu = 2 equivariants
Calculating real CGs
CGs finished
Combining center species = 1
Combining center species = 6
Combining center species = 7
Combining center species = 8
Calculating nu = 3 invariants
Combining center species = 1
Combining center species = 6
Combining center species = 7
Combining center species = 8
nu = 1: 304
nu = 2: 3968
nu = 3: 39776
     Calculating structure features for center species 1
     Calculating structure features for center species 6
     Calculating structure features for center species 7
     Calculating structure features for center species 8
     Calculating structure features for center species 1
     Calculating structure features for center species 6
     Calculating structure features for center species 7
     Calculating structure features for center species 8
     Calculating structure features for center species 1
     Calculating structure features for center species 6
     Calculating structure features for center species 7
     Calculating structure features for center species 8
DOING TEST BATCH 43 out of 50
Calculating composition features
Composition features done
Calculating nu = 2 invariants
Combining center species = 1
Combining center species = 6
Combining center species = 7
Combining center species = 8
Calculating nu = 2 equivariants
Calculating real CGs
CGs finished
Combining center species = 1
Combining center species = 6
Combining center species = 7
Combining center species = 8
Calculating nu = 3 invariants
Combining center species = 1
Combining center species = 6
Combining center species = 7
Combining center species = 8
nu = 1: 304
nu = 2: 3968
nu = 3: 39776
     Calculating structure features for center species 1
     Calculating structure features for center species 6
     Calculating structure features for center species 7
     Calculating structure features for center species 8
     Calculating structure features for center species 1
     Calculating structure features for center species 6
     Calculating structure features for center species 7
     Calculating structure features for center species 8
     Calculating structure features for center species 1
     Calculating structure features for center species 6
     Calculating structure features for center species 7
     Calculating structure features for center species 8
DOING TEST BATCH 44 out of 50
Calculating composition features
Composition features done
Calculating nu = 2 invariants
Combining center species = 1
Combining center species = 6
Combining center species = 7
Combining center species = 8
Calculating nu = 2 equivariants
Calculating real CGs
CGs finished
Combining center species = 1
Combining center species = 6
Combining center species = 7
Combining center species = 8
Calculating nu = 3 invariants
Combining center species = 1
Combining center species = 6
Combining center species = 7
Combining center species = 8
nu = 1: 304
nu = 2: 3968
nu = 3: 39776
     Calculating structure features for center species 1
     Calculating structure features for center species 6
     Calculating structure features for center species 7
     Calculating structure features for center species 8
     Calculating structure features for center species 1
     Calculating structure features for center species 6
     Calculating structure features for center species 7
     Calculating structure features for center species 8
     Calculating structure features for center species 1
     Calculating structure features for center species 6
     Calculating structure features for center species 7
     Calculating structure features for center species 8
DOING TEST BATCH 45 out of 50
Calculating composition features
Composition features done
Calculating nu = 2 invariants
Combining center species = 1
Combining center species = 6
Combining center species = 7
Combining center species = 8
Calculating nu = 2 equivariants
Calculating real CGs
CGs finished
Combining center species = 1
Combining center species = 6
Combining center species = 7
Combining center species = 8
Calculating nu = 3 invariants
Combining center species = 1
Combining center species = 6
Combining center species = 7
Combining center species = 8
nu = 1: 304
nu = 2: 3968
nu = 3: 39776
     Calculating structure features for center species 1
     Calculating structure features for center species 6
     Calculating structure features for center species 7
     Calculating structure features for center species 8
     Calculating structure features for center species 1
     Calculating structure features for center species 6
     Calculating structure features for center species 7
     Calculating structure features for center species 8
     Calculating structure features for center species 1
     Calculating structure features for center species 6
     Calculating structure features for center species 7
     Calculating structure features for center species 8
DOING TEST BATCH 46 out of 50
Calculating composition features
Composition features done
Calculating nu = 2 invariants
Combining center species = 1
Combining center species = 6
Combining center species = 7
Combining center species = 8
Calculating nu = 2 equivariants
Calculating real CGs
CGs finished
Combining center species = 1
Combining center species = 6
Combining center species = 7
Combining center species = 8
Calculating nu = 3 invariants
Combining center species = 1
Combining center species = 6
Combining center species = 7
Combining center species = 8
nu = 1: 304
nu = 2: 3968
nu = 3: 39776
     Calculating structure features for center species 1
     Calculating structure features for center species 6
     Calculating structure features for center species 7
     Calculating structure features for center species 8
     Calculating structure features for center species 1
     Calculating structure features for center species 6
     Calculating structure features for center species 7
     Calculating structure features for center species 8
     Calculating structure features for center species 1
     Calculating structure features for center species 6
     Calculating structure features for center species 7
     Calculating structure features for center species 8
DOING TEST BATCH 47 out of 50
Calculating composition features
Composition features done
Calculating nu = 2 invariants
Combining center species = 1
Combining center species = 6
Combining center species = 7
Combining center species = 8
Calculating nu = 2 equivariants
Calculating real CGs
CGs finished
Combining center species = 1
Combining center species = 6
Combining center species = 7
Combining center species = 8
Calculating nu = 3 invariants
Combining center species = 1
Combining center species = 6
Combining center species = 7
Combining center species = 8
nu = 1: 304
nu = 2: 3968
nu = 3: 39776
     Calculating structure features for center species 1
     Calculating structure features for center species 6
     Calculating structure features for center species 7
     Calculating structure features for center species 8
     Calculating structure features for center species 1
     Calculating structure features for center species 6
     Calculating structure features for center species 7
     Calculating structure features for center species 8
     Calculating structure features for center species 1
     Calculating structure features for center species 6
     Calculating structure features for center species 7
     Calculating structure features for center species 8
DOING TEST BATCH 48 out of 50
Calculating composition features
Composition features done
Calculating nu = 2 invariants
Combining center species = 1
Combining center species = 6
Combining center species = 7
Combining center species = 8
Calculating nu = 2 equivariants
Calculating real CGs
CGs finished
Combining center species = 1
Combining center species = 6
Combining center species = 7
Combining center species = 8
Calculating nu = 3 invariants
Combining center species = 1
Combining center species = 6
Combining center species = 7
Combining center species = 8
nu = 1: 304
nu = 2: 3968
nu = 3: 39776
     Calculating structure features for center species 1
     Calculating structure features for center species 6
     Calculating structure features for center species 7
     Calculating structure features for center species 8
     Calculating structure features for center species 1
     Calculating structure features for center species 6
     Calculating structure features for center species 7
     Calculating structure features for center species 8
     Calculating structure features for center species 1
     Calculating structure features for center species 6
     Calculating structure features for center species 7
     Calculating structure features for center species 8
DOING TEST BATCH 49 out of 50
Calculating composition features
Composition features done
Calculating nu = 2 invariants
Combining center species = 1
Combining center species = 6
Combining center species = 7
Combining center species = 8
Calculating nu = 2 equivariants
Calculating real CGs
CGs finished
Combining center species = 1
Combining center species = 6
Combining center species = 7
Combining center species = 8
Calculating nu = 3 invariants
Combining center species = 1
Combining center species = 6
Combining center species = 7
Combining center species = 8
nu = 1: 304
nu = 2: 3968
nu = 3: 39776
     Calculating structure features for center species 1
     Calculating structure features for center species 6
     Calculating structure features for center species 7
     Calculating structure features for center species 8
     Calculating structure features for center species 1
     Calculating structure features for center species 6
     Calculating structure features for center species 7
     Calculating structure features for center species 8
     Calculating structure features for center species 1
     Calculating structure features for center species 6
     Calculating structure features for center species 7
     Calculating structure features for center species 8
DOING TEST BATCH 50 out of 50
Calculating composition features
Composition features done
Calculating nu = 2 invariants
Combining center species = 1
Combining center species = 6
Combining center species = 7
Combining center species = 8
Calculating nu = 2 equivariants
Calculating real CGs
CGs finished
Combining center species = 1
Combining center species = 6
Combining center species = 7
Combining center species = 8
Calculating nu = 3 invariants
Combining center species = 1
Combining center species = 6
Combining center species = 7
Combining center species = 8
nu = 1: 304
nu = 2: 3968
nu = 3: 39776
     Calculating structure features for center species 1
     Calculating structure features for center species 6
     Calculating structure features for center species 7
     Calculating structure features for center species 8
     Calculating structure features for center species 1
     Calculating structure features for center species 6
     Calculating structure features for center species 7
     Calculating structure features for center species 8
     Calculating structure features for center species 1
     Calculating structure features for center species 6
     Calculating structure features for center species 7
     Calculating structure features for center species 8
Features done
Beginning hyperparameter optimization
Number of features:  44049
-13.0 0.000985507526681575 40.83341710128963 24.50386404132843 0.009321404416746348 264.57576026341314 134.55941609889638
-12.75 0.0009321096353077972 23.150319467221227 14.247576260596514 0.00929697878722205 152.932294248414 79.78798197130632
-12.5 0.0008781514645834108 13.949206846119175 9.206478693261742 0.009643249789528262 93.73802103077959 51.7622550348453
-12.25 0.0008023278613635546 9.736338455019727 6.778401044882834 0.011030732572725903 64.77014717891835 38.85864129918963
-12.0 0.0007325377641917854 8.201906116035758 5.817798802100122 0.014969117900986349 52.33139247578006 33.572587226178236
-11.75 0.0006865202979470402 7.792552360258461 5.511428408741951 0.023632435031406582 47.64663140581066 31.563284737172296
-11.5 0.0006944079354635728 7.736099363101236 5.43007269448787 0.04011703132552669 46.00540081738868 30.806305205996733
-11.25 0.0008250878465052067 7.758839654192131 5.396268209740519 0.06944350682644196 45.41877986661259 30.510902251492876
-11.0 0.0011922569529238488 7.783900839395797 5.379586999475956 0.11980490789896413 45.173089100335574 30.35264746955649
-10.75 0.0019419616202239276 7.79304919917872 5.375765784934163 0.20381279434623992 45.02506309958854 30.227399757721855
-10.5 0.0032805767709711965 7.78350883890633 5.366223774053156 0.3395155918447161 44.89658296524495 30.095540442664976
-10.25 0.0055176593562733176 7.758134205572616 5.357342862091959 0.5508252370003327 44.775935811269655 29.9442687309753
-10.0 0.00907256180507191 7.725847694496629 5.342752411521971 0.8672329802854457 44.69071209988122 29.79079185180925
-9.75 0.014421621090922916 7.704341934816571 5.335008272826672 1.323057271322793 44.6966096145761 29.669918003999246
-9.5 0.021988459541715234 7.720779829297424 5.351180936686695 1.9568003101410492 44.86201552536424 29.623161740056567
-9.25 0.0320714389359268 7.8077256055422515 5.413913273885846 2.8109536840823734 45.255442802503985 29.712366663640797
-9.0 0.04494960042706541 7.995424640265331 5.523388722918928 3.9323451982421616 45.95083635725874 29.965013638222285
-8.75 0.061128883613389036 8.303069773295235 5.702116444602608 5.374742483095271 47.04026232890926 30.427948624274926
-8.5 0.08145982744903951 8.730258917272463 5.9757139133512975 7.2029713748448305 48.62475184321509 31.15499148975892
-8.25 0.10696161383052989 9.252491896264115 6.305986537188292 9.48912662389002 50.77754695014068 32.19727837877682
-8.0 0.13868522775502942 9.827008268574067 6.676308784559369 12.299940952893643 53.505283214289335 33.639380997179494
-7.75 0.1783152188253254 10.412993518224031 7.11069175568223 15.697390724382922 56.749917034262985 35.52040499100333
-7.5 0.22970746747303436 11.002893479362188 7.573251807920634 19.76118584445583 60.45940365844252 37.74756077676491
-7.25 0.3006907252943451 11.646572817193265 8.141623863577843 24.614191151900812 64.68573051809611 40.390612312481885
-7.0 0.4044045828985747 12.446434578515523 8.787133593395353 30.44797867373193 69.63161192756367 43.67633908029317
-6.75 0.5604485248937467 13.519437741848035 9.683354451194406 37.56359592258852 75.62801484099518 47.875144376360524
-6.5 0.7968977924197259 14.948368647629309 10.804393717296422 46.426564048944165 83.1201375847078 53.195141631991284
-6.25 1.1535659019997069 16.77784780680814 12.275199378713966 57.723229690127056 92.75480971377331 60.01210584379333
-6.0 1.6872219354087814 19.09005404931566 14.034558053575456 72.36234550735398 105.48056333889531 68.9671720161283
-5.75 2.4818178504402932 22.084558990922392 16.35820594397932 91.2966671032879 122.38612290736252 80.80707429675299
-5.5 3.6671143825595767 26.02797919455964 19.417727700427175 115.1886987574381 144.27674492250742 96.30805629465546
-5.25 5.441818915738193 31.068806210224384 23.34655751273781 144.29197447895362 171.4818291982767 115.72255503304683
-5.0 8.07151818003429 37.11605902017138 28.19016748343408 178.91482030561852 204.32873360484277 139.3683638272517
-4.75 11.82067891121404 43.96523379734371 33.41379436377436 220.4076687404796 244.2135412736618 168.29485067084474
-4.5 16.838017890615927 51.63852204572444 39.46859372989833 272.18313536400586 294.75908355706287 204.88151109351728
-4.25 23.087494179642995 60.61759504906931 46.60325394633412 339.7083276155821 361.8608814376516 252.51370333540717
-4.0 30.392664092480377 71.5371360579262 55.064154641494156 428.0788011350731 450.9736932016858 314.46253237290296
-3.75 38.569503649436136 84.48352125815407 65.26560175765306 537.7238296982088 562.3319674356972 391.3052223192982
-3.5 47.59888971529468 98.77665035138368 77.19683213989437 662.3994991971574 688.8688316813643 479.67728668020754
-3.25 57.76382126102991 113.51970749230613 88.49228467723728 792.255240657689 819.7302170560778 572.1358443075111
-3.0 69.55410269484227 128.11779247028997 99.46783763416111 917.9759422481012 944.9762186924422 661.8309002464156
-9.75 5.335008272826672
n_train: 50 n_features: 44049
Test set RMSE (E): 7.704342306825387 [MAE (E): 5.33500833607465], RMSE (F): 44.69660800552106 [MAE (F): 29.669917140140587]
