Random seed: 0
Calculating features on cpu
Dataset path: datasets/rmd17/uracil5.extxyz
n_elems: 4
Number of atoms in each molecule: 12
[0.0, 110.0, 100.0, 120.0]
[1e+30, 3571.4165275784317, 452.25208482551375, 289.7965265818635]
Reading dataset
Shuffling and extracting from dataset
Shuffling and extraction done
All species: [1 6 7 8]
Spherical expansion: n_max = 6, l_max = 15
DOING TRAIN BATCH 1 out of 10
Calculating composition features
Composition features done
Calculating nu = 2 invariants
Combining center species = 1
Combining center species = 6
Combining center species = 7
Combining center species = 8
Calculating nu = 2 equivariants
Calculating real CGs
CGs finished
Combining center species = 1
Combining center species = 6
Combining center species = 7
Combining center species = 8
Calculating nu = 3 invariants
Combining center species = 1
Combining center species = 6
Combining center species = 7
Combining center species = 8
nu = 1: 304
nu = 2: 3968
nu = 3: 39776
     Calculating structure features for center species 1
     Calculating structure features for center species 6
     Calculating structure features for center species 7
     Calculating structure features for center species 8
     Calculating structure features for center species 1
     Calculating structure features for center species 6
     Calculating structure features for center species 7
     Calculating structure features for center species 8
     Calculating structure features for center species 1
     Calculating structure features for center species 6
     Calculating structure features for center species 7
     Calculating structure features for center species 8
DOING TRAIN BATCH 2 out of 10
Calculating composition features
Composition features done
Calculating nu = 2 invariants
Combining center species = 1
Combining center species = 6
Combining center species = 7
Combining center species = 8
Calculating nu = 2 equivariants
Calculating real CGs
CGs finished
Combining center species = 1
Combining center species = 6
Combining center species = 7
Combining center species = 8
Calculating nu = 3 invariants
Combining center species = 1
Combining center species = 6
Combining center species = 7
Combining center species = 8
nu = 1: 304
nu = 2: 3968
nu = 3: 39776
     Calculating structure features for center species 1
     Calculating structure features for center species 6
     Calculating structure features for center species 7
     Calculating structure features for center species 8
     Calculating structure features for center species 1
     Calculating structure features for center species 6
     Calculating structure features for center species 7
     Calculating structure features for center species 8
     Calculating structure features for center species 1
     Calculating structure features for center species 6
     Calculating structure features for center species 7
     Calculating structure features for center species 8
DOING TRAIN BATCH 3 out of 10
Calculating composition features
Composition features done
Calculating nu = 2 invariants
Combining center species = 1
Combining center species = 6
Combining center species = 7
Combining center species = 8
Calculating nu = 2 equivariants
Calculating real CGs
CGs finished
Combining center species = 1
Combining center species = 6
Combining center species = 7
Combining center species = 8
Calculating nu = 3 invariants
Combining center species = 1
Combining center species = 6
Combining center species = 7
Combining center species = 8
nu = 1: 304
nu = 2: 3968
nu = 3: 39776
     Calculating structure features for center species 1
     Calculating structure features for center species 6
     Calculating structure features for center species 7
     Calculating structure features for center species 8
     Calculating structure features for center species 1
     Calculating structure features for center species 6
     Calculating structure features for center species 7
     Calculating structure features for center species 8
     Calculating structure features for center species 1
     Calculating structure features for center species 6
     Calculating structure features for center species 7
     Calculating structure features for center species 8
DOING TRAIN BATCH 4 out of 10
Calculating composition features
Composition features done
Calculating nu = 2 invariants
Combining center species = 1
Combining center species = 6
Combining center species = 7
Combining center species = 8
Calculating nu = 2 equivariants
Calculating real CGs
CGs finished
Combining center species = 1
Combining center species = 6
Combining center species = 7
Combining center species = 8
Calculating nu = 3 invariants
Combining center species = 1
Combining center species = 6
Combining center species = 7
Combining center species = 8
nu = 1: 304
nu = 2: 3968
nu = 3: 39776
     Calculating structure features for center species 1
     Calculating structure features for center species 6
     Calculating structure features for center species 7
     Calculating structure features for center species 8
     Calculating structure features for center species 1
     Calculating structure features for center species 6
     Calculating structure features for center species 7
     Calculating structure features for center species 8
     Calculating structure features for center species 1
     Calculating structure features for center species 6
     Calculating structure features for center species 7
     Calculating structure features for center species 8
DOING TRAIN BATCH 5 out of 10
Calculating composition features
Composition features done
Calculating nu = 2 invariants
Combining center species = 1
Combining center species = 6
Combining center species = 7
Combining center species = 8
Calculating nu = 2 equivariants
Calculating real CGs
CGs finished
Combining center species = 1
Combining center species = 6
Combining center species = 7
Combining center species = 8
Calculating nu = 3 invariants
Combining center species = 1
Combining center species = 6
Combining center species = 7
Combining center species = 8
nu = 1: 304
nu = 2: 3968
nu = 3: 39776
     Calculating structure features for center species 1
     Calculating structure features for center species 6
     Calculating structure features for center species 7
     Calculating structure features for center species 8
     Calculating structure features for center species 1
     Calculating structure features for center species 6
     Calculating structure features for center species 7
     Calculating structure features for center species 8
     Calculating structure features for center species 1
     Calculating structure features for center species 6
     Calculating structure features for center species 7
     Calculating structure features for center species 8
DOING TRAIN BATCH 6 out of 10
Calculating composition features
Composition features done
Calculating nu = 2 invariants
Combining center species = 1
Combining center species = 6
Combining center species = 7
Combining center species = 8
Calculating nu = 2 equivariants
Calculating real CGs
CGs finished
Combining center species = 1
Combining center species = 6
Combining center species = 7
Combining center species = 8
Calculating nu = 3 invariants
Combining center species = 1
Combining center species = 6
Combining center species = 7
Combining center species = 8
nu = 1: 304
nu = 2: 3968
nu = 3: 39776
     Calculating structure features for center species 1
     Calculating structure features for center species 6
     Calculating structure features for center species 7
     Calculating structure features for center species 8
     Calculating structure features for center species 1
     Calculating structure features for center species 6
     Calculating structure features for center species 7
     Calculating structure features for center species 8
     Calculating structure features for center species 1
     Calculating structure features for center species 6
     Calculating structure features for center species 7
     Calculating structure features for center species 8
DOING TRAIN BATCH 7 out of 10
Calculating composition features
Composition features done
Calculating nu = 2 invariants
Combining center species = 1
Combining center species = 6
Combining center species = 7
Combining center species = 8
Calculating nu = 2 equivariants
Calculating real CGs
CGs finished
Combining center species = 1
Combining center species = 6
Combining center species = 7
Combining center species = 8
Calculating nu = 3 invariants
Combining center species = 1
Combining center species = 6
Combining center species = 7
Combining center species = 8
nu = 1: 304
nu = 2: 3968
nu = 3: 39776
     Calculating structure features for center species 1
     Calculating structure features for center species 6
     Calculating structure features for center species 7
     Calculating structure features for center species 8
     Calculating structure features for center species 1
     Calculating structure features for center species 6
     Calculating structure features for center species 7
     Calculating structure features for center species 8
     Calculating structure features for center species 1
     Calculating structure features for center species 6
     Calculating structure features for center species 7
     Calculating structure features for center species 8
DOING TRAIN BATCH 8 out of 10
Calculating composition features
Composition features done
Calculating nu = 2 invariants
Combining center species = 1
Combining center species = 6
Combining center species = 7
Combining center species = 8
Calculating nu = 2 equivariants
Calculating real CGs
CGs finished
Combining center species = 1
Combining center species = 6
Combining center species = 7
Combining center species = 8
Calculating nu = 3 invariants
Combining center species = 1
Combining center species = 6
Combining center species = 7
Combining center species = 8
nu = 1: 304
nu = 2: 3968
nu = 3: 39776
     Calculating structure features for center species 1
     Calculating structure features for center species 6
     Calculating structure features for center species 7
     Calculating structure features for center species 8
     Calculating structure features for center species 1
     Calculating structure features for center species 6
     Calculating structure features for center species 7
     Calculating structure features for center species 8
     Calculating structure features for center species 1
     Calculating structure features for center species 6
     Calculating structure features for center species 7
     Calculating structure features for center species 8
DOING TRAIN BATCH 9 out of 10
Calculating composition features
Composition features done
Calculating nu = 2 invariants
Combining center species = 1
Combining center species = 6
Combining center species = 7
Combining center species = 8
Calculating nu = 2 equivariants
Calculating real CGs
CGs finished
Combining center species = 1
Combining center species = 6
Combining center species = 7
Combining center species = 8
Calculating nu = 3 invariants
Combining center species = 1
Combining center species = 6
Combining center species = 7
Combining center species = 8
nu = 1: 304
nu = 2: 3968
nu = 3: 39776
     Calculating structure features for center species 1
     Calculating structure features for center species 6
     Calculating structure features for center species 7
     Calculating structure features for center species 8
     Calculating structure features for center species 1
     Calculating structure features for center species 6
     Calculating structure features for center species 7
     Calculating structure features for center species 8
     Calculating structure features for center species 1
     Calculating structure features for center species 6
     Calculating structure features for center species 7
     Calculating structure features for center species 8
DOING TRAIN BATCH 10 out of 10
Calculating composition features
Composition features done
Calculating nu = 2 invariants
Combining center species = 1
Combining center species = 6
Combining center species = 7
Combining center species = 8
Calculating nu = 2 equivariants
Calculating real CGs
CGs finished
Combining center species = 1
Combining center species = 6
Combining center species = 7
Combining center species = 8
Calculating nu = 3 invariants
Combining center species = 1
Combining center species = 6
Combining center species = 7
Combining center species = 8
nu = 1: 304
nu = 2: 3968
nu = 3: 39776
     Calculating structure features for center species 1
     Calculating structure features for center species 6
     Calculating structure features for center species 7
     Calculating structure features for center species 8
     Calculating structure features for center species 1
     Calculating structure features for center species 6
     Calculating structure features for center species 7
     Calculating structure features for center species 8
     Calculating structure features for center species 1
     Calculating structure features for center species 6
     Calculating structure features for center species 7
     Calculating structure features for center species 8
DOING TEST BATCH 1 out of 50
Calculating composition features
Composition features done
Calculating nu = 2 invariants
Combining center species = 1
Combining center species = 6
Combining center species = 7
Combining center species = 8
Calculating nu = 2 equivariants
Calculating real CGs
CGs finished
Combining center species = 1
Combining center species = 6
Combining center species = 7
Combining center species = 8
Calculating nu = 3 invariants
Combining center species = 1
Combining center species = 6
Combining center species = 7
Combining center species = 8
nu = 1: 304
nu = 2: 3968
nu = 3: 39776
     Calculating structure features for center species 1
     Calculating structure features for center species 6
     Calculating structure features for center species 7
     Calculating structure features for center species 8
     Calculating structure features for center species 1
     Calculating structure features for center species 6
     Calculating structure features for center species 7
     Calculating structure features for center species 8
     Calculating structure features for center species 1
     Calculating structure features for center species 6
     Calculating structure features for center species 7
     Calculating structure features for center species 8
DOING TEST BATCH 2 out of 50
Calculating composition features
Composition features done
Calculating nu = 2 invariants
Combining center species = 1
Combining center species = 6
Combining center species = 7
Combining center species = 8
Calculating nu = 2 equivariants
Calculating real CGs
CGs finished
Combining center species = 1
Combining center species = 6
Combining center species = 7
Combining center species = 8
Calculating nu = 3 invariants
Combining center species = 1
Combining center species = 6
Combining center species = 7
Combining center species = 8
nu = 1: 304
nu = 2: 3968
nu = 3: 39776
     Calculating structure features for center species 1
     Calculating structure features for center species 6
     Calculating structure features for center species 7
     Calculating structure features for center species 8
     Calculating structure features for center species 1
     Calculating structure features for center species 6
     Calculating structure features for center species 7
     Calculating structure features for center species 8
     Calculating structure features for center species 1
     Calculating structure features for center species 6
     Calculating structure features for center species 7
     Calculating structure features for center species 8
DOING TEST BATCH 3 out of 50
Calculating composition features
Composition features done
Calculating nu = 2 invariants
Combining center species = 1
Combining center species = 6
Combining center species = 7
Combining center species = 8
Calculating nu = 2 equivariants
Calculating real CGs
CGs finished
Combining center species = 1
Combining center species = 6
Combining center species = 7
Combining center species = 8
Calculating nu = 3 invariants
Combining center species = 1
Combining center species = 6
Combining center species = 7
Combining center species = 8
nu = 1: 304
nu = 2: 3968
nu = 3: 39776
     Calculating structure features for center species 1
     Calculating structure features for center species 6
     Calculating structure features for center species 7
     Calculating structure features for center species 8
     Calculating structure features for center species 1
     Calculating structure features for center species 6
     Calculating structure features for center species 7
     Calculating structure features for center species 8
     Calculating structure features for center species 1
     Calculating structure features for center species 6
     Calculating structure features for center species 7
     Calculating structure features for center species 8
DOING TEST BATCH 4 out of 50
Calculating composition features
Composition features done
Calculating nu = 2 invariants
Combining center species = 1
Combining center species = 6
Combining center species = 7
Combining center species = 8
Calculating nu = 2 equivariants
Calculating real CGs
CGs finished
Combining center species = 1
Combining center species = 6
Combining center species = 7
Combining center species = 8
Calculating nu = 3 invariants
Combining center species = 1
Combining center species = 6
Combining center species = 7
Combining center species = 8
nu = 1: 304
nu = 2: 3968
nu = 3: 39776
     Calculating structure features for center species 1
     Calculating structure features for center species 6
     Calculating structure features for center species 7
     Calculating structure features for center species 8
     Calculating structure features for center species 1
     Calculating structure features for center species 6
     Calculating structure features for center species 7
     Calculating structure features for center species 8
     Calculating structure features for center species 1
     Calculating structure features for center species 6
     Calculating structure features for center species 7
     Calculating structure features for center species 8
DOING TEST BATCH 5 out of 50
Calculating composition features
Composition features done
Calculating nu = 2 invariants
Combining center species = 1
Combining center species = 6
Combining center species = 7
Combining center species = 8
Calculating nu = 2 equivariants
Calculating real CGs
CGs finished
Combining center species = 1
Combining center species = 6
Combining center species = 7
Combining center species = 8
Calculating nu = 3 invariants
Combining center species = 1
Combining center species = 6
Combining center species = 7
Combining center species = 8
nu = 1: 304
nu = 2: 3968
nu = 3: 39776
     Calculating structure features for center species 1
     Calculating structure features for center species 6
     Calculating structure features for center species 7
     Calculating structure features for center species 8
     Calculating structure features for center species 1
     Calculating structure features for center species 6
     Calculating structure features for center species 7
     Calculating structure features for center species 8
     Calculating structure features for center species 1
     Calculating structure features for center species 6
     Calculating structure features for center species 7
     Calculating structure features for center species 8
DOING TEST BATCH 6 out of 50
Calculating composition features
Composition features done
Calculating nu = 2 invariants
Combining center species = 1
Combining center species = 6
Combining center species = 7
Combining center species = 8
Calculating nu = 2 equivariants
Calculating real CGs
CGs finished
Combining center species = 1
Combining center species = 6
Combining center species = 7
Combining center species = 8
Calculating nu = 3 invariants
Combining center species = 1
Combining center species = 6
Combining center species = 7
Combining center species = 8
nu = 1: 304
nu = 2: 3968
nu = 3: 39776
     Calculating structure features for center species 1
     Calculating structure features for center species 6
     Calculating structure features for center species 7
     Calculating structure features for center species 8
     Calculating structure features for center species 1
     Calculating structure features for center species 6
     Calculating structure features for center species 7
     Calculating structure features for center species 8
     Calculating structure features for center species 1
     Calculating structure features for center species 6
     Calculating structure features for center species 7
     Calculating structure features for center species 8
DOING TEST BATCH 7 out of 50
Calculating composition features
Composition features done
Calculating nu = 2 invariants
Combining center species = 1
Combining center species = 6
Combining center species = 7
Combining center species = 8
Calculating nu = 2 equivariants
Calculating real CGs
CGs finished
Combining center species = 1
Combining center species = 6
Combining center species = 7
Combining center species = 8
Calculating nu = 3 invariants
Combining center species = 1
Combining center species = 6
Combining center species = 7
Combining center species = 8
nu = 1: 304
nu = 2: 3968
nu = 3: 39776
     Calculating structure features for center species 1
     Calculating structure features for center species 6
     Calculating structure features for center species 7
     Calculating structure features for center species 8
     Calculating structure features for center species 1
     Calculating structure features for center species 6
     Calculating structure features for center species 7
     Calculating structure features for center species 8
     Calculating structure features for center species 1
     Calculating structure features for center species 6
     Calculating structure features for center species 7
     Calculating structure features for center species 8
DOING TEST BATCH 8 out of 50
Calculating composition features
Composition features done
Calculating nu = 2 invariants
Combining center species = 1
Combining center species = 6
Combining center species = 7
Combining center species = 8
Calculating nu = 2 equivariants
Calculating real CGs
CGs finished
Combining center species = 1
Combining center species = 6
Combining center species = 7
Combining center species = 8
Calculating nu = 3 invariants
Combining center species = 1
Combining center species = 6
Combining center species = 7
Combining center species = 8
nu = 1: 304
nu = 2: 3968
nu = 3: 39776
     Calculating structure features for center species 1
     Calculating structure features for center species 6
     Calculating structure features for center species 7
     Calculating structure features for center species 8
     Calculating structure features for center species 1
     Calculating structure features for center species 6
     Calculating structure features for center species 7
     Calculating structure features for center species 8
     Calculating structure features for center species 1
     Calculating structure features for center species 6
     Calculating structure features for center species 7
     Calculating structure features for center species 8
DOING TEST BATCH 9 out of 50
Calculating composition features
Composition features done
Calculating nu = 2 invariants
Combining center species = 1
Combining center species = 6
Combining center species = 7
Combining center species = 8
Calculating nu = 2 equivariants
Calculating real CGs
CGs finished
Combining center species = 1
Combining center species = 6
Combining center species = 7
Combining center species = 8
Calculating nu = 3 invariants
Combining center species = 1
Combining center species = 6
Combining center species = 7
Combining center species = 8
nu = 1: 304
nu = 2: 3968
nu = 3: 39776
     Calculating structure features for center species 1
     Calculating structure features for center species 6
     Calculating structure features for center species 7
     Calculating structure features for center species 8
     Calculating structure features for center species 1
     Calculating structure features for center species 6
     Calculating structure features for center species 7
     Calculating structure features for center species 8
     Calculating structure features for center species 1
     Calculating structure features for center species 6
     Calculating structure features for center species 7
     Calculating structure features for center species 8
DOING TEST BATCH 10 out of 50
Calculating composition features
Composition features done
Calculating nu = 2 invariants
Combining center species = 1
Combining center species = 6
Combining center species = 7
Combining center species = 8
Calculating nu = 2 equivariants
Calculating real CGs
CGs finished
Combining center species = 1
Combining center species = 6
Combining center species = 7
Combining center species = 8
Calculating nu = 3 invariants
Combining center species = 1
Combining center species = 6
Combining center species = 7
Combining center species = 8
nu = 1: 304
nu = 2: 3968
nu = 3: 39776
     Calculating structure features for center species 1
     Calculating structure features for center species 6
     Calculating structure features for center species 7
     Calculating structure features for center species 8
     Calculating structure features for center species 1
     Calculating structure features for center species 6
     Calculating structure features for center species 7
     Calculating structure features for center species 8
     Calculating structure features for center species 1
     Calculating structure features for center species 6
     Calculating structure features for center species 7
     Calculating structure features for center species 8
DOING TEST BATCH 11 out of 50
Calculating composition features
Composition features done
Calculating nu = 2 invariants
Combining center species = 1
Combining center species = 6
Combining center species = 7
Combining center species = 8
Calculating nu = 2 equivariants
Calculating real CGs
CGs finished
Combining center species = 1
Combining center species = 6
Combining center species = 7
Combining center species = 8
Calculating nu = 3 invariants
Combining center species = 1
Combining center species = 6
Combining center species = 7
Combining center species = 8
nu = 1: 304
nu = 2: 3968
nu = 3: 39776
     Calculating structure features for center species 1
     Calculating structure features for center species 6
     Calculating structure features for center species 7
     Calculating structure features for center species 8
     Calculating structure features for center species 1
     Calculating structure features for center species 6
     Calculating structure features for center species 7
     Calculating structure features for center species 8
     Calculating structure features for center species 1
     Calculating structure features for center species 6
     Calculating structure features for center species 7
     Calculating structure features for center species 8
DOING TEST BATCH 12 out of 50
Calculating composition features
Composition features done
Calculating nu = 2 invariants
Combining center species = 1
Combining center species = 6
Combining center species = 7
Combining center species = 8
Calculating nu = 2 equivariants
Calculating real CGs
CGs finished
Combining center species = 1
Combining center species = 6
Combining center species = 7
Combining center species = 8
Calculating nu = 3 invariants
Combining center species = 1
Combining center species = 6
Combining center species = 7
Combining center species = 8
nu = 1: 304
nu = 2: 3968
nu = 3: 39776
     Calculating structure features for center species 1
     Calculating structure features for center species 6
     Calculating structure features for center species 7
     Calculating structure features for center species 8
     Calculating structure features for center species 1
     Calculating structure features for center species 6
     Calculating structure features for center species 7
     Calculating structure features for center species 8
     Calculating structure features for center species 1
     Calculating structure features for center species 6
     Calculating structure features for center species 7
     Calculating structure features for center species 8
DOING TEST BATCH 13 out of 50
Calculating composition features
Composition features done
Calculating nu = 2 invariants
Combining center species = 1
Combining center species = 6
Combining center species = 7
Combining center species = 8
Calculating nu = 2 equivariants
Calculating real CGs
CGs finished
Combining center species = 1
Combining center species = 6
Combining center species = 7
Combining center species = 8
Calculating nu = 3 invariants
Combining center species = 1
Combining center species = 6
Combining center species = 7
Combining center species = 8
nu = 1: 304
nu = 2: 3968
nu = 3: 39776
     Calculating structure features for center species 1
     Calculating structure features for center species 6
     Calculating structure features for center species 7
     Calculating structure features for center species 8
     Calculating structure features for center species 1
     Calculating structure features for center species 6
     Calculating structure features for center species 7
     Calculating structure features for center species 8
     Calculating structure features for center species 1
     Calculating structure features for center species 6
     Calculating structure features for center species 7
     Calculating structure features for center species 8
DOING TEST BATCH 14 out of 50
Calculating composition features
Composition features done
Calculating nu = 2 invariants
Combining center species = 1
Combining center species = 6
Combining center species = 7
Combining center species = 8
Calculating nu = 2 equivariants
Calculating real CGs
CGs finished
Combining center species = 1
Combining center species = 6
Combining center species = 7
Combining center species = 8
Calculating nu = 3 invariants
Combining center species = 1
Combining center species = 6
Combining center species = 7
Combining center species = 8
nu = 1: 304
nu = 2: 3968
nu = 3: 39776
     Calculating structure features for center species 1
     Calculating structure features for center species 6
     Calculating structure features for center species 7
     Calculating structure features for center species 8
     Calculating structure features for center species 1
     Calculating structure features for center species 6
     Calculating structure features for center species 7
     Calculating structure features for center species 8
     Calculating structure features for center species 1
     Calculating structure features for center species 6
     Calculating structure features for center species 7
     Calculating structure features for center species 8
DOING TEST BATCH 15 out of 50
Calculating composition features
Composition features done
Calculating nu = 2 invariants
Combining center species = 1
Combining center species = 6
Combining center species = 7
Combining center species = 8
Calculating nu = 2 equivariants
Calculating real CGs
CGs finished
Combining center species = 1
Combining center species = 6
Combining center species = 7
Combining center species = 8
Calculating nu = 3 invariants
Combining center species = 1
Combining center species = 6
Combining center species = 7
Combining center species = 8
nu = 1: 304
nu = 2: 3968
nu = 3: 39776
     Calculating structure features for center species 1
     Calculating structure features for center species 6
     Calculating structure features for center species 7
     Calculating structure features for center species 8
     Calculating structure features for center species 1
     Calculating structure features for center species 6
     Calculating structure features for center species 7
     Calculating structure features for center species 8
     Calculating structure features for center species 1
     Calculating structure features for center species 6
     Calculating structure features for center species 7
     Calculating structure features for center species 8
DOING TEST BATCH 16 out of 50
Calculating composition features
Composition features done
Calculating nu = 2 invariants
Combining center species = 1
Combining center species = 6
Combining center species = 7
Combining center species = 8
Calculating nu = 2 equivariants
Calculating real CGs
CGs finished
Combining center species = 1
Combining center species = 6
Combining center species = 7
Combining center species = 8
Calculating nu = 3 invariants
Combining center species = 1
Combining center species = 6
Combining center species = 7
Combining center species = 8
nu = 1: 304
nu = 2: 3968
nu = 3: 39776
     Calculating structure features for center species 1
     Calculating structure features for center species 6
     Calculating structure features for center species 7
     Calculating structure features for center species 8
     Calculating structure features for center species 1
     Calculating structure features for center species 6
     Calculating structure features for center species 7
     Calculating structure features for center species 8
     Calculating structure features for center species 1
     Calculating structure features for center species 6
     Calculating structure features for center species 7
     Calculating structure features for center species 8
DOING TEST BATCH 17 out of 50
Calculating composition features
Composition features done
Calculating nu = 2 invariants
Combining center species = 1
Combining center species = 6
Combining center species = 7
Combining center species = 8
Calculating nu = 2 equivariants
Calculating real CGs
CGs finished
Combining center species = 1
Combining center species = 6
Combining center species = 7
Combining center species = 8
Calculating nu = 3 invariants
Combining center species = 1
Combining center species = 6
Combining center species = 7
Combining center species = 8
nu = 1: 304
nu = 2: 3968
nu = 3: 39776
     Calculating structure features for center species 1
     Calculating structure features for center species 6
     Calculating structure features for center species 7
     Calculating structure features for center species 8
     Calculating structure features for center species 1
     Calculating structure features for center species 6
     Calculating structure features for center species 7
     Calculating structure features for center species 8
     Calculating structure features for center species 1
     Calculating structure features for center species 6
     Calculating structure features for center species 7
     Calculating structure features for center species 8
DOING TEST BATCH 18 out of 50
Calculating composition features
Composition features done
Calculating nu = 2 invariants
Combining center species = 1
Combining center species = 6
Combining center species = 7
Combining center species = 8
Calculating nu = 2 equivariants
Calculating real CGs
CGs finished
Combining center species = 1
Combining center species = 6
Combining center species = 7
Combining center species = 8
Calculating nu = 3 invariants
Combining center species = 1
Combining center species = 6
Combining center species = 7
Combining center species = 8
nu = 1: 304
nu = 2: 3968
nu = 3: 39776
     Calculating structure features for center species 1
     Calculating structure features for center species 6
     Calculating structure features for center species 7
     Calculating structure features for center species 8
     Calculating structure features for center species 1
     Calculating structure features for center species 6
     Calculating structure features for center species 7
     Calculating structure features for center species 8
     Calculating structure features for center species 1
     Calculating structure features for center species 6
     Calculating structure features for center species 7
     Calculating structure features for center species 8
DOING TEST BATCH 19 out of 50
Calculating composition features
Composition features done
Calculating nu = 2 invariants
Combining center species = 1
Combining center species = 6
Combining center species = 7
Combining center species = 8
Calculating nu = 2 equivariants
Calculating real CGs
CGs finished
Combining center species = 1
Combining center species = 6
Combining center species = 7
Combining center species = 8
Calculating nu = 3 invariants
Combining center species = 1
Combining center species = 6
Combining center species = 7
Combining center species = 8
nu = 1: 304
nu = 2: 3968
nu = 3: 39776
     Calculating structure features for center species 1
     Calculating structure features for center species 6
     Calculating structure features for center species 7
     Calculating structure features for center species 8
     Calculating structure features for center species 1
     Calculating structure features for center species 6
     Calculating structure features for center species 7
     Calculating structure features for center species 8
     Calculating structure features for center species 1
     Calculating structure features for center species 6
     Calculating structure features for center species 7
     Calculating structure features for center species 8
DOING TEST BATCH 20 out of 50
Calculating composition features
Composition features done
Calculating nu = 2 invariants
Combining center species = 1
Combining center species = 6
Combining center species = 7
Combining center species = 8
Calculating nu = 2 equivariants
Calculating real CGs
CGs finished
Combining center species = 1
Combining center species = 6
Combining center species = 7
Combining center species = 8
Calculating nu = 3 invariants
Combining center species = 1
Combining center species = 6
Combining center species = 7
Combining center species = 8
nu = 1: 304
nu = 2: 3968
nu = 3: 39776
     Calculating structure features for center species 1
     Calculating structure features for center species 6
     Calculating structure features for center species 7
     Calculating structure features for center species 8
     Calculating structure features for center species 1
     Calculating structure features for center species 6
     Calculating structure features for center species 7
     Calculating structure features for center species 8
     Calculating structure features for center species 1
     Calculating structure features for center species 6
     Calculating structure features for center species 7
     Calculating structure features for center species 8
DOING TEST BATCH 21 out of 50
Calculating composition features
Composition features done
Calculating nu = 2 invariants
Combining center species = 1
Combining center species = 6
Combining center species = 7
Combining center species = 8
Calculating nu = 2 equivariants
Calculating real CGs
CGs finished
Combining center species = 1
Combining center species = 6
Combining center species = 7
Combining center species = 8
Calculating nu = 3 invariants
Combining center species = 1
Combining center species = 6
Combining center species = 7
Combining center species = 8
nu = 1: 304
nu = 2: 3968
nu = 3: 39776
     Calculating structure features for center species 1
     Calculating structure features for center species 6
     Calculating structure features for center species 7
     Calculating structure features for center species 8
     Calculating structure features for center species 1
     Calculating structure features for center species 6
     Calculating structure features for center species 7
     Calculating structure features for center species 8
     Calculating structure features for center species 1
     Calculating structure features for center species 6
     Calculating structure features for center species 7
     Calculating structure features for center species 8
DOING TEST BATCH 22 out of 50
Calculating composition features
Composition features done
Calculating nu = 2 invariants
Combining center species = 1
Combining center species = 6
Combining center species = 7
Combining center species = 8
Calculating nu = 2 equivariants
Calculating real CGs
CGs finished
Combining center species = 1
Combining center species = 6
Combining center species = 7
Combining center species = 8
Calculating nu = 3 invariants
Combining center species = 1
Combining center species = 6
Combining center species = 7
Combining center species = 8
nu = 1: 304
nu = 2: 3968
nu = 3: 39776
     Calculating structure features for center species 1
     Calculating structure features for center species 6
     Calculating structure features for center species 7
     Calculating structure features for center species 8
     Calculating structure features for center species 1
     Calculating structure features for center species 6
     Calculating structure features for center species 7
     Calculating structure features for center species 8
     Calculating structure features for center species 1
     Calculating structure features for center species 6
     Calculating structure features for center species 7
     Calculating structure features for center species 8
DOING TEST BATCH 23 out of 50
Calculating composition features
Composition features done
Calculating nu = 2 invariants
Combining center species = 1
Combining center species = 6
Combining center species = 7
Combining center species = 8
Calculating nu = 2 equivariants
Calculating real CGs
CGs finished
Combining center species = 1
Combining center species = 6
Combining center species = 7
Combining center species = 8
Calculating nu = 3 invariants
Combining center species = 1
Combining center species = 6
Combining center species = 7
Combining center species = 8
nu = 1: 304
nu = 2: 3968
nu = 3: 39776
     Calculating structure features for center species 1
     Calculating structure features for center species 6
     Calculating structure features for center species 7
     Calculating structure features for center species 8
     Calculating structure features for center species 1
     Calculating structure features for center species 6
     Calculating structure features for center species 7
     Calculating structure features for center species 8
     Calculating structure features for center species 1
     Calculating structure features for center species 6
     Calculating structure features for center species 7
     Calculating structure features for center species 8
DOING TEST BATCH 24 out of 50
Calculating composition features
Composition features done
Calculating nu = 2 invariants
Combining center species = 1
Combining center species = 6
Combining center species = 7
Combining center species = 8
Calculating nu = 2 equivariants
Calculating real CGs
CGs finished
Combining center species = 1
Combining center species = 6
Combining center species = 7
Combining center species = 8
Calculating nu = 3 invariants
Combining center species = 1
Combining center species = 6
Combining center species = 7
Combining center species = 8
nu = 1: 304
nu = 2: 3968
nu = 3: 39776
     Calculating structure features for center species 1
     Calculating structure features for center species 6
     Calculating structure features for center species 7
     Calculating structure features for center species 8
     Calculating structure features for center species 1
     Calculating structure features for center species 6
     Calculating structure features for center species 7
     Calculating structure features for center species 8
     Calculating structure features for center species 1
     Calculating structure features for center species 6
     Calculating structure features for center species 7
     Calculating structure features for center species 8
DOING TEST BATCH 25 out of 50
Calculating composition features
Composition features done
Calculating nu = 2 invariants
Combining center species = 1
Combining center species = 6
Combining center species = 7
Combining center species = 8
Calculating nu = 2 equivariants
Calculating real CGs
CGs finished
Combining center species = 1
Combining center species = 6
Combining center species = 7
Combining center species = 8
Calculating nu = 3 invariants
Combining center species = 1
Combining center species = 6
Combining center species = 7
Combining center species = 8
nu = 1: 304
nu = 2: 3968
nu = 3: 39776
     Calculating structure features for center species 1
     Calculating structure features for center species 6
     Calculating structure features for center species 7
     Calculating structure features for center species 8
     Calculating structure features for center species 1
     Calculating structure features for center species 6
     Calculating structure features for center species 7
     Calculating structure features for center species 8
     Calculating structure features for center species 1
     Calculating structure features for center species 6
     Calculating structure features for center species 7
     Calculating structure features for center species 8
DOING TEST BATCH 26 out of 50
Calculating composition features
Composition features done
Calculating nu = 2 invariants
Combining center species = 1
Combining center species = 6
Combining center species = 7
Combining center species = 8
Calculating nu = 2 equivariants
Calculating real CGs
CGs finished
Combining center species = 1
Combining center species = 6
Combining center species = 7
Combining center species = 8
Calculating nu = 3 invariants
Combining center species = 1
Combining center species = 6
Combining center species = 7
Combining center species = 8
nu = 1: 304
nu = 2: 3968
nu = 3: 39776
     Calculating structure features for center species 1
     Calculating structure features for center species 6
     Calculating structure features for center species 7
     Calculating structure features for center species 8
     Calculating structure features for center species 1
     Calculating structure features for center species 6
     Calculating structure features for center species 7
     Calculating structure features for center species 8
     Calculating structure features for center species 1
     Calculating structure features for center species 6
     Calculating structure features for center species 7
     Calculating structure features for center species 8
DOING TEST BATCH 27 out of 50
Calculating composition features
Composition features done
Calculating nu = 2 invariants
Combining center species = 1
Combining center species = 6
Combining center species = 7
Combining center species = 8
Calculating nu = 2 equivariants
Calculating real CGs
CGs finished
Combining center species = 1
Combining center species = 6
Combining center species = 7
Combining center species = 8
Calculating nu = 3 invariants
Combining center species = 1
Combining center species = 6
Combining center species = 7
Combining center species = 8
nu = 1: 304
nu = 2: 3968
nu = 3: 39776
     Calculating structure features for center species 1
     Calculating structure features for center species 6
     Calculating structure features for center species 7
     Calculating structure features for center species 8
     Calculating structure features for center species 1
     Calculating structure features for center species 6
     Calculating structure features for center species 7
     Calculating structure features for center species 8
     Calculating structure features for center species 1
     Calculating structure features for center species 6
     Calculating structure features for center species 7
     Calculating structure features for center species 8
DOING TEST BATCH 28 out of 50
Calculating composition features
Composition features done
Calculating nu = 2 invariants
Combining center species = 1
Combining center species = 6
Combining center species = 7
Combining center species = 8
Calculating nu = 2 equivariants
Calculating real CGs
CGs finished
Combining center species = 1
Combining center species = 6
Combining center species = 7
Combining center species = 8
Calculating nu = 3 invariants
Combining center species = 1
Combining center species = 6
Combining center species = 7
Combining center species = 8
nu = 1: 304
nu = 2: 3968
nu = 3: 39776
     Calculating structure features for center species 1
     Calculating structure features for center species 6
     Calculating structure features for center species 7
     Calculating structure features for center species 8
     Calculating structure features for center species 1
     Calculating structure features for center species 6
     Calculating structure features for center species 7
     Calculating structure features for center species 8
     Calculating structure features for center species 1
     Calculating structure features for center species 6
     Calculating structure features for center species 7
     Calculating structure features for center species 8
DOING TEST BATCH 29 out of 50
Calculating composition features
Composition features done
Calculating nu = 2 invariants
Combining center species = 1
Combining center species = 6
Combining center species = 7
Combining center species = 8
Calculating nu = 2 equivariants
Calculating real CGs
CGs finished
Combining center species = 1
Combining center species = 6
Combining center species = 7
Combining center species = 8
Calculating nu = 3 invariants
Combining center species = 1
Combining center species = 6
Combining center species = 7
Combining center species = 8
nu = 1: 304
nu = 2: 3968
nu = 3: 39776
     Calculating structure features for center species 1
     Calculating structure features for center species 6
     Calculating structure features for center species 7
     Calculating structure features for center species 8
     Calculating structure features for center species 1
     Calculating structure features for center species 6
     Calculating structure features for center species 7
     Calculating structure features for center species 8
     Calculating structure features for center species 1
     Calculating structure features for center species 6
     Calculating structure features for center species 7
     Calculating structure features for center species 8
DOING TEST BATCH 30 out of 50
Calculating composition features
Composition features done
Calculating nu = 2 invariants
Combining center species = 1
Combining center species = 6
Combining center species = 7
Combining center species = 8
Calculating nu = 2 equivariants
Calculating real CGs
CGs finished
Combining center species = 1
Combining center species = 6
Combining center species = 7
Combining center species = 8
Calculating nu = 3 invariants
Combining center species = 1
Combining center species = 6
Combining center species = 7
Combining center species = 8
nu = 1: 304
nu = 2: 3968
nu = 3: 39776
     Calculating structure features for center species 1
     Calculating structure features for center species 6
     Calculating structure features for center species 7
     Calculating structure features for center species 8
     Calculating structure features for center species 1
     Calculating structure features for center species 6
     Calculating structure features for center species 7
     Calculating structure features for center species 8
     Calculating structure features for center species 1
     Calculating structure features for center species 6
     Calculating structure features for center species 7
     Calculating structure features for center species 8
DOING TEST BATCH 31 out of 50
Calculating composition features
Composition features done
Calculating nu = 2 invariants
Combining center species = 1
Combining center species = 6
Combining center species = 7
Combining center species = 8
Calculating nu = 2 equivariants
Calculating real CGs
CGs finished
Combining center species = 1
Combining center species = 6
Combining center species = 7
Combining center species = 8
Calculating nu = 3 invariants
Combining center species = 1
Combining center species = 6
Combining center species = 7
Combining center species = 8
nu = 1: 304
nu = 2: 3968
nu = 3: 39776
     Calculating structure features for center species 1
     Calculating structure features for center species 6
     Calculating structure features for center species 7
     Calculating structure features for center species 8
     Calculating structure features for center species 1
     Calculating structure features for center species 6
     Calculating structure features for center species 7
     Calculating structure features for center species 8
     Calculating structure features for center species 1
     Calculating structure features for center species 6
     Calculating structure features for center species 7
     Calculating structure features for center species 8
DOING TEST BATCH 32 out of 50
Calculating composition features
Composition features done
Calculating nu = 2 invariants
Combining center species = 1
Combining center species = 6
Combining center species = 7
Combining center species = 8
Calculating nu = 2 equivariants
Calculating real CGs
CGs finished
Combining center species = 1
Combining center species = 6
Combining center species = 7
Combining center species = 8
Calculating nu = 3 invariants
Combining center species = 1
Combining center species = 6
Combining center species = 7
Combining center species = 8
nu = 1: 304
nu = 2: 3968
nu = 3: 39776
     Calculating structure features for center species 1
     Calculating structure features for center species 6
     Calculating structure features for center species 7
     Calculating structure features for center species 8
     Calculating structure features for center species 1
     Calculating structure features for center species 6
     Calculating structure features for center species 7
     Calculating structure features for center species 8
     Calculating structure features for center species 1
     Calculating structure features for center species 6
     Calculating structure features for center species 7
     Calculating structure features for center species 8
DOING TEST BATCH 33 out of 50
Calculating composition features
Composition features done
Calculating nu = 2 invariants
Combining center species = 1
Combining center species = 6
Combining center species = 7
Combining center species = 8
Calculating nu = 2 equivariants
Calculating real CGs
CGs finished
Combining center species = 1
Combining center species = 6
Combining center species = 7
Combining center species = 8
Calculating nu = 3 invariants
Combining center species = 1
Combining center species = 6
Combining center species = 7
Combining center species = 8
nu = 1: 304
nu = 2: 3968
nu = 3: 39776
     Calculating structure features for center species 1
     Calculating structure features for center species 6
     Calculating structure features for center species 7
     Calculating structure features for center species 8
     Calculating structure features for center species 1
     Calculating structure features for center species 6
     Calculating structure features for center species 7
     Calculating structure features for center species 8
     Calculating structure features for center species 1
     Calculating structure features for center species 6
     Calculating structure features for center species 7
     Calculating structure features for center species 8
DOING TEST BATCH 34 out of 50
Calculating composition features
Composition features done
Calculating nu = 2 invariants
Combining center species = 1
Combining center species = 6
Combining center species = 7
Combining center species = 8
Calculating nu = 2 equivariants
Calculating real CGs
CGs finished
Combining center species = 1
Combining center species = 6
Combining center species = 7
Combining center species = 8
Calculating nu = 3 invariants
Combining center species = 1
Combining center species = 6
Combining center species = 7
Combining center species = 8
nu = 1: 304
nu = 2: 3968
nu = 3: 39776
     Calculating structure features for center species 1
     Calculating structure features for center species 6
     Calculating structure features for center species 7
     Calculating structure features for center species 8
     Calculating structure features for center species 1
     Calculating structure features for center species 6
     Calculating structure features for center species 7
     Calculating structure features for center species 8
     Calculating structure features for center species 1
     Calculating structure features for center species 6
     Calculating structure features for center species 7
     Calculating structure features for center species 8
DOING TEST BATCH 35 out of 50
Calculating composition features
Composition features done
Calculating nu = 2 invariants
Combining center species = 1
Combining center species = 6
Combining center species = 7
Combining center species = 8
Calculating nu = 2 equivariants
Calculating real CGs
CGs finished
Combining center species = 1
Combining center species = 6
Combining center species = 7
Combining center species = 8
Calculating nu = 3 invariants
Combining center species = 1
Combining center species = 6
Combining center species = 7
Combining center species = 8
nu = 1: 304
nu = 2: 3968
nu = 3: 39776
     Calculating structure features for center species 1
     Calculating structure features for center species 6
     Calculating structure features for center species 7
     Calculating structure features for center species 8
     Calculating structure features for center species 1
     Calculating structure features for center species 6
     Calculating structure features for center species 7
     Calculating structure features for center species 8
     Calculating structure features for center species 1
     Calculating structure features for center species 6
     Calculating structure features for center species 7
     Calculating structure features for center species 8
DOING TEST BATCH 36 out of 50
Calculating composition features
Composition features done
Calculating nu = 2 invariants
Combining center species = 1
Combining center species = 6
Combining center species = 7
Combining center species = 8
Calculating nu = 2 equivariants
Calculating real CGs
CGs finished
Combining center species = 1
Combining center species = 6
Combining center species = 7
Combining center species = 8
Calculating nu = 3 invariants
Combining center species = 1
Combining center species = 6
Combining center species = 7
Combining center species = 8
nu = 1: 304
nu = 2: 3968
nu = 3: 39776
     Calculating structure features for center species 1
     Calculating structure features for center species 6
     Calculating structure features for center species 7
     Calculating structure features for center species 8
     Calculating structure features for center species 1
     Calculating structure features for center species 6
     Calculating structure features for center species 7
     Calculating structure features for center species 8
     Calculating structure features for center species 1
     Calculating structure features for center species 6
     Calculating structure features for center species 7
     Calculating structure features for center species 8
DOING TEST BATCH 37 out of 50
Calculating composition features
Composition features done
Calculating nu = 2 invariants
Combining center species = 1
Combining center species = 6
Combining center species = 7
Combining center species = 8
Calculating nu = 2 equivariants
Calculating real CGs
CGs finished
Combining center species = 1
Combining center species = 6
Combining center species = 7
Combining center species = 8
Calculating nu = 3 invariants
Combining center species = 1
Combining center species = 6
Combining center species = 7
Combining center species = 8
nu = 1: 304
nu = 2: 3968
nu = 3: 39776
     Calculating structure features for center species 1
     Calculating structure features for center species 6
     Calculating structure features for center species 7
     Calculating structure features for center species 8
     Calculating structure features for center species 1
     Calculating structure features for center species 6
     Calculating structure features for center species 7
     Calculating structure features for center species 8
     Calculating structure features for center species 1
     Calculating structure features for center species 6
     Calculating structure features for center species 7
     Calculating structure features for center species 8
DOING TEST BATCH 38 out of 50
Calculating composition features
Composition features done
Calculating nu = 2 invariants
Combining center species = 1
Combining center species = 6
Combining center species = 7
Combining center species = 8
Calculating nu = 2 equivariants
Calculating real CGs
CGs finished
Combining center species = 1
Combining center species = 6
Combining center species = 7
Combining center species = 8
Calculating nu = 3 invariants
Combining center species = 1
Combining center species = 6
Combining center species = 7
Combining center species = 8
nu = 1: 304
nu = 2: 3968
nu = 3: 39776
     Calculating structure features for center species 1
     Calculating structure features for center species 6
     Calculating structure features for center species 7
     Calculating structure features for center species 8
     Calculating structure features for center species 1
     Calculating structure features for center species 6
     Calculating structure features for center species 7
     Calculating structure features for center species 8
     Calculating structure features for center species 1
     Calculating structure features for center species 6
     Calculating structure features for center species 7
     Calculating structure features for center species 8
DOING TEST BATCH 39 out of 50
Calculating composition features
Composition features done
Calculating nu = 2 invariants
Combining center species = 1
Combining center species = 6
Combining center species = 7
Combining center species = 8
Calculating nu = 2 equivariants
Calculating real CGs
CGs finished
Combining center species = 1
Combining center species = 6
Combining center species = 7
Combining center species = 8
Calculating nu = 3 invariants
Combining center species = 1
Combining center species = 6
Combining center species = 7
Combining center species = 8
nu = 1: 304
nu = 2: 3968
nu = 3: 39776
     Calculating structure features for center species 1
     Calculating structure features for center species 6
     Calculating structure features for center species 7
     Calculating structure features for center species 8
     Calculating structure features for center species 1
     Calculating structure features for center species 6
     Calculating structure features for center species 7
     Calculating structure features for center species 8
     Calculating structure features for center species 1
     Calculating structure features for center species 6
     Calculating structure features for center species 7
     Calculating structure features for center species 8
DOING TEST BATCH 40 out of 50
Calculating composition features
Composition features done
Calculating nu = 2 invariants
Combining center species = 1
Combining center species = 6
Combining center species = 7
Combining center species = 8
Calculating nu = 2 equivariants
Calculating real CGs
CGs finished
Combining center species = 1
Combining center species = 6
Combining center species = 7
Combining center species = 8
Calculating nu = 3 invariants
Combining center species = 1
Combining center species = 6
Combining center species = 7
Combining center species = 8
nu = 1: 304
nu = 2: 3968
nu = 3: 39776
     Calculating structure features for center species 1
     Calculating structure features for center species 6
     Calculating structure features for center species 7
     Calculating structure features for center species 8
     Calculating structure features for center species 1
     Calculating structure features for center species 6
     Calculating structure features for center species 7
     Calculating structure features for center species 8
     Calculating structure features for center species 1
     Calculating structure features for center species 6
     Calculating structure features for center species 7
     Calculating structure features for center species 8
DOING TEST BATCH 41 out of 50
Calculating composition features
Composition features done
Calculating nu = 2 invariants
Combining center species = 1
Combining center species = 6
Combining center species = 7
Combining center species = 8
Calculating nu = 2 equivariants
Calculating real CGs
CGs finished
Combining center species = 1
Combining center species = 6
Combining center species = 7
Combining center species = 8
Calculating nu = 3 invariants
Combining center species = 1
Combining center species = 6
Combining center species = 7
Combining center species = 8
nu = 1: 304
nu = 2: 3968
nu = 3: 39776
     Calculating structure features for center species 1
     Calculating structure features for center species 6
     Calculating structure features for center species 7
     Calculating structure features for center species 8
     Calculating structure features for center species 1
     Calculating structure features for center species 6
     Calculating structure features for center species 7
     Calculating structure features for center species 8
     Calculating structure features for center species 1
     Calculating structure features for center species 6
     Calculating structure features for center species 7
     Calculating structure features for center species 8
DOING TEST BATCH 42 out of 50
Calculating composition features
Composition features done
Calculating nu = 2 invariants
Combining center species = 1
Combining center species = 6
Combining center species = 7
Combining center species = 8
Calculating nu = 2 equivariants
Calculating real CGs
CGs finished
Combining center species = 1
Combining center species = 6
Combining center species = 7
Combining center species = 8
Calculating nu = 3 invariants
Combining center species = 1
Combining center species = 6
Combining center species = 7
Combining center species = 8
nu = 1: 304
nu = 2: 3968
nu = 3: 39776
     Calculating structure features for center species 1
     Calculating structure features for center species 6
     Calculating structure features for center species 7
     Calculating structure features for center species 8
     Calculating structure features for center species 1
     Calculating structure features for center species 6
     Calculating structure features for center species 7
     Calculating structure features for center species 8
     Calculating structure features for center species 1
     Calculating structure features for center species 6
     Calculating structure features for center species 7
     Calculating structure features for center species 8
DOING TEST BATCH 43 out of 50
Calculating composition features
Composition features done
Calculating nu = 2 invariants
Combining center species = 1
Combining center species = 6
Combining center species = 7
Combining center species = 8
Calculating nu = 2 equivariants
Calculating real CGs
CGs finished
Combining center species = 1
Combining center species = 6
Combining center species = 7
Combining center species = 8
Calculating nu = 3 invariants
Combining center species = 1
Combining center species = 6
Combining center species = 7
Combining center species = 8
nu = 1: 304
nu = 2: 3968
nu = 3: 39776
     Calculating structure features for center species 1
     Calculating structure features for center species 6
     Calculating structure features for center species 7
     Calculating structure features for center species 8
     Calculating structure features for center species 1
     Calculating structure features for center species 6
     Calculating structure features for center species 7
     Calculating structure features for center species 8
     Calculating structure features for center species 1
     Calculating structure features for center species 6
     Calculating structure features for center species 7
     Calculating structure features for center species 8
DOING TEST BATCH 44 out of 50
Calculating composition features
Composition features done
Calculating nu = 2 invariants
Combining center species = 1
Combining center species = 6
Combining center species = 7
Combining center species = 8
Calculating nu = 2 equivariants
Calculating real CGs
CGs finished
Combining center species = 1
Combining center species = 6
Combining center species = 7
Combining center species = 8
Calculating nu = 3 invariants
Combining center species = 1
Combining center species = 6
Combining center species = 7
Combining center species = 8
nu = 1: 304
nu = 2: 3968
nu = 3: 39776
     Calculating structure features for center species 1
     Calculating structure features for center species 6
     Calculating structure features for center species 7
     Calculating structure features for center species 8
     Calculating structure features for center species 1
     Calculating structure features for center species 6
     Calculating structure features for center species 7
     Calculating structure features for center species 8
     Calculating structure features for center species 1
     Calculating structure features for center species 6
     Calculating structure features for center species 7
     Calculating structure features for center species 8
DOING TEST BATCH 45 out of 50
Calculating composition features
Composition features done
Calculating nu = 2 invariants
Combining center species = 1
Combining center species = 6
Combining center species = 7
Combining center species = 8
Calculating nu = 2 equivariants
Calculating real CGs
CGs finished
Combining center species = 1
Combining center species = 6
Combining center species = 7
Combining center species = 8
Calculating nu = 3 invariants
Combining center species = 1
Combining center species = 6
Combining center species = 7
Combining center species = 8
nu = 1: 304
nu = 2: 3968
nu = 3: 39776
     Calculating structure features for center species 1
     Calculating structure features for center species 6
     Calculating structure features for center species 7
     Calculating structure features for center species 8
     Calculating structure features for center species 1
     Calculating structure features for center species 6
     Calculating structure features for center species 7
     Calculating structure features for center species 8
     Calculating structure features for center species 1
     Calculating structure features for center species 6
     Calculating structure features for center species 7
     Calculating structure features for center species 8
DOING TEST BATCH 46 out of 50
Calculating composition features
Composition features done
Calculating nu = 2 invariants
Combining center species = 1
Combining center species = 6
Combining center species = 7
Combining center species = 8
Calculating nu = 2 equivariants
Calculating real CGs
CGs finished
Combining center species = 1
Combining center species = 6
Combining center species = 7
Combining center species = 8
Calculating nu = 3 invariants
Combining center species = 1
Combining center species = 6
Combining center species = 7
Combining center species = 8
nu = 1: 304
nu = 2: 3968
nu = 3: 39776
     Calculating structure features for center species 1
     Calculating structure features for center species 6
     Calculating structure features for center species 7
     Calculating structure features for center species 8
     Calculating structure features for center species 1
     Calculating structure features for center species 6
     Calculating structure features for center species 7
     Calculating structure features for center species 8
     Calculating structure features for center species 1
     Calculating structure features for center species 6
     Calculating structure features for center species 7
     Calculating structure features for center species 8
DOING TEST BATCH 47 out of 50
Calculating composition features
Composition features done
Calculating nu = 2 invariants
Combining center species = 1
Combining center species = 6
Combining center species = 7
Combining center species = 8
Calculating nu = 2 equivariants
Calculating real CGs
CGs finished
Combining center species = 1
Combining center species = 6
Combining center species = 7
Combining center species = 8
Calculating nu = 3 invariants
Combining center species = 1
Combining center species = 6
Combining center species = 7
Combining center species = 8
nu = 1: 304
nu = 2: 3968
nu = 3: 39776
     Calculating structure features for center species 1
     Calculating structure features for center species 6
     Calculating structure features for center species 7
     Calculating structure features for center species 8
     Calculating structure features for center species 1
     Calculating structure features for center species 6
     Calculating structure features for center species 7
     Calculating structure features for center species 8
     Calculating structure features for center species 1
     Calculating structure features for center species 6
     Calculating structure features for center species 7
     Calculating structure features for center species 8
DOING TEST BATCH 48 out of 50
Calculating composition features
Composition features done
Calculating nu = 2 invariants
Combining center species = 1
Combining center species = 6
Combining center species = 7
Combining center species = 8
Calculating nu = 2 equivariants
Calculating real CGs
CGs finished
Combining center species = 1
Combining center species = 6
Combining center species = 7
Combining center species = 8
Calculating nu = 3 invariants
Combining center species = 1
Combining center species = 6
Combining center species = 7
Combining center species = 8
nu = 1: 304
nu = 2: 3968
nu = 3: 39776
     Calculating structure features for center species 1
     Calculating structure features for center species 6
     Calculating structure features for center species 7
     Calculating structure features for center species 8
     Calculating structure features for center species 1
     Calculating structure features for center species 6
     Calculating structure features for center species 7
     Calculating structure features for center species 8
     Calculating structure features for center species 1
     Calculating structure features for center species 6
     Calculating structure features for center species 7
     Calculating structure features for center species 8
DOING TEST BATCH 49 out of 50
Calculating composition features
Composition features done
Calculating nu = 2 invariants
Combining center species = 1
Combining center species = 6
Combining center species = 7
Combining center species = 8
Calculating nu = 2 equivariants
Calculating real CGs
CGs finished
Combining center species = 1
Combining center species = 6
Combining center species = 7
Combining center species = 8
Calculating nu = 3 invariants
Combining center species = 1
Combining center species = 6
Combining center species = 7
Combining center species = 8
nu = 1: 304
nu = 2: 3968
nu = 3: 39776
     Calculating structure features for center species 1
     Calculating structure features for center species 6
     Calculating structure features for center species 7
     Calculating structure features for center species 8
     Calculating structure features for center species 1
     Calculating structure features for center species 6
     Calculating structure features for center species 7
     Calculating structure features for center species 8
     Calculating structure features for center species 1
     Calculating structure features for center species 6
     Calculating structure features for center species 7
     Calculating structure features for center species 8
DOING TEST BATCH 50 out of 50
Calculating composition features
Composition features done
Calculating nu = 2 invariants
Combining center species = 1
Combining center species = 6
Combining center species = 7
Combining center species = 8
Calculating nu = 2 equivariants
Calculating real CGs
CGs finished
Combining center species = 1
Combining center species = 6
Combining center species = 7
Combining center species = 8
Calculating nu = 3 invariants
Combining center species = 1
Combining center species = 6
Combining center species = 7
Combining center species = 8
nu = 1: 304
nu = 2: 3968
nu = 3: 39776
     Calculating structure features for center species 1
     Calculating structure features for center species 6
     Calculating structure features for center species 7
     Calculating structure features for center species 8
     Calculating structure features for center species 1
     Calculating structure features for center species 6
     Calculating structure features for center species 7
     Calculating structure features for center species 8
     Calculating structure features for center species 1
     Calculating structure features for center species 6
     Calculating structure features for center species 7
     Calculating structure features for center species 8
Features done
Beginning hyperparameter optimization
Number of features:  44049
-13.0 5.248760694196352e-05 23.522580655553654 15.698996022947133 0.006132994764630516 133.05800816852872 83.05136863702668
-12.75 5.937180678049678e-05 15.07896970584004 10.15501747328788 0.006462809808131701 85.77186298479299 54.43807368165664
-12.5 7.530416060862172e-05 11.103115238072272 7.650461833320558 0.007384234922696205 63.33775706005552 41.047486549271646
-12.25 0.00010960922990696518 9.399765663235145 6.537416546650231 0.00969015772620744 53.5561586718027 35.33945726792595
-12.0 0.00017668457438580298 8.710222482435102 6.060240293934942 0.014695778924501949 49.50136399755347 32.98612710752754
-11.75 0.0003002120661055321 8.435044848307866 5.842146422289312 0.024386792082985127 47.82575833516725 32.01676817357022
-11.5 0.0005207024915744503 8.316702368314877 5.758174899563193 0.04198458864426951 47.082827897179584 31.593771534099712
-11.25 0.0009076127654886238 8.259207749170338 5.734305017031729 0.07292178410231183 46.71513471436465 31.381118186015996
-11.0 0.0015760789146087016 8.22462502852321 5.72169888535887 0.1260525660584626 46.49700949256552 31.24479937468026
-10.75 0.0027077791012575392 8.1975712735786 5.7113318276032805 0.21495570306422385 46.33313958484657 31.12918830176142
-10.5 0.004570204070443726 8.171727200348618 5.701036886177957 0.3588318625394577 46.183956209700085 31.01100750418
-10.25 0.007519798160933489 8.145125557038735 5.6887912952750925 0.5822687871379635 46.043625304669746 30.884878896857174
-10.0 0.01196904947285359 8.116998651684728 5.680937870070339 0.9134933402609956 45.93273785359963 30.7649093577709
-9.75 0.018314040519940927 8.085912864504685 5.681230449900031 1.3817352570634296 45.891365437417086 30.68463745730795
-9.5 0.02687106022616618 8.05200536870819 5.688324831753969 2.015733326412261 45.96885998269128 30.68178847015614
-9.25 0.03788412987072201 8.022184702021985 5.683754124484956 2.8459657771563975 46.216695997591565 30.793089997876685
-9.0 0.05155570379804469 8.011753088283449 5.714146891996265 3.9096770207713547 46.69686548861563 31.062624405804723
-8.75 0.06802486968454198 8.042839024504211 5.771205170668662 5.2538557953867135 47.50327776916494 31.550922976960003
-8.5 0.08740973466711938 8.147618115471865 5.901547644741833 6.935615288894735 48.76653730060368 32.3449804029817
-8.25 0.11014729955563264 8.371845641413909 6.120868252791464 9.02409028781573 50.624952080536765 33.53165243717702
-8.0 0.1379009768027863 8.762394783118586 6.410124802857637 11.609516576708325 53.178163355995295 35.1593310983557
-7.75 0.17488843538294396 9.345277110796848 6.810994853936136 14.820151612923294 56.466298571965034 37.21248659659759
-7.5 0.22804814958125214 10.120389826644114 7.321879580803215 18.82512069285136 60.51159532256558 39.773836138394316
-7.25 0.30483844950675004 11.076990517946117 7.9447725385800005 23.802147312676336 65.39862946980824 42.888590980213024
-7.0 0.41182599081202187 12.215026967914318 8.732268004387617 29.898198901087337 71.33957789563779 46.5790459146054
-6.75 0.5592688980437274 13.56457764165957 9.666463547304273 37.24748340680897 78.70303908428475 51.00848620742499
-6.5 0.7725546932501421 15.199723975555823 10.823459258176387 46.09563475808996 88.0145044616075 56.65597889689796
-6.25 1.102499947216569 17.240904600814236 12.312360734805464 56.99843011759212 99.97036315638783 64.15129563822687
-6.0 1.6232193702650446 19.846628670419058 14.258672866165638 70.92974671198007 115.47857612140709 74.17745044002261
-5.75 2.425264553572705 23.200349150223357 16.961278766065835 89.08686519605227 135.58556482687985 87.32947081037767
-5.5 3.6220026820314564 27.489795893657753 20.394386638097465 112.44701410118158 161.1689124819942 104.43973881995541
-5.25 5.359873889598737 32.89845009853221 24.665530687436462 141.5287584752716 192.6854785566889 126.06527100027093
-5.0 7.805945145874699 39.59139984652685 30.039932130999862 176.65990471910953 230.35644700588438 152.47079867930935
-4.75 11.1172541484971 47.59140203759927 36.602744164422155 218.60002632227952 274.75047634980916 184.09013769034243
-4.5 15.454404865911211 56.654108358571364 44.14323975267261 269.3663615747767 327.6684281692953 221.5157387620166
-4.25 21.082556020140146 66.47345312004673 52.28878849224746 332.85841366823644 392.934243470236 266.88482122878173
-4.0 28.461983545434336 77.15165250547176 60.706776572674514 414.0079543216067 475.6751985536465 323.01121183823767
-3.75 38.08506301902645 89.2532420644618 69.7205554118529 515.3932163548421 578.824771101087 392.50460243006273
-3.5 50.04364379544336 103.18592527668439 79.9252362846136 633.5929566590272 699.1254905831339 474.23509299323854
-3.25 63.91209901268731 118.77013711421507 91.45722012363375 759.689806956412 827.4236498820617 562.86179251964
-3.0 79.22348384345642 135.43433793011823 105.12023473712057 883.3255663664426 952.9329540809462 651.5144792457912
-10.0 5.680937870070339
n_train: 50 n_features: 44049
Test set RMSE (E): 8.116998245256244 [MAE (E): 5.680937888689339], RMSE (F): 45.932733780467615 [MAE (F): 30.764907890456282]
